---------------------------------------------------------------
[ 2018-10-27T09:46:28+08:00 ] 117.136.81.233 GET 139.59.183.54:8888/
[运行时间：0.048500s] [吞吐率：20.62req/s] [内存消耗：554.42kb] [文件加载：56]
[ info ] [ LANG ] /home/perci/tp/tp5/thinkphp/lang/zh-cn.php
[ info ] [ ROUTE ] array (
)
[ info ] [ HEADER ] array (
  'host' => '139.59.183.54:8888',
  'connection' => 'keep-alive',
  'cache-control' => 'max-age=0',
  'upgrade-insecure-requests' => '1',
  'user-agent' => 'Mozilla/5.0 (Windows NT 10.0; Win64; x64) AppleWebKit/537.36 (KHTML, like Gecko) Chrome/69.0.3497.100 Safari/537.36',
  'accept' => 'text/html,application/xhtml+xml,application/xml;q=0.9,image/webp,image/apng,*/*;q=0.8',
  'accept-encoding' => 'gzip, deflate',
  'accept-language' => 'zh-CN,zh;q=0.9,en;q=0.8',
)
[ info ] [ PARAM ] array (
)
---------------------------------------------------------------
[ 2018-10-27T09:46:35+08:00 ] 117.136.81.233 GET 139.59.183.54:8888/
[运行时间：0.001782s] [吞吐率：561.19req/s] [内存消耗：356.57kb] [文件加载：56]
[ info ] [ LANG ] /home/perci/tp/tp5/thinkphp/lang/zh-cn.php
[ info ] [ ROUTE ] array (
)
[ info ] [ HEADER ] array (
  'host' => '139.59.183.54:8888',
  'connection' => 'keep-alive',
  'cache-control' => 'max-age=0',
  'upgrade-insecure-requests' => '1',
  'user-agent' => 'Mozilla/5.0 (Windows NT 10.0; Win64; x64) AppleWebKit/537.36 (KHTML, like Gecko) Chrome/69.0.3497.100 Safari/537.36',
  'accept' => 'text/html,application/xhtml+xml,application/xml;q=0.9,image/webp,image/apng,*/*;q=0.8',
  'accept-encoding' => 'gzip, deflate',
  'accept-language' => 'zh-CN,zh;q=0.9,en;q=0.8',
)
[ info ] [ PARAM ] array (
)
---------------------------------------------------------------
[ 2018-10-27T09:57:22+08:00 ] 117.136.81.233 GET 139.59.183.54:8888/
[运行时间：0.046369s] [吞吐率：21.57req/s] [内存消耗：554.43kb] [文件加载：56]
[ info ] [ LANG ] /home/perci/tp/tp5/thinkphp/lang/zh-cn.php
[ info ] [ ROUTE ] array (
)
[ info ] [ HEADER ] array (
  'host' => '139.59.183.54:8888',
  'connection' => 'keep-alive',
  'cache-control' => 'max-age=0',
  'upgrade-insecure-requests' => '1',
  'user-agent' => 'Mozilla/5.0 (Windows NT 10.0; Win64; x64) AppleWebKit/537.36 (KHTML, like Gecko) Chrome/69.0.3497.100 Safari/537.36',
  'accept' => 'text/html,application/xhtml+xml,application/xml;q=0.9,image/webp,image/apng,*/*;q=0.8',
  'accept-encoding' => 'gzip, deflate',
  'accept-language' => 'zh-CN,zh;q=0.9,en;q=0.8',
)
[ info ] [ PARAM ] array (
)
---------------------------------------------------------------
[ 2018-10-27T10:00:17+08:00 ] 117.136.81.233 GET 139.59.183.54:8888/
[运行时间：0.002667s] [吞吐率：374.93req/s] [内存消耗：357.13kb] [文件加载：56]
[ info ] [ LANG ] /home/perci/tp/tp5/thinkphp/lang/zh-cn.php
[ info ] [ ROUTE ] array (
)
[ info ] [ HEADER ] array (
  'host' => '139.59.183.54:8888',
  'connection' => 'keep-alive',
  'cache-control' => 'max-age=0',
  'upgrade-insecure-requests' => '1',
  'user-agent' => 'Mozilla/5.0 (Windows NT 10.0; Win64; x64) AppleWebKit/537.36 (KHTML, like Gecko) Chrome/69.0.3497.100 Safari/537.36',
  'accept' => 'text/html,application/xhtml+xml,application/xml;q=0.9,image/webp,image/apng,*/*;q=0.8',
  'accept-encoding' => 'gzip, deflate',
  'accept-language' => 'zh-CN,zh;q=0.9,en;q=0.8',
)
[ info ] [ PARAM ] array (
)
---------------------------------------------------------------
[ 2018-10-27T10:00:33+08:00 ] 117.136.81.233 GET 139.59.183.54:8888/think
[运行时间：0.003578s] [吞吐率：279.49req/s] [内存消耗：262.53kb] [文件加载：46]
[ info ] [ LANG ] /home/perci/tp/tp5/thinkphp/lang/zh-cn.php
[ info ] [ ROUTE ] array (
  'rule' => 'think',
  'route' => 
  Closure::__set_state(array(
  )),
  'option' => 
  array (
    'merge_rule_regex' => false,
  ),
  'var' => 
  array (
  ),
)
[ info ] [ HEADER ] array (
  'host' => '139.59.183.54:8888',
  'connection' => 'keep-alive',
  'upgrade-insecure-requests' => '1',
  'user-agent' => 'Mozilla/5.0 (Windows NT 10.0; Win64; x64) AppleWebKit/537.36 (KHTML, like Gecko) Chrome/69.0.3497.100 Safari/537.36',
  'accept' => 'text/html,application/xhtml+xml,application/xml;q=0.9,image/webp,image/apng,*/*;q=0.8',
  'accept-encoding' => 'gzip, deflate',
  'accept-language' => 'zh-CN,zh;q=0.9,en;q=0.8',
)
[ info ] [ PARAM ] array (
)
---------------------------------------------------------------
[ 2018-10-27T10:00:57+08:00 ] 117.136.81.233 GET 139.59.183.54:8888/think
[运行时间：0.002111s] [吞吐率：473.72req/s] [内存消耗：262.33kb] [文件加载：46]
[ info ] [ LANG ] /home/perci/tp/tp5/thinkphp/lang/zh-cn.php
[ info ] [ ROUTE ] array (
  'rule' => 'think',
  'route' => 
  Closure::__set_state(array(
  )),
  'option' => 
  array (
    'merge_rule_regex' => false,
  ),
  'var' => 
  array (
  ),
)
[ info ] [ HEADER ] array (
  'host' => '139.59.183.54:8888',
  'connection' => 'keep-alive',
  'cache-control' => 'max-age=0',
  'upgrade-insecure-requests' => '1',
  'user-agent' => 'Mozilla/5.0 (Windows NT 10.0; Win64; x64) AppleWebKit/537.36 (KHTML, like Gecko) Chrome/69.0.3497.100 Safari/537.36',
  'accept' => 'text/html,application/xhtml+xml,application/xml;q=0.9,image/webp,image/apng,*/*;q=0.8',
  'accept-encoding' => 'gzip, deflate',
  'accept-language' => 'zh-CN,zh;q=0.9,en;q=0.8',
)
[ info ] [ PARAM ] array (
)
---------------------------------------------------------------
[ 2018-10-27T10:01:06+08:00 ] 117.136.81.233 GET 139.59.183.54:8888/la
[运行时间：0.008338s] [吞吐率：119.93req/s] [内存消耗：247.16kb] [文件加载：50]
[ info ] [ LANG ] /home/perci/tp/tp5/thinkphp/lang/zh-cn.php
---------------------------------------------------------------
[ 2018-10-27T10:01:12+08:00 ] 117.136.81.233 GET 139.59.183.54:8888/name/la
[运行时间：0.001898s] [吞吐率：526.86req/s] [内存消耗：245.73kb] [文件加载：50]
[ info ] [ LANG ] /home/perci/tp/tp5/thinkphp/lang/zh-cn.php
---------------------------------------------------------------
[ 2018-10-27T10:01:25+08:00 ] 117.136.81.233 GET 139.59.183.54:8888/hello/la
[运行时间：0.002894s] [吞吐率：345.55req/s] [内存消耗：356.59kb] [文件加载：56]
[ info ] [ LANG ] /home/perci/tp/tp5/thinkphp/lang/zh-cn.php
[ info ] [ ROUTE ] array (
  'rule' => 'hello/<name>',
  'route' => 'index/hello',
  'option' => 
  array (
    'merge_rule_regex' => false,
  ),
  'var' => 
  array (
    'name' => 'la',
  ),
)
[ info ] [ HEADER ] array (
  'host' => '139.59.183.54:8888',
  'connection' => 'keep-alive',
  'upgrade-insecure-requests' => '1',
  'user-agent' => 'Mozilla/5.0 (Windows NT 10.0; Win64; x64) AppleWebKit/537.36 (KHTML, like Gecko) Chrome/69.0.3497.100 Safari/537.36',
  'accept' => 'text/html,application/xhtml+xml,application/xml;q=0.9,image/webp,image/apng,*/*;q=0.8',
  'accept-encoding' => 'gzip, deflate',
  'accept-language' => 'zh-CN,zh;q=0.9,en;q=0.8',
)
[ info ] [ PARAM ] array (
  'name' => 'la',
)
---------------------------------------------------------------
[ 2018-10-27T10:02:35+08:00 ] 117.136.81.233 GET 139.59.183.54:8888/hello/la
[运行时间：0.002334s] [吞吐率：428.43req/s] [内存消耗：356.92kb] [文件加载：55]
[ info ] [ LANG ] /home/perci/tp/tp5/thinkphp/lang/zh-cn.php
[ info ] [ ROUTE ] array (
  'rule' => 'hello/<name>',
  'route' => 'index/hello',
  'option' => 
  array (
    'merge_rule_regex' => false,
  ),
  'var' => 
  array (
    'name' => 'la',
  ),
)
[ info ] [ HEADER ] array (
  'host' => '139.59.183.54:8888',
  'connection' => 'keep-alive',
  'cache-control' => 'max-age=0',
  'upgrade-insecure-requests' => '1',
  'user-agent' => 'Mozilla/5.0 (Windows NT 10.0; Win64; x64) AppleWebKit/537.36 (KHTML, like Gecko) Chrome/69.0.3497.100 Safari/537.36',
  'accept' => 'text/html,application/xhtml+xml,application/xml;q=0.9,image/webp,image/apng,*/*;q=0.8',
  'accept-encoding' => 'gzip, deflate',
  'accept-language' => 'zh-CN,zh;q=0.9,en;q=0.8',
)
[ info ] [ PARAM ] array (
  'name' => 'la',
)
---------------------------------------------------------------
[ 2018-10-27T10:02:38+08:00 ] 117.136.81.233 GET 139.59.183.54:8888/hello/la
[运行时间：0.002072s] [吞吐率：482.60req/s] [内存消耗：356.92kb] [文件加载：55]
[ info ] [ LANG ] /home/perci/tp/tp5/thinkphp/lang/zh-cn.php
[ info ] [ ROUTE ] array (
  'rule' => 'hello/<name>',
  'route' => 'index/hello',
  'option' => 
  array (
    'merge_rule_regex' => false,
  ),
  'var' => 
  array (
    'name' => 'la',
  ),
)
[ info ] [ HEADER ] array (
  'host' => '139.59.183.54:8888',
  'connection' => 'keep-alive',
  'cache-control' => 'max-age=0',
  'upgrade-insecure-requests' => '1',
  'user-agent' => 'Mozilla/5.0 (Windows NT 10.0; Win64; x64) AppleWebKit/537.36 (KHTML, like Gecko) Chrome/69.0.3497.100 Safari/537.36',
  'accept' => 'text/html,application/xhtml+xml,application/xml;q=0.9,image/webp,image/apng,*/*;q=0.8',
  'accept-encoding' => 'gzip, deflate',
  'accept-language' => 'zh-CN,zh;q=0.9,en;q=0.8',
)
[ info ] [ PARAM ] array (
  'name' => 'la',
)
---------------------------------------------------------------
[ 2018-10-27T10:03:20+08:00 ] 117.136.81.233 GET 139.59.183.54:8888/think
[运行时间：0.002110s] [吞吐率：473.93req/s] [内存消耗：261.38kb] [文件加载：45]
[ info ] [ LANG ] /home/perci/tp/tp5/thinkphp/lang/zh-cn.php
[ info ] [ ROUTE ] array (
  'rule' => 'think',
  'route' => 
  Closure::__set_state(array(
  )),
  'option' => 
  array (
    'merge_rule_regex' => false,
  ),
  'var' => 
  array (
  ),
)
[ info ] [ HEADER ] array (
  'host' => '139.59.183.54:8888',
  'connection' => 'keep-alive',
  'upgrade-insecure-requests' => '1',
  'user-agent' => 'Mozilla/5.0 (Windows NT 10.0; Win64; x64) AppleWebKit/537.36 (KHTML, like Gecko) Chrome/69.0.3497.100 Safari/537.36',
  'accept' => 'text/html,application/xhtml+xml,application/xml;q=0.9,image/webp,image/apng,*/*;q=0.8',
  'accept-encoding' => 'gzip, deflate',
  'accept-language' => 'zh-CN,zh;q=0.9,en;q=0.8',
)
[ info ] [ PARAM ] array (
)
---------------------------------------------------------------
[ 2018-10-27T10:09:16+08:00 ] 117.136.81.233 GET 139.59.183.54:8888/index/hello
[运行时间：0.006045s] [吞吐率：165.42req/s] [内存消耗：345.26kb] [文件加载：59]
[ info ] [ LANG ] /home/perci/tp/tp5/thinkphp/lang/zh-cn.php
[ info ] [ ROUTE ] array (
)
[ info ] [ HEADER ] array (
  'host' => '139.59.183.54:8888',
  'connection' => 'keep-alive',
  'upgrade-insecure-requests' => '1',
  'user-agent' => 'Mozilla/5.0 (Windows NT 10.0; Win64; x64) AppleWebKit/537.36 (KHTML, like Gecko) Chrome/69.0.3497.100 Safari/537.36',
  'accept' => 'text/html,application/xhtml+xml,application/xml;q=0.9,image/webp,image/apng,*/*;q=0.8',
  'accept-encoding' => 'gzip, deflate',
  'accept-language' => 'zh-CN,zh;q=0.9,en;q=0.8',
)
[ info ] [ PARAM ] array (
)
[ error ] [0]语法解析错误: syntax error, unexpected 'class' (T_CLASS), expecting function (T_FUNCTION) or const (T_CONST)[/home/perci/tp/tp5/application/index/controller/Hello.php:9]
---------------------------------------------------------------
[ 2018-10-27T10:09:24+08:00 ] 117.136.81.233 GET 139.59.183.54:8888/hello/index
[运行时间：0.002102s] [吞吐率：475.76req/s] [内存消耗：356.61kb] [文件加载：55]
[ info ] [ LANG ] /home/perci/tp/tp5/thinkphp/lang/zh-cn.php
[ info ] [ ROUTE ] array (
  'rule' => 'hello/<name>',
  'route' => 'index/hello',
  'option' => 
  array (
    'merge_rule_regex' => false,
  ),
  'var' => 
  array (
    'name' => 'index',
  ),
)
[ info ] [ HEADER ] array (
  'host' => '139.59.183.54:8888',
  'connection' => 'keep-alive',
  'upgrade-insecure-requests' => '1',
  'user-agent' => 'Mozilla/5.0 (Windows NT 10.0; Win64; x64) AppleWebKit/537.36 (KHTML, like Gecko) Chrome/69.0.3497.100 Safari/537.36',
  'accept' => 'text/html,application/xhtml+xml,application/xml;q=0.9,image/webp,image/apng,*/*;q=0.8',
  'accept-encoding' => 'gzip, deflate',
  'accept-language' => 'zh-CN,zh;q=0.9,en;q=0.8',
)
[ info ] [ PARAM ] array (
  'name' => 'index',
)
---------------------------------------------------------------
[ 2018-10-27T10:09:53+08:00 ] 117.136.81.233 GET 139.59.183.54:8888/Hello/index
[运行时间：0.002856s] [吞吐率：350.14req/s] [内存消耗：245.74kb] [文件加载：49]
[ info ] [ LANG ] /home/perci/tp/tp5/thinkphp/lang/zh-cn.php
---------------------------------------------------------------
[ 2018-10-27T10:10:00+08:00 ] 117.136.81.233 GET 139.59.183.54:8888/index/Hello/index
[运行时间：0.002634s] [吞吐率：379.68req/s] [内存消耗：345.02kb] [文件加载：59]
[ info ] [ LANG ] /home/perci/tp/tp5/thinkphp/lang/zh-cn.php
[ info ] [ ROUTE ] array (
)
[ info ] [ HEADER ] array (
  'host' => '139.59.183.54:8888',
  'connection' => 'keep-alive',
  'upgrade-insecure-requests' => '1',
  'user-agent' => 'Mozilla/5.0 (Windows NT 10.0; Win64; x64) AppleWebKit/537.36 (KHTML, like Gecko) Chrome/69.0.3497.100 Safari/537.36',
  'accept' => 'text/html,application/xhtml+xml,application/xml;q=0.9,image/webp,image/apng,*/*;q=0.8',
  'accept-encoding' => 'gzip, deflate',
  'accept-language' => 'zh-CN,zh;q=0.9,en;q=0.8',
)
[ info ] [ PARAM ] array (
)
[ error ] [0]语法解析错误: syntax error, unexpected 'class' (T_CLASS), expecting function (T_FUNCTION) or const (T_CONST)[/home/perci/tp/tp5/application/index/controller/Hello.php:9]
---------------------------------------------------------------
[ 2018-10-27T10:10:05+08:00 ] 117.136.81.233 GET 139.59.183.54:8888/index/Hello/
[运行时间：0.002876s] [吞吐率：347.70req/s] [内存消耗：344.98kb] [文件加载：59]
[ info ] [ LANG ] /home/perci/tp/tp5/thinkphp/lang/zh-cn.php
[ info ] [ ROUTE ] array (
)
[ info ] [ HEADER ] array (
  'host' => '139.59.183.54:8888',
  'connection' => 'keep-alive',
  'upgrade-insecure-requests' => '1',
  'user-agent' => 'Mozilla/5.0 (Windows NT 10.0; Win64; x64) AppleWebKit/537.36 (KHTML, like Gecko) Chrome/69.0.3497.100 Safari/537.36',
  'accept' => 'text/html,application/xhtml+xml,application/xml;q=0.9,image/webp,image/apng,*/*;q=0.8',
  'accept-encoding' => 'gzip, deflate',
  'accept-language' => 'zh-CN,zh;q=0.9,en;q=0.8',
)
[ info ] [ PARAM ] array (
)
[ error ] [0]语法解析错误: syntax error, unexpected 'class' (T_CLASS), expecting function (T_FUNCTION) or const (T_CONST)[/home/perci/tp/tp5/application/index/controller/Hello.php:9]
---------------------------------------------------------------
[ 2018-10-27T10:10:32+08:00 ] 117.136.81.233 GET 139.59.183.54:8888/index/Hello/
[运行时间：0.003187s] [吞吐率：313.78req/s] [内存消耗：345.43kb] [文件加载：59]
[ info ] [ LANG ] /home/perci/tp/tp5/thinkphp/lang/zh-cn.php
[ info ] [ ROUTE ] array (
)
[ info ] [ HEADER ] array (
  'host' => '139.59.183.54:8888',
  'connection' => 'keep-alive',
  'cache-control' => 'max-age=0',
  'upgrade-insecure-requests' => '1',
  'user-agent' => 'Mozilla/5.0 (Windows NT 10.0; Win64; x64) AppleWebKit/537.36 (KHTML, like Gecko) Chrome/69.0.3497.100 Safari/537.36',
  'accept' => 'text/html,application/xhtml+xml,application/xml;q=0.9,image/webp,image/apng,*/*;q=0.8',
  'accept-encoding' => 'gzip, deflate',
  'accept-language' => 'zh-CN,zh;q=0.9,en;q=0.8',
)
[ info ] [ PARAM ] array (
)
[ error ] [0]语法解析错误: syntax error, unexpected 'class' (T_CLASS), expecting function (T_FUNCTION) or const (T_CONST)[/home/perci/tp/tp5/application/index/controller/Hello.php:9]
---------------------------------------------------------------
[ 2018-10-27T10:10:35+08:00 ] 117.136.81.233 GET 139.59.183.54:8888/index/Hello/
[运行时间：0.002765s] [吞吐率：361.64req/s] [内存消耗：345.43kb] [文件加载：59]
[ info ] [ LANG ] /home/perci/tp/tp5/thinkphp/lang/zh-cn.php
[ info ] [ ROUTE ] array (
)
[ info ] [ HEADER ] array (
  'host' => '139.59.183.54:8888',
  'connection' => 'keep-alive',
  'cache-control' => 'max-age=0',
  'upgrade-insecure-requests' => '1',
  'user-agent' => 'Mozilla/5.0 (Windows NT 10.0; Win64; x64) AppleWebKit/537.36 (KHTML, like Gecko) Chrome/69.0.3497.100 Safari/537.36',
  'accept' => 'text/html,application/xhtml+xml,application/xml;q=0.9,image/webp,image/apng,*/*;q=0.8',
  'accept-encoding' => 'gzip, deflate',
  'accept-language' => 'zh-CN,zh;q=0.9,en;q=0.8',
)
[ info ] [ PARAM ] array (
)
[ error ] [0]语法解析错误: syntax error, unexpected 'class' (T_CLASS), expecting function (T_FUNCTION) or const (T_CONST)[/home/perci/tp/tp5/application/index/controller/Hello.php:9]
---------------------------------------------------------------
[ 2018-10-27T10:11:23+08:00 ] 117.136.81.233 GET 139.59.183.54:8888/index/Hello/
[运行时间：0.005731s] [吞吐率：174.49req/s] [内存消耗：361.81kb] [文件加载：58]
[ info ] [ LANG ] /home/perci/tp/tp5/thinkphp/lang/zh-cn.php
[ info ] [ ROUTE ] array (
)
[ info ] [ HEADER ] array (
  'host' => '139.59.183.54:8888',
  'connection' => 'keep-alive',
  'cache-control' => 'max-age=0',
  'upgrade-insecure-requests' => '1',
  'user-agent' => 'Mozilla/5.0 (Windows NT 10.0; Win64; x64) AppleWebKit/537.36 (KHTML, like Gecko) Chrome/69.0.3497.100 Safari/537.36',
  'accept' => 'text/html,application/xhtml+xml,application/xml;q=0.9,image/webp,image/apng,*/*;q=0.8',
  'accept-encoding' => 'gzip, deflate',
  'accept-language' => 'zh-CN,zh;q=0.9,en;q=0.8',
)
[ info ] [ PARAM ] array (
)
---------------------------------------------------------------
[ 2018-10-27T10:11:34+08:00 ] 117.136.81.233 GET 139.59.183.54:8888/index/Hello/
[运行时间：0.002485s] [吞吐率：402.41req/s] [内存消耗：360.53kb] [文件加载：58]
[ info ] [ LANG ] /home/perci/tp/tp5/thinkphp/lang/zh-cn.php
[ info ] [ ROUTE ] array (
)
[ info ] [ HEADER ] array (
  'host' => '139.59.183.54:8888',
  'connection' => 'keep-alive',
  'cache-control' => 'max-age=0',
  'upgrade-insecure-requests' => '1',
  'user-agent' => 'Mozilla/5.0 (Windows NT 10.0; Win64; x64) AppleWebKit/537.36 (KHTML, like Gecko) Chrome/69.0.3497.100 Safari/537.36',
  'accept' => 'text/html,application/xhtml+xml,application/xml;q=0.9,image/webp,image/apng,*/*;q=0.8',
  'accept-encoding' => 'gzip, deflate',
  'accept-language' => 'zh-CN,zh;q=0.9,en;q=0.8',
)
[ info ] [ PARAM ] array (
)
---------------------------------------------------------------
[ 2018-10-27T10:13:15+08:00 ] 117.136.81.233 GET 139.59.183.54:8888/hello
[运行时间：0.002706s] [吞吐率：369.54req/s] [内存消耗：361.52kb] [文件加载：57]
[ info ] [ LANG ] /home/perci/tp/tp5/thinkphp/lang/zh-cn.php
[ info ] [ ROUTE ] array (
  'rule' => 'hello',
  'route' => 'Hello/index',
  'option' => 
  array (
    'merge_rule_regex' => false,
  ),
  'var' => 
  array (
  ),
)
[ info ] [ HEADER ] array (
  'host' => '139.59.183.54:8888',
  'connection' => 'keep-alive',
  'upgrade-insecure-requests' => '1',
  'user-agent' => 'Mozilla/5.0 (Windows NT 10.0; Win64; x64) AppleWebKit/537.36 (KHTML, like Gecko) Chrome/69.0.3497.100 Safari/537.36',
  'accept' => 'text/html,application/xhtml+xml,application/xml;q=0.9,image/webp,image/apng,*/*;q=0.8',
  'accept-encoding' => 'gzip, deflate',
  'accept-language' => 'zh-CN,zh;q=0.9,en;q=0.8',
)
[ info ] [ PARAM ] array (
)
---------------------------------------------------------------
[ 2018-10-27T10:20:35+08:00 ] 223.104.20.113 GET 139.59.183.54:8888/
[运行时间：0.004337s] [吞吐率：230.57req/s] [内存消耗：347.59kb] [文件加载：60]
[ info ] [ LANG ] /home/perci/tp/tp5/thinkphp/lang/zh-cn.php
[ info ] [ ROUTE ] array (
)
[ info ] [ HEADER ] array (
  'host' => '139.59.183.54:8888',
  'connection' => 'keep-alive',
  'upgrade-insecure-requests' => '1',
  'user-agent' => 'Mozilla/5.0 (Windows NT 10.0; Win64; x64) AppleWebKit/537.36 (KHTML, like Gecko) Chrome/69.0.3497.100 Safari/537.36',
  'accept' => 'text/html,application/xhtml+xml,application/xml;q=0.9,image/webp,image/apng,*/*;q=0.8',
  'accept-encoding' => 'gzip, deflate',
  'accept-language' => 'zh-CN,zh;q=0.9,en;q=0.8',
)
[ info ] [ PARAM ] array (
)
[ error ] [0]致命错误: Call to undefined method app\index\controller\Index::fetch()[/home/perci/tp/tp5/application/index/controller/Index.php:8]
---------------------------------------------------------------
[ 2018-10-27T10:22:34+08:00 ] 223.104.20.113 GET 139.59.183.54:8888/
[运行时间：0.012809s] [吞吐率：78.07req/s] [内存消耗：368.59kb] [文件加载：61]
[ info ] [ LANG ] /home/perci/tp/tp5/thinkphp/lang/zh-cn.php
[ info ] [ ROUTE ] array (
)
[ info ] [ HEADER ] array (
  'host' => '139.59.183.54:8888',
  'connection' => 'keep-alive',
  'cache-control' => 'max-age=0',
  'upgrade-insecure-requests' => '1',
  'user-agent' => 'Mozilla/5.0 (Windows NT 10.0; Win64; x64) AppleWebKit/537.36 (KHTML, like Gecko) Chrome/69.0.3497.100 Safari/537.36',
  'accept' => 'text/html,application/xhtml+xml,application/xml;q=0.9,image/webp,image/apng,*/*;q=0.8',
  'accept-encoding' => 'gzip, deflate',
  'accept-language' => 'zh-CN,zh;q=0.9,en;q=0.8',
)
[ info ] [ PARAM ] array (
)
[ info ] [ VIEW ] /home/perci/tp/tp5/application/index/view/index/index.html [ array (
) ]
---------------------------------------------------------------
[ 2018-10-27T10:23:35+08:00 ] 223.104.20.113 GET 139.59.183.54:8888/
[运行时间：0.004120s] [吞吐率：242.73req/s] [内存消耗：367.68kb] [文件加载：61]
[ info ] [ LANG ] /home/perci/tp/tp5/thinkphp/lang/zh-cn.php
[ info ] [ ROUTE ] array (
)
[ info ] [ HEADER ] array (
  'host' => '139.59.183.54:8888',
  'connection' => 'keep-alive',
  'cache-control' => 'max-age=0',
  'upgrade-insecure-requests' => '1',
  'user-agent' => 'Mozilla/5.0 (Windows NT 10.0; Win64; x64) AppleWebKit/537.36 (KHTML, like Gecko) Chrome/69.0.3497.100 Safari/537.36',
  'accept' => 'text/html,application/xhtml+xml,application/xml;q=0.9,image/webp,image/apng,*/*;q=0.8',
  'accept-encoding' => 'gzip, deflate',
  'accept-language' => 'zh-CN,zh;q=0.9,en;q=0.8',
)
[ info ] [ PARAM ] array (
)
[ info ] [ VIEW ] /home/perci/tp/tp5/application/index/view/index/index.html [ array (
) ]
---------------------------------------------------------------
[ 2018-10-27T10:28:20+08:00 ] 223.104.20.113 GET 139.59.183.54:8888/
[运行时间：0.004021s] [吞吐率：248.68req/s] [内存消耗：367.93kb] [文件加载：61]
[ info ] [ LANG ] /home/perci/tp/tp5/thinkphp/lang/zh-cn.php
[ info ] [ ROUTE ] array (
)
[ info ] [ HEADER ] array (
  'host' => '139.59.183.54:8888',
  'connection' => 'keep-alive',
  'cache-control' => 'max-age=0',
  'upgrade-insecure-requests' => '1',
  'user-agent' => 'Mozilla/5.0 (Windows NT 10.0; Win64; x64) AppleWebKit/537.36 (KHTML, like Gecko) Chrome/69.0.3497.100 Safari/537.36',
  'accept' => 'text/html,application/xhtml+xml,application/xml;q=0.9,image/webp,image/apng,*/*;q=0.8',
  'accept-encoding' => 'gzip, deflate',
  'accept-language' => 'zh-CN,zh;q=0.9,en;q=0.8',
)
[ info ] [ PARAM ] array (
)
[ info ] [ VIEW ] /home/perci/tp/tp5/application/index/view/index/index.html [ array (
) ]
---------------------------------------------------------------
[ 2018-10-27T10:31:27+08:00 ] 223.104.20.113 GET 139.59.183.54:8888/
[运行时间：0.003035s] [吞吐率：329.51req/s] [内存消耗：368.18kb] [文件加载：61]
[ info ] [ LANG ] /home/perci/tp/tp5/thinkphp/lang/zh-cn.php
[ info ] [ ROUTE ] array (
)
[ info ] [ HEADER ] array (
  'host' => '139.59.183.54:8888',
  'connection' => 'keep-alive',
  'cache-control' => 'max-age=0',
  'upgrade-insecure-requests' => '1',
  'user-agent' => 'Mozilla/5.0 (Windows NT 10.0; Win64; x64) AppleWebKit/537.36 (KHTML, like Gecko) Chrome/69.0.3497.100 Safari/537.36',
  'accept' => 'text/html,application/xhtml+xml,application/xml;q=0.9,image/webp,image/apng,*/*;q=0.8',
  'accept-encoding' => 'gzip, deflate',
  'accept-language' => 'zh-CN,zh;q=0.9,en;q=0.8',
)
[ info ] [ PARAM ] array (
)
[ info ] [ VIEW ] /home/perci/tp/tp5/application/index/view/index/index.html [ array (
) ]
---------------------------------------------------------------
[ 2018-10-27T10:32:10+08:00 ] 223.104.20.113 GET 139.59.183.54:8888/
[运行时间：0.002642s] [吞吐率：378.48req/s] [内存消耗：368.55kb] [文件加载：61]
[ info ] [ LANG ] /home/perci/tp/tp5/thinkphp/lang/zh-cn.php
[ info ] [ ROUTE ] array (
)
[ info ] [ HEADER ] array (
  'host' => '139.59.183.54:8888',
  'connection' => 'keep-alive',
  'cache-control' => 'max-age=0',
  'upgrade-insecure-requests' => '1',
  'user-agent' => 'Mozilla/5.0 (Windows NT 10.0; Win64; x64) AppleWebKit/537.36 (KHTML, like Gecko) Chrome/69.0.3497.100 Safari/537.36',
  'accept' => 'text/html,application/xhtml+xml,application/xml;q=0.9,image/webp,image/apng,*/*;q=0.8',
  'accept-encoding' => 'gzip, deflate',
  'accept-language' => 'zh-CN,zh;q=0.9,en;q=0.8',
)
[ info ] [ PARAM ] array (
)
[ info ] [ VIEW ] /home/perci/tp/tp5/application/index/view/index/index.html [ array (
) ]
---------------------------------------------------------------
[ 2018-10-27T10:33:50+08:00 ] 223.104.20.113 GET 139.59.183.54:8888/
[运行时间：0.003420s] [吞吐率：292.41req/s] [内存消耗：368.80kb] [文件加载：61]
[ info ] [ LANG ] /home/perci/tp/tp5/thinkphp/lang/zh-cn.php
[ info ] [ ROUTE ] array (
)
[ info ] [ HEADER ] array (
  'host' => '139.59.183.54:8888',
  'connection' => 'keep-alive',
  'cache-control' => 'max-age=0',
  'upgrade-insecure-requests' => '1',
  'user-agent' => 'Mozilla/5.0 (Windows NT 10.0; Win64; x64) AppleWebKit/537.36 (KHTML, like Gecko) Chrome/69.0.3497.100 Safari/537.36',
  'accept' => 'text/html,application/xhtml+xml,application/xml;q=0.9,image/webp,image/apng,*/*;q=0.8',
  'accept-encoding' => 'gzip, deflate',
  'accept-language' => 'zh-CN,zh;q=0.9,en;q=0.8',
)
[ info ] [ PARAM ] array (
)
[ info ] [ VIEW ] /home/perci/tp/tp5/application/index/view/index/index.html [ array (
) ]
---------------------------------------------------------------
[ 2018-10-27T10:37:22+08:00 ] 223.104.20.113 GET 139.59.183.54:8888/
[运行时间：0.002568s] [吞吐率：389.41req/s] [内存消耗：363.09kb] [文件加载：59]
[ info ] [ LANG ] /home/perci/tp/tp5/thinkphp/lang/zh-cn.php
[ info ] [ ROUTE ] array (
)
[ info ] [ HEADER ] array (
  'host' => '139.59.183.54:8888',
  'connection' => 'keep-alive',
  'upgrade-insecure-requests' => '1',
  'user-agent' => 'Mozilla/5.0 (Windows NT 10.0; Win64; x64) AppleWebKit/537.36 (KHTML, like Gecko) Chrome/69.0.3497.100 Safari/537.36',
  'accept' => 'text/html,application/xhtml+xml,application/xml;q=0.9,image/webp,image/apng,*/*;q=0.8',
  'accept-encoding' => 'gzip, deflate',
  'accept-language' => 'zh-CN,zh;q=0.9,en;q=0.8',
)
[ info ] [ PARAM ] array (
)
[ info ] [ VIEW ] /home/perci/tp/tp5/application/index/view/index/index.html [ array (
) ]
---------------------------------------------------------------
[ 2018-10-27T10:42:22+08:00 ] 223.104.20.113 GET 139.59.183.54:8888/
[运行时间：0.002235s] [吞吐率：447.39req/s] [内存消耗：363.01kb] [文件加载：59]
[ info ] [ LANG ] /home/perci/tp/tp5/thinkphp/lang/zh-cn.php
[ info ] [ ROUTE ] array (
)
[ info ] [ HEADER ] array (
  'host' => '139.59.183.54:8888',
  'connection' => 'keep-alive',
  'cache-control' => 'max-age=0',
  'upgrade-insecure-requests' => '1',
  'user-agent' => 'Mozilla/5.0 (Windows NT 10.0; Win64; x64) AppleWebKit/537.36 (KHTML, like Gecko) Chrome/69.0.3497.100 Safari/537.36',
  'accept' => 'text/html,application/xhtml+xml,application/xml;q=0.9,image/webp,image/apng,*/*;q=0.8',
  'accept-encoding' => 'gzip, deflate',
  'accept-language' => 'zh-CN,zh;q=0.9,en;q=0.8',
)
[ info ] [ PARAM ] array (
)
[ info ] [ VIEW ] /home/perci/tp/tp5/application/index/view/index/index.html [ array (
) ]
---------------------------------------------------------------
[ 2018-10-27T10:42:28+08:00 ] 223.104.20.113 GET 139.59.183.54:8888/
[运行时间：0.002040s] [吞吐率：490.22req/s] [内存消耗：363.01kb] [文件加载：59]
[ info ] [ LANG ] /home/perci/tp/tp5/thinkphp/lang/zh-cn.php
[ info ] [ ROUTE ] array (
)
[ info ] [ HEADER ] array (
  'host' => '139.59.183.54:8888',
  'connection' => 'keep-alive',
  'cache-control' => 'max-age=0',
  'upgrade-insecure-requests' => '1',
  'user-agent' => 'Mozilla/5.0 (Windows NT 10.0; Win64; x64) AppleWebKit/537.36 (KHTML, like Gecko) Chrome/69.0.3497.100 Safari/537.36',
  'accept' => 'text/html,application/xhtml+xml,application/xml;q=0.9,image/webp,image/apng,*/*;q=0.8',
  'accept-encoding' => 'gzip, deflate',
  'accept-language' => 'zh-CN,zh;q=0.9,en;q=0.8',
)
[ info ] [ PARAM ] array (
)
[ info ] [ VIEW ] /home/perci/tp/tp5/application/index/view/index/index.html [ array (
) ]
---------------------------------------------------------------
[ 2018-10-27T10:49:09+08:00 ] 223.104.20.113 GET 139.59.183.54:8888/
[运行时间：0.003236s] [吞吐率：309.02req/s] [内存消耗：363.01kb] [文件加载：59]
[ info ] [ LANG ] /home/perci/tp/tp5/thinkphp/lang/zh-cn.php
[ info ] [ ROUTE ] array (
)
[ info ] [ HEADER ] array (
  'host' => '139.59.183.54:8888',
  'connection' => 'keep-alive',
  'cache-control' => 'max-age=0',
  'upgrade-insecure-requests' => '1',
  'user-agent' => 'Mozilla/5.0 (Windows NT 10.0; Win64; x64) AppleWebKit/537.36 (KHTML, like Gecko) Chrome/69.0.3497.100 Safari/537.36',
  'accept' => 'text/html,application/xhtml+xml,application/xml;q=0.9,image/webp,image/apng,*/*;q=0.8',
  'accept-encoding' => 'gzip, deflate',
  'accept-language' => 'zh-CN,zh;q=0.9,en;q=0.8',
)
[ info ] [ PARAM ] array (
)
[ info ] [ VIEW ] /home/perci/tp/tp5/application/index/view/index/index.html [ array (
) ]
---------------------------------------------------------------
[ 2018-10-27T11:05:22+08:00 ] 223.104.20.113 GET 139.59.183.54:8888/
[运行时间：0.005929s] [吞吐率：168.66req/s] [内存消耗：363.38kb] [文件加载：59]
[ info ] [ LANG ] /home/perci/tp/tp5/thinkphp/lang/zh-cn.php
[ info ] [ ROUTE ] array (
)
[ info ] [ HEADER ] array (
  'host' => '139.59.183.54:8888',
  'connection' => 'keep-alive',
  'cache-control' => 'max-age=0',
  'upgrade-insecure-requests' => '1',
  'user-agent' => 'Mozilla/5.0 (Windows NT 10.0; Win64; x64) AppleWebKit/537.36 (KHTML, like Gecko) Chrome/69.0.3497.100 Safari/537.36',
  'accept' => 'text/html,application/xhtml+xml,application/xml;q=0.9,image/webp,image/apng,*/*;q=0.8',
  'accept-encoding' => 'gzip, deflate',
  'accept-language' => 'zh-CN,zh;q=0.9,en;q=0.8',
)
[ info ] [ PARAM ] array (
)
[ info ] [ VIEW ] /home/perci/tp/tp5/application/index/view/index/index.html [ array (
) ]
---------------------------------------------------------------
[ 2018-10-27T11:05:28+08:00 ] 223.104.20.113 GET 139.59.183.54:8888/blog/1
[运行时间：0.002752s] [吞吐率：363.39req/s] [内存消耗：247.52kb] [文件加载：49]
[ info ] [ LANG ] /home/perci/tp/tp5/thinkphp/lang/zh-cn.php
---------------------------------------------------------------
[ 2018-10-27T11:05:43+08:00 ] 223.104.20.113 GET 139.59.183.54:8888/index/blog/1
[运行时间：0.002846s] [吞吐率：351.37req/s] [内存消耗：350.81kb] [文件加载：62]
[ info ] [ LANG ] /home/perci/tp/tp5/thinkphp/lang/zh-cn.php
[ info ] [ ROUTE ] array (
)
[ info ] [ HEADER ] array (
  'host' => '139.59.183.54:8888',
  'connection' => 'keep-alive',
  'upgrade-insecure-requests' => '1',
  'user-agent' => 'Mozilla/5.0 (Windows NT 10.0; Win64; x64) AppleWebKit/537.36 (KHTML, like Gecko) Chrome/69.0.3497.100 Safari/537.36',
  'accept' => 'text/html,application/xhtml+xml,application/xml;q=0.9,image/webp,image/apng,*/*;q=0.8',
  'accept-encoding' => 'gzip, deflate',
  'accept-language' => 'zh-CN,zh;q=0.9,en;q=0.8',
)
[ info ] [ PARAM ] array (
)
---------------------------------------------------------------
[ 2018-10-27T11:06:46+08:00 ] 223.104.20.113 GET 139.59.183.54:8888/index/blog/read/1
[运行时间：0.002829s] [吞吐率：353.47req/s] [内存消耗：349.78kb] [文件加载：61]
[ info ] [ LANG ] /home/perci/tp/tp5/thinkphp/lang/zh-cn.php
[ info ] [ ROUTE ] array (
)
[ info ] [ HEADER ] array (
  'host' => '139.59.183.54:8888',
  'connection' => 'keep-alive',
  'upgrade-insecure-requests' => '1',
  'user-agent' => 'Mozilla/5.0 (Windows NT 10.0; Win64; x64) AppleWebKit/537.36 (KHTML, like Gecko) Chrome/69.0.3497.100 Safari/537.36',
  'accept' => 'text/html,application/xhtml+xml,application/xml;q=0.9,image/webp,image/apng,*/*;q=0.8',
  'accept-encoding' => 'gzip, deflate',
  'accept-language' => 'zh-CN,zh;q=0.9,en;q=0.8',
)
[ info ] [ PARAM ] array (
)
[ error ] [0]方法参数错误:id[/home/perci/tp/tp5/thinkphp/library/think/Container.php:480]
---------------------------------------------------------------
[ 2018-10-27T11:08:22+08:00 ] 223.104.20.113 GET 139.59.183.54:8888/index/blog/read/1
[运行时间：0.003811s] [吞吐率：262.41req/s] [内存消耗：350.23kb] [文件加载：61]
[ info ] [ LANG ] /home/perci/tp/tp5/thinkphp/lang/zh-cn.php
[ info ] [ ROUTE ] array (
)
[ info ] [ HEADER ] array (
  'host' => '139.59.183.54:8888',
  'connection' => 'keep-alive',
  'cache-control' => 'max-age=0',
  'upgrade-insecure-requests' => '1',
  'user-agent' => 'Mozilla/5.0 (Windows NT 10.0; Win64; x64) AppleWebKit/537.36 (KHTML, like Gecko) Chrome/69.0.3497.100 Safari/537.36',
  'accept' => 'text/html,application/xhtml+xml,application/xml;q=0.9,image/webp,image/apng,*/*;q=0.8',
  'accept-encoding' => 'gzip, deflate',
  'accept-language' => 'zh-CN,zh;q=0.9,en;q=0.8',
)
[ info ] [ PARAM ] array (
)
[ error ] [0]方法参数错误:id[/home/perci/tp/tp5/thinkphp/library/think/Container.php:480]
---------------------------------------------------------------
[ 2018-10-27T11:08:48+08:00 ] 223.104.20.113 GET 139.59.183.54:8888/index/blog/read/100
[运行时间：0.003834s] [吞吐率：260.82req/s] [内存消耗：349.78kb] [文件加载：61]
[ info ] [ LANG ] /home/perci/tp/tp5/thinkphp/lang/zh-cn.php
[ info ] [ ROUTE ] array (
)
[ info ] [ HEADER ] array (
  'host' => '139.59.183.54:8888',
  'connection' => 'keep-alive',
  'upgrade-insecure-requests' => '1',
  'user-agent' => 'Mozilla/5.0 (Windows NT 10.0; Win64; x64) AppleWebKit/537.36 (KHTML, like Gecko) Chrome/69.0.3497.100 Safari/537.36',
  'accept' => 'text/html,application/xhtml+xml,application/xml;q=0.9,image/webp,image/apng,*/*;q=0.8',
  'accept-encoding' => 'gzip, deflate',
  'accept-language' => 'zh-CN,zh;q=0.9,en;q=0.8',
)
[ info ] [ PARAM ] array (
)
[ error ] [0]方法参数错误:id[/home/perci/tp/tp5/thinkphp/library/think/Container.php:480]
---------------------------------------------------------------
[ 2018-10-27T11:10:01+08:00 ] 223.104.20.113 GET 139.59.183.54:8888/
[运行时间：0.002620s] [吞吐率：381.68req/s] [内存消耗：362.68kb] [文件加载：59]
[ info ] [ LANG ] /home/perci/tp/tp5/thinkphp/lang/zh-cn.php
[ info ] [ ROUTE ] array (
)
[ info ] [ HEADER ] array (
  'host' => '139.59.183.54:8888',
  'connection' => 'keep-alive',
  'upgrade-insecure-requests' => '1',
  'user-agent' => 'Mozilla/5.0 (Windows NT 10.0; Win64; x64) AppleWebKit/537.36 (KHTML, like Gecko) Chrome/69.0.3497.100 Safari/537.36',
  'accept' => 'text/html,application/xhtml+xml,application/xml;q=0.9,image/webp,image/apng,*/*;q=0.8',
  'accept-encoding' => 'gzip, deflate',
  'accept-language' => 'zh-CN,zh;q=0.9,en;q=0.8',
)
[ info ] [ PARAM ] array (
)
[ info ] [ VIEW ] /home/perci/tp/tp5/application/index/view/index/index.html [ array (
) ]
---------------------------------------------------------------
[ 2018-10-27T11:10:13+08:00 ] 223.104.20.113 GET 139.59.183.54:8888/
[运行时间：0.001963s] [吞吐率：509.39req/s] [内存消耗：363.01kb] [文件加载：59]
[ info ] [ LANG ] /home/perci/tp/tp5/thinkphp/lang/zh-cn.php
[ info ] [ ROUTE ] array (
)
[ info ] [ HEADER ] array (
  'host' => '139.59.183.54:8888',
  'connection' => 'keep-alive',
  'cache-control' => 'max-age=0',
  'upgrade-insecure-requests' => '1',
  'user-agent' => 'Mozilla/5.0 (Windows NT 10.0; Win64; x64) AppleWebKit/537.36 (KHTML, like Gecko) Chrome/69.0.3497.100 Safari/537.36',
  'accept' => 'text/html,application/xhtml+xml,application/xml;q=0.9,image/webp,image/apng,*/*;q=0.8',
  'accept-encoding' => 'gzip, deflate',
  'accept-language' => 'zh-CN,zh;q=0.9,en;q=0.8',
)
[ info ] [ PARAM ] array (
)
[ info ] [ VIEW ] /home/perci/tp/tp5/application/index/view/index/index.html [ array (
) ]
---------------------------------------------------------------
[ 2018-10-27T11:45:38+08:00 ] 196.52.43.102 GET /
[运行时间：0.004733s] [吞吐率：211.29req/s] [内存消耗：360.99kb] [文件加载：59]
[ info ] [ LANG ] /home/perci/tp/tp5/thinkphp/lang/zh-cn.php
[ info ] [ ROUTE ] array (
)
[ info ] [ HEADER ] array (
  'user-agent' => 'Mozilla/5.0(WindowsNT6.1;rv:31.0)Gecko/20100101Firefox/31.0',
  'accept' => '*/*',
)
[ info ] [ PARAM ] array (
)
[ info ] [ VIEW ] /home/perci/tp/tp5/application/index/view/index/index.html [ array (
) ]
---------------------------------------------------------------
[ 2018-10-27T15:28:51+08:00 ] 83.249.122.212 GET /
[运行时间：0.004516s] [吞吐率：221.44req/s] [内存消耗：360.21kb] [文件加载：59]
[ info ] [ LANG ] /home/perci/tp/tp5/thinkphp/lang/zh-cn.php
[ info ] [ ROUTE ] array (
)
[ info ] [ HEADER ] array (
)
[ info ] [ PARAM ] array (
)
[ info ] [ VIEW ] /home/perci/tp/tp5/application/index/view/index/index.html [ array (
) ]
---------------------------------------------------------------
[ 2018-10-27T15:43:54+08:00 ] 142.252.251.228 GET www.so.comhttp://www.so.com/?rands=_15750196804810228477904952
[运行时间：0.002944s] [吞吐率：339.67req/s] [内存消耗：247.80kb] [文件加载：49]
[ info ] [ LANG ] /home/perci/tp/tp5/thinkphp/lang/zh-cn.php
---------------------------------------------------------------
[ 2018-10-27T15:43:54+08:00 ] 142.252.251.228 GET www.baidu.comhttp://www.baidu.com/?rands=_70655623286334381524880
[运行时间：0.001575s] [吞吐率：634.92req/s] [内存消耗：247.80kb] [文件加载：49]
[ info ] [ LANG ] /home/perci/tp/tp5/thinkphp/lang/zh-cn.php
---------------------------------------------------------------
[ 2018-10-27T19:02:10+08:00 ] 27.18.167.234 GET 139.59.183.54:8888/
[运行时间：0.004636s] [吞吐率：215.70req/s] [内存消耗：362.68kb] [文件加载：59]
[ info ] [ LANG ] /home/perci/tp/tp5/thinkphp/lang/zh-cn.php
[ info ] [ ROUTE ] array (
)
[ info ] [ HEADER ] array (
  'host' => '139.59.183.54:8888',
  'connection' => 'keep-alive',
  'upgrade-insecure-requests' => '1',
  'user-agent' => 'Mozilla/5.0 (Windows NT 10.0; Win64; x64) AppleWebKit/537.36 (KHTML, like Gecko) Chrome/69.0.3497.100 Safari/537.36',
  'accept' => 'text/html,application/xhtml+xml,application/xml;q=0.9,image/webp,image/apng,*/*;q=0.8',
  'accept-encoding' => 'gzip, deflate',
  'accept-language' => 'zh-CN,zh;q=0.9,en;q=0.8',
)
[ info ] [ PARAM ] array (
)
[ info ] [ VIEW ] /home/perci/tp/tp5/application/index/view/index/index.html [ array (
) ]
---------------------------------------------------------------
[ 2018-10-27T19:09:36+08:00 ] 27.18.167.234 GET 139.59.183.54:8888/blog/1
[运行时间：0.002942s] [吞吐率：339.89req/s] [内存消耗：247.52kb] [文件加载：49]
[ info ] [ LANG ] /home/perci/tp/tp5/thinkphp/lang/zh-cn.php
---------------------------------------------------------------
[ 2018-10-27T19:09:42+08:00 ] 27.18.167.234 GET 139.59.183.54:8888/index/blog/1
[运行时间：0.003228s] [吞吐率：309.79req/s] [内存消耗：350.81kb] [文件加载：62]
[ info ] [ LANG ] /home/perci/tp/tp5/thinkphp/lang/zh-cn.php
[ info ] [ ROUTE ] array (
)
[ info ] [ HEADER ] array (
  'host' => '139.59.183.54:8888',
  'connection' => 'keep-alive',
  'upgrade-insecure-requests' => '1',
  'user-agent' => 'Mozilla/5.0 (Windows NT 10.0; Win64; x64) AppleWebKit/537.36 (KHTML, like Gecko) Chrome/69.0.3497.100 Safari/537.36',
  'accept' => 'text/html,application/xhtml+xml,application/xml;q=0.9,image/webp,image/apng,*/*;q=0.8',
  'accept-encoding' => 'gzip, deflate',
  'accept-language' => 'zh-CN,zh;q=0.9,en;q=0.8',
)
[ info ] [ PARAM ] array (
)
---------------------------------------------------------------
[ 2018-10-27T19:09:53+08:00 ] 27.18.167.234 GET 139.59.183.54:8888/index/blog/read/1
[运行时间：0.002999s] [吞吐率：333.44req/s] [内存消耗：349.78kb] [文件加载：61]
[ info ] [ LANG ] /home/perci/tp/tp5/thinkphp/lang/zh-cn.php
[ info ] [ ROUTE ] array (
)
[ info ] [ HEADER ] array (
  'host' => '139.59.183.54:8888',
  'connection' => 'keep-alive',
  'upgrade-insecure-requests' => '1',
  'user-agent' => 'Mozilla/5.0 (Windows NT 10.0; Win64; x64) AppleWebKit/537.36 (KHTML, like Gecko) Chrome/69.0.3497.100 Safari/537.36',
  'accept' => 'text/html,application/xhtml+xml,application/xml;q=0.9,image/webp,image/apng,*/*;q=0.8',
  'accept-encoding' => 'gzip, deflate',
  'accept-language' => 'zh-CN,zh;q=0.9,en;q=0.8',
)
[ info ] [ PARAM ] array (
)
[ error ] [0]方法参数错误:id[/home/perci/tp/tp5/thinkphp/library/think/Container.php:480]
---------------------------------------------------------------
[ 2018-10-27T19:17:35+08:00 ] 27.18.167.234 GET 139.59.183.54:8888/hello/j
[运行时间：0.002430s] [吞吐率：411.49req/s] [内存消耗：264.13kb] [文件加载：46]
[ info ] [ LANG ] /home/perci/tp/tp5/thinkphp/lang/zh-cn.php
[ info ] [ ROUTE ] array (
  'rule' => 'hello/<name>',
  'route' => 
  Closure::__set_state(array(
  )),
  'option' => 
  array (
    'merge_rule_regex' => false,
  ),
  'var' => 
  array (
    'name' => 'j',
  ),
)
[ info ] [ HEADER ] array (
  'host' => '139.59.183.54:8888',
  'connection' => 'keep-alive',
  'upgrade-insecure-requests' => '1',
  'user-agent' => 'Mozilla/5.0 (Windows NT 10.0; Win64; x64) AppleWebKit/537.36 (KHTML, like Gecko) Chrome/69.0.3497.100 Safari/537.36',
  'accept' => 'text/html,application/xhtml+xml,application/xml;q=0.9,image/webp,image/apng,*/*;q=0.8',
  'accept-encoding' => 'gzip, deflate',
  'accept-language' => 'zh-CN,zh;q=0.9,en;q=0.8',
)
[ info ] [ PARAM ] array (
  'name' => 'j',
)
---------------------------------------------------------------
[ 2018-10-27T19:18:36+08:00 ] 27.18.167.234 GET 139.59.183.54:8888/hello/j
[运行时间：0.001848s] [吞吐率：541.13req/s] [内存消耗：264.39kb] [文件加载：45]
[ info ] [ LANG ] /home/perci/tp/tp5/thinkphp/lang/zh-cn.php
[ info ] [ ROUTE ] array (
  'rule' => 'hello/<name>',
  'route' => 
  Closure::__set_state(array(
  )),
  'option' => 
  array (
    'merge_rule_regex' => false,
  ),
  'var' => 
  array (
    'name' => 'j',
  ),
)
[ info ] [ HEADER ] array (
  'host' => '139.59.183.54:8888',
  'connection' => 'keep-alive',
  'cache-control' => 'max-age=0',
  'upgrade-insecure-requests' => '1',
  'user-agent' => 'Mozilla/5.0 (Windows NT 10.0; Win64; x64) AppleWebKit/537.36 (KHTML, like Gecko) Chrome/69.0.3497.100 Safari/537.36',
  'accept' => 'text/html,application/xhtml+xml,application/xml;q=0.9,image/webp,image/apng,*/*;q=0.8',
  'accept-encoding' => 'gzip, deflate',
  'accept-language' => 'zh-CN,zh;q=0.9,en;q=0.8',
)
[ info ] [ PARAM ] array (
  'name' => 'j',
)
---------------------------------------------------------------
[ 2018-10-27T19:18:39+08:00 ] 27.18.167.234 GET 139.59.183.54:8888/hello/j
[运行时间：0.002091s] [吞吐率：478.26req/s] [内存消耗：263.83kb] [文件加载：45]
[ info ] [ LANG ] /home/perci/tp/tp5/thinkphp/lang/zh-cn.php
[ info ] [ ROUTE ] array (
  'rule' => 'hello/<name>',
  'route' => 
  Closure::__set_state(array(
  )),
  'option' => 
  array (
    'merge_rule_regex' => false,
  ),
  'var' => 
  array (
    'name' => 'j',
  ),
)
[ info ] [ HEADER ] array (
  'host' => '139.59.183.54:8888',
  'connection' => 'keep-alive',
  'cache-control' => 'max-age=0',
  'upgrade-insecure-requests' => '1',
  'user-agent' => 'Mozilla/5.0 (Windows NT 10.0; Win64; x64) AppleWebKit/537.36 (KHTML, like Gecko) Chrome/69.0.3497.100 Safari/537.36',
  'accept' => 'text/html,application/xhtml+xml,application/xml;q=0.9,image/webp,image/apng,*/*;q=0.8',
  'accept-encoding' => 'gzip, deflate',
  'accept-language' => 'zh-CN,zh;q=0.9,en;q=0.8',
)
[ info ] [ PARAM ] array (
  'name' => 'j',
)
---------------------------------------------------------------
[ 2018-10-27T19:19:34+08:00 ] 27.18.167.234 GET 139.59.183.54:8888/hello/j
[运行时间：0.001939s] [吞吐率：515.78req/s] [内存消耗：263.83kb] [文件加载：45]
[ info ] [ LANG ] /home/perci/tp/tp5/thinkphp/lang/zh-cn.php
[ info ] [ ROUTE ] array (
  'rule' => 'hello/<name>',
  'route' => 
  Closure::__set_state(array(
  )),
  'option' => 
  array (
    'merge_rule_regex' => false,
  ),
  'var' => 
  array (
    'name' => 'j',
  ),
)
[ info ] [ HEADER ] array (
  'host' => '139.59.183.54:8888',
  'connection' => 'keep-alive',
  'cache-control' => 'max-age=0',
  'upgrade-insecure-requests' => '1',
  'user-agent' => 'Mozilla/5.0 (Windows NT 10.0; Win64; x64) AppleWebKit/537.36 (KHTML, like Gecko) Chrome/69.0.3497.100 Safari/537.36',
  'accept' => 'text/html,application/xhtml+xml,application/xml;q=0.9,image/webp,image/apng,*/*;q=0.8',
  'accept-encoding' => 'gzip, deflate',
  'accept-language' => 'zh-CN,zh;q=0.9,en;q=0.8',
)
[ info ] [ PARAM ] array (
  'name' => 'j',
)
---------------------------------------------------------------
[ 2018-10-27T19:19:36+08:00 ] 27.18.167.234 GET 139.59.183.54:8888/hello/j
[运行时间：0.001258s] [吞吐率：794.83req/s] [内存消耗：263.83kb] [文件加载：45]
[ info ] [ LANG ] /home/perci/tp/tp5/thinkphp/lang/zh-cn.php
[ info ] [ ROUTE ] array (
  'rule' => 'hello/<name>',
  'route' => 
  Closure::__set_state(array(
  )),
  'option' => 
  array (
    'merge_rule_regex' => false,
  ),
  'var' => 
  array (
    'name' => 'j',
  ),
)
[ info ] [ HEADER ] array (
  'host' => '139.59.183.54:8888',
  'connection' => 'keep-alive',
  'cache-control' => 'max-age=0',
  'upgrade-insecure-requests' => '1',
  'user-agent' => 'Mozilla/5.0 (Windows NT 10.0; Win64; x64) AppleWebKit/537.36 (KHTML, like Gecko) Chrome/69.0.3497.100 Safari/537.36',
  'accept' => 'text/html,application/xhtml+xml,application/xml;q=0.9,image/webp,image/apng,*/*;q=0.8',
  'accept-encoding' => 'gzip, deflate',
  'accept-language' => 'zh-CN,zh;q=0.9,en;q=0.8',
)
[ info ] [ PARAM ] array (
  'name' => 'j',
)
---------------------------------------------------------------
[ 2018-10-27T19:19:44+08:00 ] 27.18.167.234 GET 139.59.183.54:8888/index/blog/read/1
[运行时间：0.002716s] [吞吐率：368.18req/s] [内存消耗：349.41kb] [文件加载：61]
[ info ] [ LANG ] /home/perci/tp/tp5/thinkphp/lang/zh-cn.php
[ info ] [ ROUTE ] array (
)
[ info ] [ HEADER ] array (
  'host' => '139.59.183.54:8888',
  'connection' => 'keep-alive',
  'cache-control' => 'max-age=0',
  'upgrade-insecure-requests' => '1',
  'user-agent' => 'Mozilla/5.0 (Windows NT 10.0; Win64; x64) AppleWebKit/537.36 (KHTML, like Gecko) Chrome/69.0.3497.100 Safari/537.36',
  'accept' => 'text/html,application/xhtml+xml,application/xml;q=0.9,image/webp,image/apng,*/*;q=0.8',
  'accept-encoding' => 'gzip, deflate',
  'accept-language' => 'zh-CN,zh;q=0.9,en;q=0.8',
)
[ info ] [ PARAM ] array (
)
[ error ] [0]方法参数错误:id[/home/perci/tp/tp5/thinkphp/library/think/Container.php:480]
---------------------------------------------------------------
[ 2018-10-27T19:22:11+08:00 ] 27.18.167.234 GET 139.59.183.54:8888/index/Hello/
[运行时间：0.002538s] [吞吐率：394.02req/s] [内存消耗：362.13kb] [文件加载：59]
[ info ] [ LANG ] /home/perci/tp/tp5/thinkphp/lang/zh-cn.php
[ info ] [ ROUTE ] array (
)
[ info ] [ HEADER ] array (
  'host' => '139.59.183.54:8888',
  'connection' => 'keep-alive',
  'upgrade-insecure-requests' => '1',
  'user-agent' => 'Mozilla/5.0 (Windows NT 10.0; Win64; x64) AppleWebKit/537.36 (KHTML, like Gecko) Chrome/69.0.3497.100 Safari/537.36',
  'accept' => 'text/html,application/xhtml+xml,application/xml;q=0.9,image/webp,image/apng,*/*;q=0.8',
  'accept-encoding' => 'gzip, deflate',
  'accept-language' => 'zh-CN,zh;q=0.9,en;q=0.8',
)
[ info ] [ PARAM ] array (
)
---------------------------------------------------------------
[ 2018-10-27T19:23:00+08:00 ] 27.18.167.234 GET 139.59.183.54:8888/index/Hello/
[运行时间：0.001993s] [吞吐率：501.77req/s] [内存消耗：362.52kb] [文件加载：58]
[ info ] [ LANG ] /home/perci/tp/tp5/thinkphp/lang/zh-cn.php
[ info ] [ ROUTE ] array (
)
[ info ] [ HEADER ] array (
  'host' => '139.59.183.54:8888',
  'connection' => 'keep-alive',
  'cache-control' => 'max-age=0',
  'upgrade-insecure-requests' => '1',
  'user-agent' => 'Mozilla/5.0 (Windows NT 10.0; Win64; x64) AppleWebKit/537.36 (KHTML, like Gecko) Chrome/69.0.3497.100 Safari/537.36',
  'accept' => 'text/html,application/xhtml+xml,application/xml;q=0.9,image/webp,image/apng,*/*;q=0.8',
  'accept-encoding' => 'gzip, deflate',
  'accept-language' => 'zh-CN,zh;q=0.9,en;q=0.8',
)
[ info ] [ PARAM ] array (
)
---------------------------------------------------------------
[ 2018-10-27T19:23:13+08:00 ] 27.18.167.234 GET 139.59.183.54:8888/indexblog
[运行时间：0.001854s] [吞吐率：539.32req/s] [内存消耗：247.16kb] [文件加载：49]
[ info ] [ LANG ] /home/perci/tp/tp5/thinkphp/lang/zh-cn.php
---------------------------------------------------------------
[ 2018-10-27T19:23:18+08:00 ] 27.18.167.234 GET 139.59.183.54:8888/index/blog
[运行时间：0.001975s] [吞吐率：506.31req/s] [内存消耗：345.37kb] [文件加载：58]
[ info ] [ LANG ] /home/perci/tp/tp5/thinkphp/lang/zh-cn.php
[ info ] [ ROUTE ] array (
)
[ info ] [ HEADER ] array (
  'host' => '139.59.183.54:8888',
  'connection' => 'keep-alive',
  'upgrade-insecure-requests' => '1',
  'user-agent' => 'Mozilla/5.0 (Windows NT 10.0; Win64; x64) AppleWebKit/537.36 (KHTML, like Gecko) Chrome/69.0.3497.100 Safari/537.36',
  'accept' => 'text/html,application/xhtml+xml,application/xml;q=0.9,image/webp,image/apng,*/*;q=0.8',
  'accept-encoding' => 'gzip, deflate',
  'accept-language' => 'zh-CN,zh;q=0.9,en;q=0.8',
)
[ info ] [ PARAM ] array (
)
---------------------------------------------------------------
[ 2018-10-27T19:23:23+08:00 ] 27.18.167.234 GET 139.59.183.54:8888/index/blog/1
[运行时间：0.002362s] [吞吐率：423.37req/s] [内存消耗：349.85kb] [文件加载：62]
[ info ] [ LANG ] /home/perci/tp/tp5/thinkphp/lang/zh-cn.php
[ info ] [ ROUTE ] array (
)
[ info ] [ HEADER ] array (
  'host' => '139.59.183.54:8888',
  'connection' => 'keep-alive',
  'upgrade-insecure-requests' => '1',
  'user-agent' => 'Mozilla/5.0 (Windows NT 10.0; Win64; x64) AppleWebKit/537.36 (KHTML, like Gecko) Chrome/69.0.3497.100 Safari/537.36',
  'accept' => 'text/html,application/xhtml+xml,application/xml;q=0.9,image/webp,image/apng,*/*;q=0.8',
  'accept-encoding' => 'gzip, deflate',
  'accept-language' => 'zh-CN,zh;q=0.9,en;q=0.8',
)
[ info ] [ PARAM ] array (
)
---------------------------------------------------------------
[ 2018-10-27T19:23:28+08:00 ] 27.18.167.234 GET 139.59.183.54:8888/index/blog/read/1
[运行时间：0.002547s] [吞吐率：392.61req/s] [内存消耗：349.41kb] [文件加载：61]
[ info ] [ LANG ] /home/perci/tp/tp5/thinkphp/lang/zh-cn.php
[ info ] [ ROUTE ] array (
)
[ info ] [ HEADER ] array (
  'host' => '139.59.183.54:8888',
  'connection' => 'keep-alive',
  'upgrade-insecure-requests' => '1',
  'user-agent' => 'Mozilla/5.0 (Windows NT 10.0; Win64; x64) AppleWebKit/537.36 (KHTML, like Gecko) Chrome/69.0.3497.100 Safari/537.36',
  'accept' => 'text/html,application/xhtml+xml,application/xml;q=0.9,image/webp,image/apng,*/*;q=0.8',
  'accept-encoding' => 'gzip, deflate',
  'accept-language' => 'zh-CN,zh;q=0.9,en;q=0.8',
)
[ info ] [ PARAM ] array (
)
[ error ] [0]方法参数错误:id[/home/perci/tp/tp5/thinkphp/library/think/Container.php:480]
---------------------------------------------------------------
[ 2018-10-27T19:27:30+08:00 ] 27.18.167.234 GET 139.59.183.54:8888/index/blog/read/id/1
[运行时间：0.043216s] [吞吐率：23.14req/s] [内存消耗：777.79kb] [文件加载：73]
[ info ] [ LANG ] /home/perci/tp/tp5/thinkphp/lang/zh-cn.php
[ info ] [ ROUTE ] array (
)
[ info ] [ HEADER ] array (
  'host' => '139.59.183.54:8888',
  'connection' => 'keep-alive',
  'upgrade-insecure-requests' => '1',
  'user-agent' => 'Mozilla/5.0 (Windows NT 10.0; Win64; x64) AppleWebKit/537.36 (KHTML, like Gecko) Chrome/69.0.3497.100 Safari/537.36',
  'accept' => 'text/html,application/xhtml+xml,application/xml;q=0.9,image/webp,image/apng,*/*;q=0.8',
  'accept-encoding' => 'gzip, deflate',
  'accept-language' => 'zh-CN,zh;q=0.9,en;q=0.8',
)
[ info ] [ PARAM ] array (
  'id' => '1',
)
[ info ] [ DB ] INIT mysql
[ info ] [ VIEW ] /home/perci/tp/tp5/application/index/view/blog/read.html [ array (
  0 => 'blog',
) ]
[ sql ] [ DB ] CONNECT:[ UseTime:0.001721s ] mysql:host=127.0.0.1;dbname=demo;charset=utf8
[ sql ] [ SQL ] SHOW COLUMNS FROM `blog` [ RunTime:0.002950s ]
[ sql ] [ SQL ] SELECT * FROM `blog` WHERE  `id` = 1 LIMIT 1 [ RunTime:0.000628s ]
---------------------------------------------------------------
[ 2018-10-27T19:27:49+08:00 ] 27.18.167.234 GET 139.59.183.54:8888/index/blog/read?id=1
[运行时间：0.005546s] [吞吐率：180.31req/s] [内存消耗：641.44kb] [文件加载：71]
[ info ] [ LANG ] /home/perci/tp/tp5/thinkphp/lang/zh-cn.php
[ info ] [ ROUTE ] array (
)
[ info ] [ HEADER ] array (
  'host' => '139.59.183.54:8888',
  'connection' => 'keep-alive',
  'upgrade-insecure-requests' => '1',
  'user-agent' => 'Mozilla/5.0 (Windows NT 10.0; Win64; x64) AppleWebKit/537.36 (KHTML, like Gecko) Chrome/69.0.3497.100 Safari/537.36',
  'accept' => 'text/html,application/xhtml+xml,application/xml;q=0.9,image/webp,image/apng,*/*;q=0.8',
  'accept-encoding' => 'gzip, deflate',
  'accept-language' => 'zh-CN,zh;q=0.9,en;q=0.8',
)
[ info ] [ PARAM ] array (
  'id' => '1',
)
[ info ] [ DB ] INIT mysql
[ info ] [ VIEW ] /home/perci/tp/tp5/application/index/view/blog/read.html [ array (
  0 => 'blog',
) ]
[ sql ] [ DB ] CONNECT:[ UseTime:0.000659s ] mysql:host=127.0.0.1;dbname=demo;charset=utf8
[ sql ] [ SQL ] SHOW COLUMNS FROM `blog` [ RunTime:0.001094s ]
[ sql ] [ SQL ] SELECT * FROM `blog` WHERE  `id` = 1 LIMIT 1 [ RunTime:0.000421s ]
---------------------------------------------------------------
[ 2018-10-27T19:29:44+08:00 ] 27.18.167.234 GET 139.59.183.54:8888/index/blog/read
[运行时间：0.005489s] [吞吐率：182.19req/s] [内存消耗：640.43kb] [文件加载：71]
[ info ] [ LANG ] /home/perci/tp/tp5/thinkphp/lang/zh-cn.php
[ info ] [ ROUTE ] array (
)
[ info ] [ HEADER ] array (
  'host' => '139.59.183.54:8888',
  'connection' => 'keep-alive',
  'upgrade-insecure-requests' => '1',
  'user-agent' => 'Mozilla/5.0 (Windows NT 10.0; Win64; x64) AppleWebKit/537.36 (KHTML, like Gecko) Chrome/69.0.3497.100 Safari/537.36',
  'accept' => 'text/html,application/xhtml+xml,application/xml;q=0.9,image/webp,image/apng,*/*;q=0.8',
  'accept-encoding' => 'gzip, deflate',
  'accept-language' => 'zh-CN,zh;q=0.9,en;q=0.8',
)
[ info ] [ PARAM ] array (
)
[ info ] [ DB ] INIT mysql
[ info ] [ VIEW ] /home/perci/tp/tp5/application/index/view/blog/read.html [ array (
  0 => 'blog',
) ]
[ sql ] [ DB ] CONNECT:[ UseTime:0.000621s ] mysql:host=127.0.0.1;dbname=demo;charset=utf8
[ sql ] [ SQL ] SHOW COLUMNS FROM `blog` [ RunTime:0.001097s ]
[ sql ] [ SQL ] SELECT * FROM `blog` WHERE  `id` = 1 LIMIT 1 [ RunTime:0.000440s ]
---------------------------------------------------------------
[ 2018-10-27T19:59:11+08:00 ] 117.136.81.139 GET 139.59.183.54:8888/
[运行时间：0.002924s] [吞吐率：342.00req/s] [内存消耗：363.38kb] [文件加载：59]
[ info ] [ LANG ] /home/perci/tp/tp5/thinkphp/lang/zh-cn.php
[ info ] [ ROUTE ] array (
)
[ info ] [ HEADER ] array (
  'host' => '139.59.183.54:8888',
  'connection' => 'keep-alive',
  'upgrade-insecure-requests' => '1',
  'user-agent' => 'Mozilla/5.0 (Linux; U; Android 8.1.0; zh-cn; Redmi Note 5 Build/OPM1.171019.011) AppleWebKit/537.36 (KHTML, like Gecko) Version/4.0 Chrome/61.0.3163.128 Mobile Safari/537.36 XiaoMi/MiuiBrowser/10.2.5',
  'x-miorigin' => 'b',
  'accept' => 'text/html,application/xhtml+xml,application/xml;q=0.9,image/webp,image/apng,*/*;q=0.8',
  'accept-encoding' => 'gzip, deflate',
  'accept-language' => 'zh-CN,en-US;q=0.8',
)
[ info ] [ PARAM ] array (
)
[ info ] [ VIEW ] /home/perci/tp/tp5/application/index/view/index/index.html [ array (
) ]
---------------------------------------------------------------
[ 2018-10-27T19:59:12+08:00 ] 120.92.72.199 GET 139.59.183.54:8888/
[运行时间：0.001921s] [吞吐率：520.58req/s] [内存消耗：361.75kb] [文件加载：59]
[ info ] [ LANG ] /home/perci/tp/tp5/thinkphp/lang/zh-cn.php
[ info ] [ ROUTE ] array (
)
[ info ] [ HEADER ] array (
  'host' => '139.59.183.54:8888',
  'user-agent' => 'Mozilla/5.0 (Windows NT 10.0; Win64; x64) AppleWebKit/537.36 (KHTML, like Gecko) Chrome/46.0.2486.0 Safari/537.36 Edge/13.10586',
  'accept-encoding' => 'gzip, deflate',
  'accept' => '*/*',
  'connection' => 'keep-alive',
  'cookie' => '',
)
[ info ] [ PARAM ] array (
)
[ info ] [ VIEW ] /home/perci/tp/tp5/application/index/view/index/index.html [ array (
) ]
---------------------------------------------------------------
[ 2018-10-27T19:59:13+08:00 ] 120.92.72.2 GET 139.59.183.54:8888/
[运行时间：0.002875s] [吞吐率：347.84req/s] [内存消耗：361.96kb] [文件加载：59]
[ info ] [ LANG ] /home/perci/tp/tp5/thinkphp/lang/zh-cn.php
[ info ] [ ROUTE ] array (
)
[ info ] [ HEADER ] array (
  'host' => '139.59.183.54:8888',
  'user-agent' => 'Mozilla/5.0 (Linux; Android 4.1.1; Nexus 7 Build/JRO03D) AppleWebKit/535.19 (KHTML, like Gecko) Chrome/18.0.1025.166  Safari/535.19',
  'accept-encoding' => 'gzip, deflate',
  'accept' => '*/*',
  'connection' => 'keep-alive',
  'referer' => 'http://139.59.183.54:8888/',
  'cookie' => '',
)
[ info ] [ PARAM ] array (
)
[ info ] [ VIEW ] /home/perci/tp/tp5/application/index/view/index/index.html [ array (
) ]
---------------------------------------------------------------
[ 2018-10-27T19:59:22+08:00 ] 120.92.72.108 GET 139.59.183.54:8888/
[运行时间：0.002312s] [吞吐率：432.54req/s] [内存消耗：361.44kb] [文件加载：59]
[ info ] [ LANG ] /home/perci/tp/tp5/thinkphp/lang/zh-cn.php
[ info ] [ ROUTE ] array (
)
[ info ] [ HEADER ] array (
  'host' => '139.59.183.54:8888',
  'user-agent' => 'Mozilla/5.0 (Windows NT 10.0; Trident/7.0; rv 11.0) like Gecko',
  'accept-encoding' => 'gzip, deflate',
  'accept' => '*/*',
  'connection' => 'keep-alive',
  'cookie' => '',
)
[ info ] [ PARAM ] array (
)
[ info ] [ VIEW ] /home/perci/tp/tp5/application/index/view/index/index.html [ array (
) ]
---------------------------------------------------------------
[ 2018-10-27T19:59:23+08:00 ] 120.92.72.246 GET 139.59.183.54:8888/
[运行时间：0.001868s] [吞吐率：535.33req/s] [内存消耗：361.96kb] [文件加载：59]
[ info ] [ LANG ] /home/perci/tp/tp5/thinkphp/lang/zh-cn.php
[ info ] [ ROUTE ] array (
)
[ info ] [ HEADER ] array (
  'host' => '139.59.183.54:8888',
  'user-agent' => 'Mozilla/5.0 (Linux; Android 4.1.1; Nexus 7 Build/JRO03D) AppleWebKit/535.19 (KHTML, like Gecko) Chrome/18.0.1025.166  Safari/535.19',
  'accept-encoding' => 'gzip, deflate',
  'accept' => '*/*',
  'connection' => 'keep-alive',
  'referer' => 'http://139.59.183.54:8888/',
  'cookie' => '',
)
[ info ] [ PARAM ] array (
)
[ info ] [ VIEW ] /home/perci/tp/tp5/application/index/view/index/index.html [ array (
) ]
---------------------------------------------------------------
[ 2018-10-27T21:31:13+08:00 ] 68.198.101.13 GET /
[运行时间：0.003141s] [吞吐率：318.35req/s] [内存消耗：359.84kb] [文件加载：59]
[ info ] [ LANG ] /home/perci/tp/tp5/thinkphp/lang/zh-cn.php
[ info ] [ ROUTE ] array (
)
[ info ] [ HEADER ] array (
)
[ info ] [ PARAM ] array (
)
[ info ] [ VIEW ] /home/perci/tp/tp5/application/index/view/index/index.html [ array (
) ]
---------------------------------------------------------------
[ 2018-10-27T21:34:59+08:00 ] 117.136.81.139 GET 139.59.183.54:8888/
[运行时间：0.002231s] [吞吐率：448.21req/s] [内存消耗：362.78kb] [文件加载：59]
[ info ] [ LANG ] /home/perci/tp/tp5/thinkphp/lang/zh-cn.php
[ info ] [ ROUTE ] array (
)
[ info ] [ HEADER ] array (
  'host' => '139.59.183.54:8888',
  'connection' => 'keep-alive',
  'upgrade-insecure-requests' => '1',
  'user-agent' => 'Mozilla/5.0 (Linux; U; Android 8.1.0; zh-cn; Redmi Note 5 Build/OPM1.171019.011) AppleWebKit/537.36 (KHTML, like Gecko) Version/4.0 Chrome/61.0.3163.128 Mobile Safari/537.36 XiaoMi/MiuiBrowser/10.2.5',
  'x-miorigin' => 'ht',
  'accept' => 'text/html,application/xhtml+xml,application/xml;q=0.9,image/webp,image/apng,*/*;q=0.8',
  'accept-encoding' => 'gzip, deflate',
  'accept-language' => 'zh-CN,en-US;q=0.8',
)
[ info ] [ PARAM ] array (
)
[ info ] [ VIEW ] /home/perci/tp/tp5/application/index/view/index/index.html [ array (
) ]
---------------------------------------------------------------
[ 2018-10-27T22:03:28+08:00 ] 27.18.167.234 GET 139.59.183.54:8888/
[运行时间：0.002416s] [吞吐率：413.93req/s] [内存消耗：362.31kb] [文件加载：59]
[ info ] [ LANG ] /home/perci/tp/tp5/thinkphp/lang/zh-cn.php
[ info ] [ ROUTE ] array (
)
[ info ] [ HEADER ] array (
  'host' => '139.59.183.54:8888',
  'connection' => 'keep-alive',
  'upgrade-insecure-requests' => '1',
  'user-agent' => 'Mozilla/5.0 (Windows NT 10.0; Win64; x64) AppleWebKit/537.36 (KHTML, like Gecko) Chrome/69.0.3497.100 Safari/537.36',
  'accept' => 'text/html,application/xhtml+xml,application/xml;q=0.9,image/webp,image/apng,*/*;q=0.8',
  'accept-encoding' => 'gzip, deflate',
  'accept-language' => 'zh-CN,zh;q=0.9,en;q=0.8',
)
[ info ] [ PARAM ] array (
)
[ info ] [ VIEW ] /home/perci/tp/tp5/application/index/view/index/index.html [ array (
) ]
---------------------------------------------------------------
[ 2018-10-27T22:10:01+08:00 ] 27.18.167.234 GET 139.59.183.54:8888/index/Hello/read/id=1
[运行时间：0.002980s] [吞吐率：335.57req/s] [内存消耗：349.86kb] [文件加载：62]
[ info ] [ LANG ] /home/perci/tp/tp5/thinkphp/lang/zh-cn.php
[ info ] [ ROUTE ] array (
)
[ info ] [ HEADER ] array (
  'host' => '139.59.183.54:8888',
  'connection' => 'keep-alive',
  'upgrade-insecure-requests' => '1',
  'user-agent' => 'Mozilla/5.0 (Windows NT 10.0; Win64; x64) AppleWebKit/537.36 (KHTML, like Gecko) Chrome/69.0.3497.100 Safari/537.36',
  'accept' => 'text/html,application/xhtml+xml,application/xml;q=0.9,image/webp,image/apng,*/*;q=0.8',
  'accept-encoding' => 'gzip, deflate',
  'accept-language' => 'zh-CN,zh;q=0.9,en;q=0.8',
)
[ info ] [ PARAM ] array (
)
---------------------------------------------------------------
[ 2018-10-27T22:10:06+08:00 ] 27.18.167.234 GET 139.59.183.54:8888/index/Hello/read/id/1
[运行时间：0.002401s] [吞吐率：416.51req/s] [内存消耗：350.59kb] [文件加载：62]
[ info ] [ LANG ] /home/perci/tp/tp5/thinkphp/lang/zh-cn.php
[ info ] [ ROUTE ] array (
)
[ info ] [ HEADER ] array (
  'host' => '139.59.183.54:8888',
  'connection' => 'keep-alive',
  'upgrade-insecure-requests' => '1',
  'user-agent' => 'Mozilla/5.0 (Windows NT 10.0; Win64; x64) AppleWebKit/537.36 (KHTML, like Gecko) Chrome/69.0.3497.100 Safari/537.36',
  'accept' => 'text/html,application/xhtml+xml,application/xml;q=0.9,image/webp,image/apng,*/*;q=0.8',
  'accept-encoding' => 'gzip, deflate',
  'accept-language' => 'zh-CN,zh;q=0.9,en;q=0.8',
)
[ info ] [ PARAM ] array (
  'id' => '1',
)
---------------------------------------------------------------
[ 2018-10-27T22:16:37+08:00 ] 27.18.167.234 GET 139.59.183.54:8888/index/blog/read/id/1
[运行时间：0.007767s] [吞吐率：128.75req/s] [内存消耗：641.20kb] [文件加载：71]
[ info ] [ LANG ] /home/perci/tp/tp5/thinkphp/lang/zh-cn.php
[ info ] [ ROUTE ] array (
)
[ info ] [ HEADER ] array (
  'host' => '139.59.183.54:8888',
  'connection' => 'keep-alive',
  'upgrade-insecure-requests' => '1',
  'user-agent' => 'Mozilla/5.0 (Windows NT 10.0; Win64; x64) AppleWebKit/537.36 (KHTML, like Gecko) Chrome/69.0.3497.100 Safari/537.36',
  'accept' => 'text/html,application/xhtml+xml,application/xml;q=0.9,image/webp,image/apng,*/*;q=0.8',
  'accept-encoding' => 'gzip, deflate',
  'accept-language' => 'zh-CN,zh;q=0.9,en;q=0.8',
)
[ info ] [ PARAM ] array (
  'id' => '1',
)
[ info ] [ DB ] INIT mysql
[ info ] [ VIEW ] /home/perci/tp/tp5/application/index/view/blog/read.html [ array (
  0 => 'blog',
) ]
[ sql ] [ DB ] CONNECT:[ UseTime:0.001517s ] mysql:host=127.0.0.1;dbname=demo;charset=utf8
[ sql ] [ SQL ] SHOW COLUMNS FROM `blog` [ RunTime:0.001842s ]
[ sql ] [ SQL ] SELECT * FROM `blog` WHERE  `id` = 1 LIMIT 1 [ RunTime:0.000577s ]
---------------------------------------------------------------
[ 2018-10-27T22:34:56+08:00 ] 27.18.167.234 GET 139.59.183.54:8888/index/blog/read/id/1
[运行时间：0.010087s] [吞吐率：99.14req/s] [内存消耗：626.27kb] [文件加载：73]
[ info ] [ LANG ] /home/perci/tp/tp5/thinkphp/lang/zh-cn.php
[ info ] [ ROUTE ] array (
)
[ info ] [ HEADER ] array (
  'host' => '139.59.183.54:8888',
  'connection' => 'keep-alive',
  'cache-control' => 'max-age=0',
  'upgrade-insecure-requests' => '1',
  'user-agent' => 'Mozilla/5.0 (Windows NT 10.0; Win64; x64) AppleWebKit/537.36 (KHTML, like Gecko) Chrome/69.0.3497.100 Safari/537.36',
  'accept' => 'text/html,application/xhtml+xml,application/xml;q=0.9,image/webp,image/apng,*/*;q=0.8',
  'accept-encoding' => 'gzip, deflate',
  'accept-language' => 'zh-CN,zh;q=0.9,en;q=0.8',
)
[ info ] [ PARAM ] array (
  'id' => '1',
)
[ info ] [ DB ] INIT mysql
[ sql ] [ DB ] CONNECT:[ UseTime:0.001499s ] mysql:host=127.0.0.1;dbname=demo;charset=utf8
[ sql ] [ SQL ] SHOW COLUMNS FROM `blog` [ RunTime:0.002039s ]
[ sql ] [ SQL ] SELECT * FROM `blog` WHERE  `id` = 1 LIMIT 1 [ RunTime:0.000573s ]
[ error ] [0]类的属性不存在:app\common\model\Blog->position[/home/perci/tp/tp5/thinkphp/library/think/model/concern/Attribute.php:551]
---------------------------------------------------------------
[ 2018-10-27T22:35:47+08:00 ] 27.18.167.234 GET 139.59.183.54:8888/index/blog/read/id/1
[运行时间：0.009914s] [吞吐率：100.87req/s] [内存消耗：650.51kb] [文件加载：73]
[ info ] [ LANG ] /home/perci/tp/tp5/thinkphp/lang/zh-cn.php
[ info ] [ ROUTE ] array (
)
[ info ] [ HEADER ] array (
  'host' => '139.59.183.54:8888',
  'connection' => 'keep-alive',
  'cache-control' => 'max-age=0',
  'upgrade-insecure-requests' => '1',
  'user-agent' => 'Mozilla/5.0 (Windows NT 10.0; Win64; x64) AppleWebKit/537.36 (KHTML, like Gecko) Chrome/69.0.3497.100 Safari/537.36',
  'accept' => 'text/html,application/xhtml+xml,application/xml;q=0.9,image/webp,image/apng,*/*;q=0.8',
  'accept-encoding' => 'gzip, deflate',
  'accept-language' => 'zh-CN,zh;q=0.9,en;q=0.8',
)
[ info ] [ PARAM ] array (
  'id' => '1',
)
[ info ] [ DB ] INIT mysql
[ info ] [ VIEW ] /home/perci/tp/tp5/application/index/view/blog/read.html [ array (
  0 => 'blog',
) ]
[ sql ] [ DB ] CONNECT:[ UseTime:0.001468s ] mysql:host=127.0.0.1;dbname=demo;charset=utf8
[ sql ] [ SQL ] SHOW COLUMNS FROM `blog` [ RunTime:0.002035s ]
[ sql ] [ SQL ] SELECT * FROM `blog` WHERE  `id` = 1 LIMIT 1 [ RunTime:0.000638s ]
---------------------------------------------------------------
[ 2018-10-27T22:45:21+08:00 ] 27.18.167.234 GET 139.59.183.54:8888/index/blog/read/id/1
[运行时间：0.011888s] [吞吐率：84.12req/s] [内存消耗：692.84kb] [文件加载：75]
[ info ] [ LANG ] /home/perci/tp/tp5/thinkphp/lang/zh-cn.php
[ info ] [ ROUTE ] array (
)
[ info ] [ HEADER ] array (
  'host' => '139.59.183.54:8888',
  'connection' => 'keep-alive',
  'cache-control' => 'max-age=0',
  'upgrade-insecure-requests' => '1',
  'user-agent' => 'Mozilla/5.0 (Windows NT 10.0; Win64; x64) AppleWebKit/537.36 (KHTML, like Gecko) Chrome/69.0.3497.100 Safari/537.36',
  'accept' => 'text/html,application/xhtml+xml,application/xml;q=0.9,image/webp,image/apng,*/*;q=0.8',
  'accept-encoding' => 'gzip, deflate',
  'accept-language' => 'zh-CN,zh;q=0.9,en;q=0.8',
)
[ info ] [ PARAM ] array (
  'id' => '1',
)
[ info ] [ DB ] INIT mysql
[ sql ] [ DB ] CONNECT:[ UseTime:0.001523s ] mysql:host=127.0.0.1;dbname=demo;charset=utf8
[ sql ] [ SQL ] SHOW COLUMNS FROM `blog` [ RunTime:0.002035s ]
[ sql ] [ SQL ] SELECT * FROM `blog` WHERE  `id` = 1 LIMIT 1 [ RunTime:0.000672s ]
[ error ] [8]未定义变量: position[/home/perci/tp/tp5/application/index/controller/Blog.php:53]
---------------------------------------------------------------
[ 2018-10-27T22:45:56+08:00 ] 27.18.167.234 GET 139.59.183.54:8888/index/blog/read/id/1
[运行时间：0.006323s] [吞吐率：158.15req/s] [内存消耗：650.77kb] [文件加载：73]
[ info ] [ LANG ] /home/perci/tp/tp5/thinkphp/lang/zh-cn.php
[ info ] [ ROUTE ] array (
)
[ info ] [ HEADER ] array (
  'host' => '139.59.183.54:8888',
  'connection' => 'keep-alive',
  'cache-control' => 'max-age=0',
  'upgrade-insecure-requests' => '1',
  'user-agent' => 'Mozilla/5.0 (Windows NT 10.0; Win64; x64) AppleWebKit/537.36 (KHTML, like Gecko) Chrome/69.0.3497.100 Safari/537.36',
  'accept' => 'text/html,application/xhtml+xml,application/xml;q=0.9,image/webp,image/apng,*/*;q=0.8',
  'accept-encoding' => 'gzip, deflate',
  'accept-language' => 'zh-CN,zh;q=0.9,en;q=0.8',
)
[ info ] [ PARAM ] array (
  'id' => '1',
)
[ info ] [ DB ] INIT mysql
[ info ] [ VIEW ] /home/perci/tp/tp5/application/index/view/blog/read.html [ array (
  0 => 'blog',
) ]
[ sql ] [ DB ] CONNECT:[ UseTime:0.000578s ] mysql:host=127.0.0.1;dbname=demo;charset=utf8
[ sql ] [ SQL ] SHOW COLUMNS FROM `blog` [ RunTime:0.001124s ]
[ sql ] [ SQL ] SELECT * FROM `blog` WHERE  `id` = 1 LIMIT 1 [ RunTime:0.000437s ]
---------------------------------------------------------------
[ 2018-10-27T22:48:16+08:00 ] 27.18.167.234 GET 139.59.183.54:8888/index/blog/
[运行时间：0.002503s] [吞吐率：399.53req/s] [内存消耗：345.37kb] [文件加载：58]
[ info ] [ LANG ] /home/perci/tp/tp5/thinkphp/lang/zh-cn.php
[ info ] [ ROUTE ] array (
)
[ info ] [ HEADER ] array (
  'host' => '139.59.183.54:8888',
  'connection' => 'keep-alive',
  'upgrade-insecure-requests' => '1',
  'user-agent' => 'Mozilla/5.0 (Windows NT 10.0; Win64; x64) AppleWebKit/537.36 (KHTML, like Gecko) Chrome/69.0.3497.100 Safari/537.36',
  'accept' => 'text/html,application/xhtml+xml,application/xml;q=0.9,image/webp,image/apng,*/*;q=0.8',
  'accept-encoding' => 'gzip, deflate',
  'accept-language' => 'zh-CN,zh;q=0.9,en;q=0.8',
)
[ info ] [ PARAM ] array (
)
---------------------------------------------------------------
[ 2018-10-27T22:48:22+08:00 ] 27.18.167.234 GET 139.59.183.54:8888/index/blog/read
[运行时间：0.006649s] [吞吐率：150.40req/s] [内存消耗：642.04kb] [文件加载：71]
[ info ] [ LANG ] /home/perci/tp/tp5/thinkphp/lang/zh-cn.php
[ info ] [ ROUTE ] array (
)
[ info ] [ HEADER ] array (
  'host' => '139.59.183.54:8888',
  'connection' => 'keep-alive',
  'upgrade-insecure-requests' => '1',
  'user-agent' => 'Mozilla/5.0 (Windows NT 10.0; Win64; x64) AppleWebKit/537.36 (KHTML, like Gecko) Chrome/69.0.3497.100 Safari/537.36',
  'accept' => 'text/html,application/xhtml+xml,application/xml;q=0.9,image/webp,image/apng,*/*;q=0.8',
  'accept-encoding' => 'gzip, deflate',
  'accept-language' => 'zh-CN,zh;q=0.9,en;q=0.8',
)
[ info ] [ PARAM ] array (
)
[ info ] [ DB ] INIT mysql
[ info ] [ VIEW ] /home/perci/tp/tp5/application/index/view/blog/read.html [ array (
  0 => 'blog',
) ]
[ sql ] [ DB ] CONNECT:[ UseTime:0.000722s ] mysql:host=127.0.0.1;dbname=demo;charset=utf8
[ sql ] [ SQL ] SHOW COLUMNS FROM `blog` [ RunTime:0.001359s ]
[ sql ] [ SQL ] SELECT * FROM `blog` WHERE  `id` = 1 LIMIT 1 [ RunTime:0.000574s ]
---------------------------------------------------------------
[ 2018-10-27T22:48:37+08:00 ] 27.18.167.234 GET 139.59.183.54:8888/index/
[运行时间：0.002060s] [吞吐率：485.45req/s] [内存消耗：362.38kb] [文件加载：59]
[ info ] [ LANG ] /home/perci/tp/tp5/thinkphp/lang/zh-cn.php
[ info ] [ ROUTE ] array (
)
[ info ] [ HEADER ] array (
  'host' => '139.59.183.54:8888',
  'connection' => 'keep-alive',
  'upgrade-insecure-requests' => '1',
  'user-agent' => 'Mozilla/5.0 (Windows NT 10.0; Win64; x64) AppleWebKit/537.36 (KHTML, like Gecko) Chrome/69.0.3497.100 Safari/537.36',
  'accept' => 'text/html,application/xhtml+xml,application/xml;q=0.9,image/webp,image/apng,*/*;q=0.8',
  'accept-encoding' => 'gzip, deflate',
  'accept-language' => 'zh-CN,zh;q=0.9,en;q=0.8',
)
[ info ] [ PARAM ] array (
)
[ info ] [ VIEW ] /home/perci/tp/tp5/application/index/view/index/index.html [ array (
) ]
---------------------------------------------------------------
[ 2018-10-27T22:51:26+08:00 ] 27.18.167.234 GET 139.59.183.54:8888/index/
[运行时间：0.002784s] [吞吐率：359.19req/s] [内存消耗：368.50kb] [文件加载：61]
[ info ] [ LANG ] /home/perci/tp/tp5/thinkphp/lang/zh-cn.php
[ info ] [ ROUTE ] array (
)
[ info ] [ HEADER ] array (
  'host' => '139.59.183.54:8888',
  'connection' => 'keep-alive',
  'cache-control' => 'max-age=0',
  'upgrade-insecure-requests' => '1',
  'user-agent' => 'Mozilla/5.0 (Windows NT 10.0; Win64; x64) AppleWebKit/537.36 (KHTML, like Gecko) Chrome/69.0.3497.100 Safari/537.36',
  'accept' => 'text/html,application/xhtml+xml,application/xml;q=0.9,image/webp,image/apng,*/*;q=0.8',
  'accept-encoding' => 'gzip, deflate',
  'accept-language' => 'zh-CN,zh;q=0.9,en;q=0.8',
)
[ info ] [ PARAM ] array (
)
[ info ] [ VIEW ] /home/perci/tp/tp5/application/index/view/index/index.html [ array (
) ]
---------------------------------------------------------------
[ 2018-10-27T22:55:30+08:00 ] 27.18.167.234 GET 139.59.183.54:8888/index/
[运行时间：0.002661s] [吞吐率：375.80req/s] [内存消耗：363.19kb] [文件加载：60]
[ info ] [ LANG ] /home/perci/tp/tp5/thinkphp/lang/zh-cn.php
[ info ] [ ROUTE ] array (
)
[ info ] [ HEADER ] array (
  'host' => '139.59.183.54:8888',
  'connection' => 'keep-alive',
  'cache-control' => 'max-age=0',
  'upgrade-insecure-requests' => '1',
  'user-agent' => 'Mozilla/5.0 (Windows NT 10.0; Win64; x64) AppleWebKit/537.36 (KHTML, like Gecko) Chrome/69.0.3497.100 Safari/537.36',
  'accept' => 'text/html,application/xhtml+xml,application/xml;q=0.9,image/webp,image/apng,*/*;q=0.8',
  'accept-encoding' => 'gzip, deflate',
  'accept-language' => 'zh-CN,zh;q=0.9,en;q=0.8',
)
[ info ] [ PARAM ] array (
)
[ info ] [ VIEW ] /home/perci/tp/tp5/application/index/view/index/index.html [ array (
) ]
---------------------------------------------------------------
[ 2018-10-27T22:56:01+08:00 ] 27.18.167.234 GET 139.59.183.54:8888/index/
[运行时间：0.003026s] [吞吐率：330.47req/s] [内存消耗：363.03kb] [文件加载：59]
[ info ] [ LANG ] /home/perci/tp/tp5/thinkphp/lang/zh-cn.php
[ info ] [ ROUTE ] array (
)
[ info ] [ HEADER ] array (
  'host' => '139.59.183.54:8888',
  'connection' => 'keep-alive',
  'cache-control' => 'max-age=0',
  'upgrade-insecure-requests' => '1',
  'user-agent' => 'Mozilla/5.0 (Windows NT 10.0; Win64; x64) AppleWebKit/537.36 (KHTML, like Gecko) Chrome/69.0.3497.100 Safari/537.36',
  'accept' => 'text/html,application/xhtml+xml,application/xml;q=0.9,image/webp,image/apng,*/*;q=0.8',
  'accept-encoding' => 'gzip, deflate',
  'accept-language' => 'zh-CN,zh;q=0.9,en;q=0.8',
)
[ info ] [ PARAM ] array (
)
[ info ] [ VIEW ] /home/perci/tp/tp5/application/index/view/index/index.html [ array (
) ]
---------------------------------------------------------------
[ 2018-10-27T22:56:09+08:00 ] 27.18.167.234 GET 139.59.183.54:8888/blog/1
[运行时间：0.001863s] [吞吐率：536.77req/s] [内存消耗：246.92kb] [文件加载：49]
[ info ] [ LANG ] /home/perci/tp/tp5/thinkphp/lang/zh-cn.php
---------------------------------------------------------------
[ 2018-10-27T22:56:15+08:00 ] 27.18.167.234 GET 139.59.183.54:8888/index/blog/1
[运行时间：0.002719s] [吞吐率：367.79req/s] [内存消耗：350.71kb] [文件加载：62]
[ info ] [ LANG ] /home/perci/tp/tp5/thinkphp/lang/zh-cn.php
[ info ] [ ROUTE ] array (
)
[ info ] [ HEADER ] array (
  'host' => '139.59.183.54:8888',
  'connection' => 'keep-alive',
  'upgrade-insecure-requests' => '1',
  'user-agent' => 'Mozilla/5.0 (Windows NT 10.0; Win64; x64) AppleWebKit/537.36 (KHTML, like Gecko) Chrome/69.0.3497.100 Safari/537.36',
  'accept' => 'text/html,application/xhtml+xml,application/xml;q=0.9,image/webp,image/apng,*/*;q=0.8',
  'accept-encoding' => 'gzip, deflate',
  'accept-language' => 'zh-CN,zh;q=0.9,en;q=0.8',
)
[ info ] [ PARAM ] array (
)
---------------------------------------------------------------
[ 2018-10-27T22:57:39+08:00 ] 27.18.167.234 GET 139.59.183.54:8888/index/blog/1
[运行时间：0.002874s] [吞吐率：347.96req/s] [内存消耗：350.45kb] [文件加载：63]
[ info ] [ LANG ] /home/perci/tp/tp5/thinkphp/lang/zh-cn.php
[ info ] [ ROUTE ] array (
)
[ info ] [ HEADER ] array (
  'host' => '139.59.183.54:8888',
  'connection' => 'keep-alive',
  'cache-control' => 'max-age=0',
  'upgrade-insecure-requests' => '1',
  'user-agent' => 'Mozilla/5.0 (Windows NT 10.0; Win64; x64) AppleWebKit/537.36 (KHTML, like Gecko) Chrome/69.0.3497.100 Safari/537.36',
  'accept' => 'text/html,application/xhtml+xml,application/xml;q=0.9,image/webp,image/apng,*/*;q=0.8',
  'accept-encoding' => 'gzip, deflate',
  'accept-language' => 'zh-CN,zh;q=0.9,en;q=0.8',
)
[ info ] [ PARAM ] array (
)
---------------------------------------------------------------
[ 2018-10-27T22:57:45+08:00 ] 27.18.167.234 GET 139.59.183.54:8888/blog/1
[运行时间：0.001891s] [吞吐率：528.78req/s] [内存消耗：246.92kb] [文件加载：50]
[ info ] [ LANG ] /home/perci/tp/tp5/thinkphp/lang/zh-cn.php
---------------------------------------------------------------
[ 2018-10-27T22:58:14+08:00 ] 27.18.167.234 GET 139.59.183.54:8888/blog/1
[运行时间：0.002142s] [吞吐率：466.86req/s] [内存消耗：247.48kb] [文件加载：49]
[ info ] [ LANG ] /home/perci/tp/tp5/thinkphp/lang/zh-cn.php
---------------------------------------------------------------
[ 2018-10-27T22:58:23+08:00 ] 27.18.167.234 GET 139.59.183.54:8888/index/blog/1
[运行时间：0.003851s] [吞吐率：259.68req/s] [内存消耗：349.62kb] [文件加载：62]
[ info ] [ LANG ] /home/perci/tp/tp5/thinkphp/lang/zh-cn.php
[ info ] [ ROUTE ] array (
)
[ info ] [ HEADER ] array (
  'host' => '139.59.183.54:8888',
  'connection' => 'keep-alive',
  'upgrade-insecure-requests' => '1',
  'user-agent' => 'Mozilla/5.0 (Windows NT 10.0; Win64; x64) AppleWebKit/537.36 (KHTML, like Gecko) Chrome/69.0.3497.100 Safari/537.36',
  'accept' => 'text/html,application/xhtml+xml,application/xml;q=0.9,image/webp,image/apng,*/*;q=0.8',
  'accept-encoding' => 'gzip, deflate',
  'accept-language' => 'zh-CN,zh;q=0.9,en;q=0.8',
)
[ info ] [ PARAM ] array (
)
---------------------------------------------------------------
[ 2018-10-27T22:58:28+08:00 ] 27.18.167.234 GET 139.59.183.54:8888/index/blog/read/1
[运行时间：0.002213s] [吞吐率：451.88req/s] [内存消耗：244.88kb] [文件加载：48]
[ info ] [ LANG ] /home/perci/tp/tp5/thinkphp/lang/zh-cn.php
---------------------------------------------------------------
[ 2018-10-27T22:58:49+08:00 ] 27.18.167.234 GET 139.59.183.54:8888/index/blog/read=1
[运行时间：0.003109s] [吞吐率：321.65req/s] [内存消耗：349.63kb] [文件加载：62]
[ info ] [ LANG ] /home/perci/tp/tp5/thinkphp/lang/zh-cn.php
[ info ] [ ROUTE ] array (
)
[ info ] [ HEADER ] array (
  'host' => '139.59.183.54:8888',
  'connection' => 'keep-alive',
  'upgrade-insecure-requests' => '1',
  'user-agent' => 'Mozilla/5.0 (Windows NT 10.0; Win64; x64) AppleWebKit/537.36 (KHTML, like Gecko) Chrome/69.0.3497.100 Safari/537.36',
  'accept' => 'text/html,application/xhtml+xml,application/xml;q=0.9,image/webp,image/apng,*/*;q=0.8',
  'accept-encoding' => 'gzip, deflate',
  'accept-language' => 'zh-CN,zh;q=0.9,en;q=0.8',
)
[ info ] [ PARAM ] array (
)
