---------------------------------------------------------------
[ 2018-10-30T00:38:31+08:00 ] 84.209.29.225 GET /
[运行时间：0.004580s] [吞吐率：218.34req/s] [内存消耗：359.91kb] [文件加载：60]
[ info ] [ LANG ] /home/perci/tp/tp5/thinkphp/lang/zh-cn.php
[ info ] [ ROUTE ] array (
  'rule' => '',
  'route' => 'index',
  'option' => 
  array (
    'merge_rule_regex' => false,
    'complete_match' => true,
  ),
  'var' => 
  array (
  ),
)
[ info ] [ HEADER ] array (
)
[ info ] [ PARAM ] array (
)
[ info ] [ VIEW ] /home/perci/tp/tp5/application/index/view/index/index.html [ array (
) ]
---------------------------------------------------------------
[ 2018-10-30T20:51:27+08:00 ] 196.52.43.130 GET /
[运行时间：0.005064s] [吞吐率：197.48req/s] [内存消耗：360.83kb] [文件加载：60]
[ info ] [ LANG ] /home/perci/tp/tp5/thinkphp/lang/zh-cn.php
[ info ] [ ROUTE ] array (
  'rule' => '',
  'route' => 'index',
  'option' => 
  array (
    'merge_rule_regex' => false,
    'complete_match' => true,
  ),
  'var' => 
  array (
  ),
)
[ info ] [ HEADER ] array (
  'user-agent' => 'Mozilla/5.0(WindowsNT6.1;rv:31.0)Gecko/20100101Firefox/31.0',
  'accept' => '*/*',
)
[ info ] [ PARAM ] array (
)
[ info ] [ VIEW ] /home/perci/tp/tp5/application/index/view/index/index.html [ array (
) ]
---------------------------------------------------------------
[ 2018-10-30T21:21:24+08:00 ] 171.82.162.95 GET 178.62.72.144:8888/
[运行时间：0.004072s] [吞吐率：245.58req/s] [内存消耗：362.39kb] [文件加载：60]
[ info ] [ LANG ] /home/perci/tp/tp5/thinkphp/lang/zh-cn.php
[ info ] [ ROUTE ] array (
  'rule' => '',
  'route' => 'index',
  'option' => 
  array (
    'merge_rule_regex' => false,
    'complete_match' => true,
  ),
  'var' => 
  array (
  ),
)
[ info ] [ HEADER ] array (
  'host' => '178.62.72.144:8888',
  'connection' => 'keep-alive',
  'upgrade-insecure-requests' => '1',
  'user-agent' => 'Mozilla/5.0 (X11; Linux x86_64) AppleWebKit/537.36 (KHTML, like Gecko) Chrome/69.0.3497.100 Safari/537.36',
  'accept' => 'text/html,application/xhtml+xml,application/xml;q=0.9,image/webp,image/apng,*/*;q=0.8',
  'accept-encoding' => 'gzip, deflate',
  'accept-language' => 'zh-CN,zh;q=0.9,en;q=0.8',
)
[ info ] [ PARAM ] array (
)
[ info ] [ VIEW ] /home/perci/tp/tp5/application/index/view/index/index.html [ array (
) ]
---------------------------------------------------------------
[ 2018-10-30T21:22:07+08:00 ] 171.82.162.95 GET 178.62.72.144:8888/index/blog/about
[运行时间：0.002916s] [吞吐率：342.92req/s] [内存消耗：364.08kb] [文件加载：61]
[ info ] [ LANG ] /home/perci/tp/tp5/thinkphp/lang/zh-cn.php
[ info ] [ ROUTE ] array (
)
[ info ] [ HEADER ] array (
  'host' => '178.62.72.144:8888',
  'connection' => 'keep-alive',
  'upgrade-insecure-requests' => '1',
  'user-agent' => 'Mozilla/5.0 (X11; Linux x86_64) AppleWebKit/537.36 (KHTML, like Gecko) Chrome/69.0.3497.100 Safari/537.36',
  'accept' => 'text/html,application/xhtml+xml,application/xml;q=0.9,image/webp,image/apng,*/*;q=0.8',
  'referer' => 'http://178.62.72.144:8888/',
  'accept-encoding' => 'gzip, deflate',
  'accept-language' => 'zh-CN,zh;q=0.9,en;q=0.8',
)
[ info ] [ PARAM ] array (
)
[ info ] [ VIEW ] /home/perci/tp/tp5/application/index/view/blog/about.html [ array (
) ]
---------------------------------------------------------------
[ 2018-10-30T23:21:51+08:00 ] 196.52.43.74 GET jford.xyz/
[运行时间：0.005559s] [吞吐率：179.88req/s] [内存消耗：360.91kb] [文件加载：60]
[ info ] [ LANG ] /home/perci/tp/tp5/thinkphp/lang/zh-cn.php
[ info ] [ ROUTE ] array (
  'rule' => '',
  'route' => 'index',
  'option' => 
  array (
    'merge_rule_regex' => false,
    'complete_match' => true,
  ),
  'var' => 
  array (
  ),
)
[ info ] [ HEADER ] array (
  'host' => 'jford.xyz',
  'user-agent' => 'Mozilla/5.0 (compatible; nsrbot/1.0; &#43;http://netsystemsresearch.com)',
)
[ info ] [ PARAM ] array (
)
[ info ] [ VIEW ] /home/perci/tp/tp5/application/index/view/index/index.html [ array (
) ]
---------------------------------------------------------------
[ 2018-10-30T23:28:15+08:00 ] 209.17.97.82 GET elsatolongleyjason.com/
[运行时间：0.003240s] [吞吐率：308.65req/s] [内存消耗：360.95kb] [文件加载：60]
[ info ] [ LANG ] /home/perci/tp/tp5/thinkphp/lang/zh-cn.php
[ info ] [ ROUTE ] array (
  'rule' => '',
  'route' => 'index',
  'option' => 
  array (
    'merge_rule_regex' => false,
    'complete_match' => true,
  ),
  'var' => 
  array (
  ),
)
[ info ] [ HEADER ] array (
  'host' => 'elsatolongleyjason.com',
  'user-agent' => 'Mozilla/5.0 (compatible; Nimbostratus-Bot/v1.3.2; http://cloudsystemnetworks.com)',
)
[ info ] [ PARAM ] array (
)
[ info ] [ VIEW ] /home/perci/tp/tp5/application/index/view/index/index.html [ array (
) ]
