---------------------------------------------------------------
[ 2018-11-07T09:04:21+08:00 ] 209.17.97.26 GET elsatolongleyjason.com/
[运行时间：0.018323s] [吞吐率：54.58req/s] [内存消耗：732.33kb] [文件加载：83]
[ info ] [ LANG ] /home/perci/tp/tp5/thinkphp/lang/zh-cn.php
[ info ] [ ROUTE ] array (
  'rule' => '',
  'route' => 'index',
  'option' => 
  array (
    'merge_rule_regex' => false,
    'complete_match' => true,
  ),
  'var' => 
  array (
  ),
)
[ info ] [ HEADER ] array (
  'host' => 'elsatolongleyjason.com',
  'user-agent' => 'Mozilla/5.0 (compatible; Nimbostratus-Bot/v1.3.2; http://cloudsystemnetworks.com)',
)
[ info ] [ PARAM ] array (
)
[ info ] [ DB ] INIT mysql
[ info ] [ VIEW ] ../application/index/view/the1/index/index.html [ array (
  0 => 'ka',
  1 => 'extendTest',
  2 => 'blogs',
) ]
[ sql ] [ DB ] CONNECT:[ UseTime:0.002692s ] mysql:host=127.0.0.1;dbname=demo;charset=utf8
[ sql ] [ SQL ] SHOW COLUMNS FROM `blog` [ RunTime:0.003438s ]
[ sql ] [ SQL ] SELECT `id`,`name`,`title`,`publish_time` FROM `blog` WHERE  `publish_time` BETWEEN 1541001600 AND 1543593600  AND `tai` = 'display' ORDER BY `id` DESC [ RunTime:0.001073s ]
[ sql ] [ SQL ] SHOW COLUMNS FROM `base` [ RunTime:0.000810s ]
[ sql ] [ SQL ] SELECT `src` FROM `base` WHERE  `tai` = 'now' [ RunTime:0.000421s ]
[ sql ] [ SQL ] SELECT `src` FROM `base` WHERE  `tai` = 'now' [ RunTime:0.000424s ]
---------------------------------------------------------------
[ 2018-11-07T09:19:53+08:00 ] 59.36.132.222 GET www.baidu.comhttp://www.baidu.com/
[运行时间：0.005090s] [吞吐率：196.46req/s] [内存消耗：321.63kb] [文件加载：53]
[ info ] [ LANG ] /home/perci/tp/tp5/thinkphp/lang/zh-cn.php
---------------------------------------------------------------
[ 2018-11-07T10:49:09+08:00 ] 119.103.22.43 GET 178.62.72.144:8888/
[运行时间：0.019083s] [吞吐率：52.40req/s] [内存消耗：733.97kb] [文件加载：83]
[ info ] [ LANG ] /home/perci/tp/tp5/thinkphp/lang/zh-cn.php
[ info ] [ ROUTE ] array (
  'rule' => '',
  'route' => 'index',
  'option' => 
  array (
    'merge_rule_regex' => false,
    'complete_match' => true,
  ),
  'var' => 
  array (
  ),
)
[ info ] [ HEADER ] array (
  'host' => '178.62.72.144:8888',
  'connection' => 'keep-alive',
  'purpose' => 'prefetch',
  'upgrade-insecure-requests' => '1',
  'user-agent' => 'Mozilla/5.0 (X11; Linux x86_64) AppleWebKit/537.36 (KHTML, like Gecko) Chrome/69.0.3497.100 Safari/537.36',
  'accept' => 'text/html,application/xhtml+xml,application/xml;q=0.9,image/webp,image/apng,*/*;q=0.8',
  'accept-encoding' => 'gzip, deflate',
  'accept-language' => 'zh-CN,zh;q=0.9,en;q=0.8',
)
[ info ] [ PARAM ] array (
)
[ info ] [ DB ] INIT mysql
[ info ] [ VIEW ] ../application/index/view/the1/index/index.html [ array (
  0 => 'ka',
  1 => 'extendTest',
  2 => 'blogs',
) ]
[ sql ] [ DB ] CONNECT:[ UseTime:0.002914s ] mysql:host=127.0.0.1;dbname=demo;charset=utf8
[ sql ] [ SQL ] SHOW COLUMNS FROM `blog` [ RunTime:0.003497s ]
[ sql ] [ SQL ] SELECT `id`,`name`,`title`,`publish_time` FROM `blog` WHERE  `publish_time` BETWEEN 1541001600 AND 1543593600  AND `tai` = 'display' ORDER BY `id` DESC [ RunTime:0.001239s ]
[ sql ] [ SQL ] SHOW COLUMNS FROM `base` [ RunTime:0.001118s ]
[ sql ] [ SQL ] SELECT `src` FROM `base` WHERE  `tai` = 'now' [ RunTime:0.000435s ]
[ sql ] [ SQL ] SELECT `src` FROM `base` WHERE  `tai` = 'now' [ RunTime:0.000373s ]
---------------------------------------------------------------
[ 2018-11-07T10:49:22+08:00 ] 119.103.22.43 GET 178.62.72.144:8888/index/other/index
[运行时间：0.011837s] [吞吐率：84.48req/s] [内存消耗：746.30kb] [文件加载：84]
[ info ] [ LANG ] /home/perci/tp/tp5/thinkphp/lang/zh-cn.php
[ info ] [ ROUTE ] array (
)
[ info ] [ HEADER ] array (
  'host' => '178.62.72.144:8888',
  'connection' => 'keep-alive',
  'upgrade-insecure-requests' => '1',
  'user-agent' => 'Mozilla/5.0 (X11; Linux x86_64) AppleWebKit/537.36 (KHTML, like Gecko) Chrome/69.0.3497.100 Safari/537.36',
  'accept' => 'text/html,application/xhtml+xml,application/xml;q=0.9,image/webp,image/apng,*/*;q=0.8',
  'referer' => 'http://178.62.72.144:8888/',
  'accept-encoding' => 'gzip, deflate',
  'accept-language' => 'zh-CN,zh;q=0.9,en;q=0.8',
)
[ info ] [ PARAM ] array (
)
[ info ] [ DB ] INIT mysql
[ info ] [ VIEW ] ../application/index/view/the1/other/index.html [ array (
  0 => 'pages',
) ]
[ sql ] [ DB ] CONNECT:[ UseTime:0.001033s ] mysql:host=127.0.0.1;dbname=demo;charset=utf8
[ sql ] [ SQL ] SHOW COLUMNS FROM `behaviors` [ RunTime:0.001322s ]
[ sql ] [ SQL ] SELECT * FROM `behaviors` WHERE  `hook_name` = 'Newpage' [ RunTime:0.000553s ]
[ sql ] [ SQL ] SHOW COLUMNS FROM `page` [ RunTime:0.000757s ]
[ sql ] [ SQL ] SELECT * FROM `page` [ RunTime:0.000397s ]
[ sql ] [ SQL ] SHOW COLUMNS FROM `base` [ RunTime:0.001297s ]
[ sql ] [ SQL ] SELECT `src` FROM `base` WHERE  `tai` = 'now' [ RunTime:0.000892s ]
---------------------------------------------------------------
[ 2018-11-07T10:49:27+08:00 ] 119.103.22.43 GET 178.62.72.144:8888/index/blog/login
[运行时间：0.010304s] [吞吐率：97.05req/s] [内存消耗：737.46kb] [文件加载：85]
[ info ] [ LANG ] /home/perci/tp/tp5/thinkphp/lang/zh-cn.php
[ info ] [ ROUTE ] array (
)
[ info ] [ HEADER ] array (
  'host' => '178.62.72.144:8888',
  'connection' => 'keep-alive',
  'upgrade-insecure-requests' => '1',
  'user-agent' => 'Mozilla/5.0 (X11; Linux x86_64) AppleWebKit/537.36 (KHTML, like Gecko) Chrome/69.0.3497.100 Safari/537.36',
  'accept' => 'text/html,application/xhtml+xml,application/xml;q=0.9,image/webp,image/apng,*/*;q=0.8',
  'referer' => 'http://178.62.72.144:8888/index/other/index',
  'accept-encoding' => 'gzip, deflate',
  'accept-language' => 'zh-CN,zh;q=0.9,en;q=0.8',
)
[ info ] [ PARAM ] array (
)
[ info ] [ DB ] INIT mysql
[ info ] [ VIEW ] ../application/index/view/the1/blog/login.html [ array (
  0 => 'tai',
  1 => 'validator_entry',
) ]
[ sql ] [ DB ] CONNECT:[ UseTime:0.000833s ] mysql:host=127.0.0.1;dbname=demo;charset=utf8
[ sql ] [ SQL ] SHOW COLUMNS FROM `behaviors` [ RunTime:0.001216s ]
[ sql ] [ SQL ] SELECT `behavior_file` FROM `behaviors` WHERE  `hook_name` = 'Validator'  AND `tai` = 'enable' [ RunTime:0.000701s ]
[ sql ] [ SQL ] SHOW COLUMNS FROM `base` [ RunTime:0.001002s ]
[ sql ] [ SQL ] SELECT `src` FROM `base` WHERE  `tai` = 'now' [ RunTime:0.000390s ]
---------------------------------------------------------------
[ 2018-11-07T10:49:27+08:00 ] 119.103.22.43 GET 178.62.72.144:8888/captcha
[运行时间：0.004939s] [吞吐率：202.47req/s] [内存消耗：341.98kb] [文件加载：53]
[ info ] [ LANG ] /home/perci/tp/tp5/thinkphp/lang/zh-cn.php
[ info ] [ ROUTE ] array (
  'rule' => 'captcha/<id?>',
  'route' => '\\think\\captcha\\CaptchaController@index',
  'option' => 
  array (
    'merge_rule_regex' => false,
  ),
  'var' => 
  array (
  ),
)
[ info ] [ HEADER ] array (
  'host' => '178.62.72.144:8888',
  'connection' => 'keep-alive',
  'user-agent' => 'Mozilla/5.0 (X11; Linux x86_64) AppleWebKit/537.36 (KHTML, like Gecko) Chrome/69.0.3497.100 Safari/537.36',
  'accept' => 'image/webp,image/apng,image/*,*/*;q=0.8',
  'referer' => 'http://178.62.72.144:8888/index/blog/login',
  'accept-encoding' => 'gzip, deflate',
  'accept-language' => 'zh-CN,zh;q=0.9,en;q=0.8',
  'cookie' => 'PHPSESSID=hfficha94ht3tc9drtho7f5el5',
)
[ info ] [ PARAM ] array (
)
---------------------------------------------------------------
[ 2018-11-07T10:49:43+08:00 ] 119.103.22.43 POST 178.62.72.144:8888/index/blog/login
[运行时间：0.007620s] [吞吐率：131.23req/s] [内存消耗：738.38kb] [文件加载：86]
[ info ] [ LANG ] /home/perci/tp/tp5/thinkphp/lang/zh-cn.php
[ info ] [ ROUTE ] array (
)
[ info ] [ HEADER ] array (
  'host' => '178.62.72.144:8888',
  'connection' => 'keep-alive',
  'content-length' => '58',
  'cache-control' => 'max-age=0',
  'origin' => 'http://178.62.72.144:8888',
  'upgrade-insecure-requests' => '1',
  'content-type' => 'application/x-www-form-urlencoded',
  'user-agent' => 'Mozilla/5.0 (X11; Linux x86_64) AppleWebKit/537.36 (KHTML, like Gecko) Chrome/69.0.3497.100 Safari/537.36',
  'accept' => 'text/html,application/xhtml+xml,application/xml;q=0.9,image/webp,image/apng,*/*;q=0.8',
  'referer' => 'http://178.62.72.144:8888/index/blog/login',
  'accept-encoding' => 'gzip, deflate',
  'accept-language' => 'zh-CN,zh;q=0.9,en;q=0.8',
  'cookie' => 'PHPSESSID=hfficha94ht3tc9drtho7f5el5',
)
[ info ] [ PARAM ] array (
  'username' => 'shudal',
  'password' => 'Ma1822391_',
  'validation_input' => 'hTcEE',
)
[ info ] [ DB ] INIT mysql
[ sql ] [ DB ] CONNECT:[ UseTime:0.000604s ] mysql:host=127.0.0.1;dbname=demo;charset=utf8
[ sql ] [ SQL ] SHOW COLUMNS FROM `behaviors` [ RunTime:0.001015s ]
[ sql ] [ SQL ] SELECT `behavior_file` FROM `behaviors` WHERE  `hook_name` = 'Validator'  AND `tai` = 'enable' [ RunTime:0.000475s ]
[ sql ] [ SQL ] SHOW COLUMNS FROM `users` [ RunTime:0.000812s ]
[ sql ] [ SQL ] SELECT `password`,`pri` FROM `users` WHERE  `username` = 'shudal' [ RunTime:0.000406s ]
---------------------------------------------------------------
[ 2018-11-07T10:49:43+08:00 ] 119.103.22.43 GET 178.62.72.144:8888/index/blog/admin
[运行时间：0.018051s] [吞吐率：55.40req/s] [内存消耗：846.04kb] [文件加载：91]
[ info ] [ LANG ] /home/perci/tp/tp5/thinkphp/lang/zh-cn.php
[ info ] [ ROUTE ] array (
)
[ info ] [ HEADER ] array (
  'host' => '178.62.72.144:8888',
  'connection' => 'keep-alive',
  'cache-control' => 'max-age=0',
  'upgrade-insecure-requests' => '1',
  'user-agent' => 'Mozilla/5.0 (X11; Linux x86_64) AppleWebKit/537.36 (KHTML, like Gecko) Chrome/69.0.3497.100 Safari/537.36',
  'accept' => 'text/html,application/xhtml+xml,application/xml;q=0.9,image/webp,image/apng,*/*;q=0.8',
  'referer' => 'http://178.62.72.144:8888/index/blog/login',
  'accept-encoding' => 'gzip, deflate',
  'accept-language' => 'zh-CN,zh;q=0.9,en;q=0.8',
  'cookie' => 'PHPSESSID=hfficha94ht3tc9drtho7f5el5',
)
[ info ] [ PARAM ] array (
)
[ info ] [ DB ] INIT mysql
[ info ] [ VIEW ] ../application/index/view/the1/blog/admin.html [ array (
  0 => 'blogs',
  1 => 'svalue',
  2 => 'themes',
  3 => 'FilterAddons',
  4 => 'ValidatorAddons',
  5 => 'ClassfilterAddons',
  6 => 'cates',
  7 => 'unkeys',
  8 => 'newPages',
) ]
[ sql ] [ DB ] CONNECT:[ UseTime:0.000615s ] mysql:host=127.0.0.1;dbname=demo;charset=utf8
[ sql ] [ SQL ] SHOW COLUMNS FROM `blog` [ RunTime:0.001166s ]
[ sql ] [ SQL ] SELECT `id`,`name`,`title`,`publish_time` FROM `blog` WHERE  `content` LIKE '%%' ORDER BY `id` DESC [ RunTime:0.000621s ]
[ sql ] [ SQL ] SHOW COLUMNS FROM `behaviors` [ RunTime:0.000770s ]
[ sql ] [ SQL ] SELECT `id`,`behavior_name`,`behavior_file`,`tai` FROM `behaviors` WHERE  `hook_name` = 'Filter'  AND `tai` = 'enable' [ RunTime:0.000457s ]
[ sql ] [ SQL ] SHOW COLUMNS FROM `unkeys` [ RunTime:0.000712s ]
[ sql ] [ SQL ] SELECT * FROM `unkeys` [ RunTime:0.000389s ]
[ sql ] [ SQL ] SELECT `id`,`behavior_name`,`tai` FROM `behaviors` WHERE  `hook_name` = 'Validator' [ RunTime:0.000363s ]
[ sql ] [ SQL ] SELECT `id`,`behavior_name`,`behavior_file`,`tai` FROM `behaviors` WHERE  `hook_name` = 'Classfilter' [ RunTime:0.000398s ]
[ sql ] [ SQL ] SHOW COLUMNS FROM `categories` [ RunTime:0.000708s ]
[ sql ] [ SQL ] SELECT * FROM `categories` [ RunTime:0.000387s ]
[ sql ] [ SQL ] SELECT `id`,`behavior_name`,`behavior_file`,`tai` FROM `behaviors` WHERE  `hook_name` = 'Newpage'  AND `tai` = 'enable' [ RunTime:0.000412s ]
[ sql ] [ SQL ] SHOW COLUMNS FROM `page` [ RunTime:0.000729s ]
[ sql ] [ SQL ] SELECT * FROM `page` [ RunTime:0.000345s ]
[ sql ] [ SQL ] SHOW COLUMNS FROM `base` [ RunTime:0.000713s ]
[ sql ] [ SQL ] SELECT `name`,`src`,`tai` FROM `base` WHERE  `type` = 'theme' [ RunTime:0.000395s ]
[ sql ] [ SQL ] SELECT `src` FROM `base` WHERE  `tai` = 'now' [ RunTime:0.000442s ]
---------------------------------------------------------------
[ 2018-11-07T14:00:53+08:00 ] 113.57.176.179 GET 178.62.72.144:8888/
[运行时间：0.016799s] [吞吐率：59.53req/s] [内存消耗：733.97kb] [文件加载：83]
[ info ] [ LANG ] /home/perci/tp/tp5/thinkphp/lang/zh-cn.php
[ info ] [ ROUTE ] array (
  'rule' => '',
  'route' => 'index',
  'option' => 
  array (
    'merge_rule_regex' => false,
    'complete_match' => true,
  ),
  'var' => 
  array (
  ),
)
[ info ] [ HEADER ] array (
  'host' => '178.62.72.144:8888',
  'connection' => 'keep-alive',
  'purpose' => 'prefetch',
  'upgrade-insecure-requests' => '1',
  'user-agent' => 'Mozilla/5.0 (X11; Linux x86_64) AppleWebKit/537.36 (KHTML, like Gecko) Chrome/69.0.3497.100 Safari/537.36',
  'accept' => 'text/html,application/xhtml+xml,application/xml;q=0.9,image/webp,image/apng,*/*;q=0.8',
  'accept-encoding' => 'gzip, deflate',
  'accept-language' => 'zh-CN,zh;q=0.9,en;q=0.8',
)
[ info ] [ PARAM ] array (
)
[ info ] [ DB ] INIT mysql
[ info ] [ VIEW ] ../application/index/view/the1/index/index.html [ array (
  0 => 'ka',
  1 => 'extendTest',
  2 => 'blogs',
) ]
[ sql ] [ DB ] CONNECT:[ UseTime:0.002130s ] mysql:host=127.0.0.1;dbname=demo;charset=utf8
[ sql ] [ SQL ] SHOW COLUMNS FROM `blog` [ RunTime:0.003155s ]
[ sql ] [ SQL ] SELECT `id`,`name`,`title`,`publish_time` FROM `blog` WHERE  `publish_time` BETWEEN 1541001600 AND 1543593600  AND `tai` = 'display' ORDER BY `id` DESC [ RunTime:0.001288s ]
[ sql ] [ SQL ] SHOW COLUMNS FROM `base` [ RunTime:0.000771s ]
[ sql ] [ SQL ] SELECT `src` FROM `base` WHERE  `tai` = 'now' [ RunTime:0.000420s ]
[ sql ] [ SQL ] SELECT `src` FROM `base` WHERE  `tai` = 'now' [ RunTime:0.000372s ]
---------------------------------------------------------------
[ 2018-11-07T14:49:29+08:00 ] 196.52.43.103 GET /
[运行时间：0.017356s] [吞吐率：57.62req/s] [内存消耗：732.21kb] [文件加载：83]
[ info ] [ LANG ] /home/perci/tp/tp5/thinkphp/lang/zh-cn.php
[ info ] [ ROUTE ] array (
  'rule' => '',
  'route' => 'index',
  'option' => 
  array (
    'merge_rule_regex' => false,
    'complete_match' => true,
  ),
  'var' => 
  array (
  ),
)
[ info ] [ HEADER ] array (
  'user-agent' => 'Mozilla/5.0(WindowsNT6.1;rv:31.0)Gecko/20100101Firefox/31.0',
  'accept' => '*/*',
)
[ info ] [ PARAM ] array (
)
[ info ] [ DB ] INIT mysql
[ info ] [ VIEW ] ../application/index/view/the1/index/index.html [ array (
  0 => 'ka',
  1 => 'extendTest',
  2 => 'blogs',
) ]
[ sql ] [ DB ] CONNECT:[ UseTime:0.002814s ] mysql:host=127.0.0.1;dbname=demo;charset=utf8
[ sql ] [ SQL ] SHOW COLUMNS FROM `blog` [ RunTime:0.003170s ]
[ sql ] [ SQL ] SELECT `id`,`name`,`title`,`publish_time` FROM `blog` WHERE  `publish_time` BETWEEN 1541001600 AND 1543593600  AND `tai` = 'display' ORDER BY `id` DESC [ RunTime:0.001105s ]
[ sql ] [ SQL ] SHOW COLUMNS FROM `base` [ RunTime:0.000809s ]
[ sql ] [ SQL ] SELECT `src` FROM `base` WHERE  `tai` = 'now' [ RunTime:0.000494s ]
[ sql ] [ SQL ] SELECT `src` FROM `base` WHERE  `tai` = 'now' [ RunTime:0.000357s ]
---------------------------------------------------------------
[ 2018-11-07T18:11:19+08:00 ] 113.57.176.179 GET 178.62.72.144:8888/
[运行时间：0.017661s] [吞吐率：56.62req/s] [内存消耗：733.97kb] [文件加载：83]
[ info ] [ LANG ] /home/perci/tp/tp5/thinkphp/lang/zh-cn.php
[ info ] [ ROUTE ] array (
  'rule' => '',
  'route' => 'index',
  'option' => 
  array (
    'merge_rule_regex' => false,
    'complete_match' => true,
  ),
  'var' => 
  array (
  ),
)
[ info ] [ HEADER ] array (
  'host' => '178.62.72.144:8888',
  'connection' => 'keep-alive',
  'purpose' => 'prefetch',
  'upgrade-insecure-requests' => '1',
  'user-agent' => 'Mozilla/5.0 (X11; Linux x86_64) AppleWebKit/537.36 (KHTML, like Gecko) Chrome/69.0.3497.100 Safari/537.36',
  'accept' => 'text/html,application/xhtml+xml,application/xml;q=0.9,image/webp,image/apng,*/*;q=0.8',
  'accept-encoding' => 'gzip, deflate',
  'accept-language' => 'zh-CN,zh;q=0.9,en;q=0.8',
)
[ info ] [ PARAM ] array (
)
[ info ] [ DB ] INIT mysql
[ info ] [ VIEW ] ../application/index/view/the1/index/index.html [ array (
  0 => 'ka',
  1 => 'extendTest',
  2 => 'blogs',
) ]
[ sql ] [ DB ] CONNECT:[ UseTime:0.002340s ] mysql:host=127.0.0.1;dbname=demo;charset=utf8
[ sql ] [ SQL ] SHOW COLUMNS FROM `blog` [ RunTime:0.003305s ]
[ sql ] [ SQL ] SELECT `id`,`name`,`title`,`publish_time` FROM `blog` WHERE  `publish_time` BETWEEN 1541001600 AND 1543593600  AND `tai` = 'display' ORDER BY `id` DESC [ RunTime:0.001200s ]
[ sql ] [ SQL ] SHOW COLUMNS FROM `base` [ RunTime:0.000799s ]
[ sql ] [ SQL ] SELECT `src` FROM `base` WHERE  `tai` = 'now' [ RunTime:0.000425s ]
[ sql ] [ SQL ] SELECT `src` FROM `base` WHERE  `tai` = 'now' [ RunTime:0.000370s ]
---------------------------------------------------------------
[ 2018-11-07T18:11:22+08:00 ] 113.57.176.179 GET 178.62.72.144:8888/index/other/index
[运行时间：0.009924s] [吞吐率：100.77req/s] [内存消耗：745.21kb] [文件加载：84]
[ info ] [ LANG ] /home/perci/tp/tp5/thinkphp/lang/zh-cn.php
[ info ] [ ROUTE ] array (
)
[ info ] [ HEADER ] array (
  'host' => '178.62.72.144:8888',
  'connection' => 'keep-alive',
  'upgrade-insecure-requests' => '1',
  'user-agent' => 'Mozilla/5.0 (X11; Linux x86_64) AppleWebKit/537.36 (KHTML, like Gecko) Chrome/69.0.3497.100 Safari/537.36',
  'accept' => 'text/html,application/xhtml+xml,application/xml;q=0.9,image/webp,image/apng,*/*;q=0.8',
  'referer' => 'http://178.62.72.144:8888/',
  'accept-encoding' => 'gzip, deflate',
  'accept-language' => 'zh-CN,zh;q=0.9,en;q=0.8',
)
[ info ] [ PARAM ] array (
)
[ info ] [ DB ] INIT mysql
[ info ] [ VIEW ] ../application/index/view/the1/other/index.html [ array (
  0 => 'pages',
) ]
[ sql ] [ DB ] CONNECT:[ UseTime:0.000850s ] mysql:host=127.0.0.1;dbname=demo;charset=utf8
[ sql ] [ SQL ] SHOW COLUMNS FROM `behaviors` [ RunTime:0.001414s ]
[ sql ] [ SQL ] SELECT * FROM `behaviors` WHERE  `hook_name` = 'Newpage' [ RunTime:0.000539s ]
[ sql ] [ SQL ] SHOW COLUMNS FROM `page` [ RunTime:0.000849s ]
[ sql ] [ SQL ] SELECT * FROM `page` [ RunTime:0.000381s ]
[ sql ] [ SQL ] SHOW COLUMNS FROM `base` [ RunTime:0.000718s ]
[ sql ] [ SQL ] SELECT `src` FROM `base` WHERE  `tai` = 'now' [ RunTime:0.000405s ]
---------------------------------------------------------------
[ 2018-11-07T18:11:25+08:00 ] 113.57.176.179 GET 178.62.72.144:8888/index/blog/login
[运行时间：0.009907s] [吞吐率：100.94req/s] [内存消耗：730.34kb] [文件加载：83]
[ info ] [ LANG ] /home/perci/tp/tp5/thinkphp/lang/zh-cn.php
[ info ] [ ROUTE ] array (
)
[ info ] [ HEADER ] array (
  'host' => '178.62.72.144:8888',
  'connection' => 'keep-alive',
  'upgrade-insecure-requests' => '1',
  'user-agent' => 'Mozilla/5.0 (X11; Linux x86_64) AppleWebKit/537.36 (KHTML, like Gecko) Chrome/69.0.3497.100 Safari/537.36',
  'accept' => 'text/html,application/xhtml+xml,application/xml;q=0.9,image/webp,image/apng,*/*;q=0.8',
  'referer' => 'http://178.62.72.144:8888/index/other/index',
  'accept-encoding' => 'gzip, deflate',
  'accept-language' => 'zh-CN,zh;q=0.9,en;q=0.8',
)
[ info ] [ PARAM ] array (
)
[ info ] [ DB ] INIT mysql
[ info ] [ VIEW ] ../application/index/view/the1/blog/login.html [ array (
  0 => 'tai',
  1 => 'validator_entry',
) ]
[ sql ] [ DB ] CONNECT:[ UseTime:0.000715s ] mysql:host=127.0.0.1;dbname=demo;charset=utf8
[ sql ] [ SQL ] SHOW COLUMNS FROM `behaviors` [ RunTime:0.001241s ]
[ sql ] [ SQL ] SELECT `behavior_file` FROM `behaviors` WHERE  `hook_name` = 'Validator'  AND `tai` = 'enable' [ RunTime:0.000546s ]
[ sql ] [ SQL ] SHOW COLUMNS FROM `base` [ RunTime:0.000759s ]
[ sql ] [ SQL ] SELECT `src` FROM `base` WHERE  `tai` = 'now' [ RunTime:0.000379s ]
---------------------------------------------------------------
[ 2018-11-07T18:11:26+08:00 ] 113.57.176.179 GET 178.62.72.144:8888/captcha
[运行时间：0.004869s] [吞吐率：205.38req/s] [内存消耗：341.98kb] [文件加载：53]
[ info ] [ LANG ] /home/perci/tp/tp5/thinkphp/lang/zh-cn.php
[ info ] [ ROUTE ] array (
  'rule' => 'captcha/<id?>',
  'route' => '\\think\\captcha\\CaptchaController@index',
  'option' => 
  array (
    'merge_rule_regex' => false,
  ),
  'var' => 
  array (
  ),
)
[ info ] [ HEADER ] array (
  'host' => '178.62.72.144:8888',
  'connection' => 'keep-alive',
  'user-agent' => 'Mozilla/5.0 (X11; Linux x86_64) AppleWebKit/537.36 (KHTML, like Gecko) Chrome/69.0.3497.100 Safari/537.36',
  'accept' => 'image/webp,image/apng,image/*,*/*;q=0.8',
  'referer' => 'http://178.62.72.144:8888/index/blog/login',
  'accept-encoding' => 'gzip, deflate',
  'accept-language' => 'zh-CN,zh;q=0.9,en;q=0.8',
  'cookie' => 'PHPSESSID=c6vk3eis4pqe2af5vbhlq45lj0',
)
[ info ] [ PARAM ] array (
)
---------------------------------------------------------------
[ 2018-11-07T18:11:35+08:00 ] 113.57.176.179 POST 178.62.72.144:8888/index/blog/login
[运行时间：0.009865s] [吞吐率：101.37req/s] [内存消耗：752.31kb] [文件加载：88]
[ info ] [ LANG ] /home/perci/tp/tp5/thinkphp/lang/zh-cn.php
[ info ] [ ROUTE ] array (
)
[ info ] [ HEADER ] array (
  'host' => '178.62.72.144:8888',
  'connection' => 'keep-alive',
  'content-length' => '59',
  'cache-control' => 'max-age=0',
  'origin' => 'http://178.62.72.144:8888',
  'upgrade-insecure-requests' => '1',
  'content-type' => 'application/x-www-form-urlencoded',
  'user-agent' => 'Mozilla/5.0 (X11; Linux x86_64) AppleWebKit/537.36 (KHTML, like Gecko) Chrome/69.0.3497.100 Safari/537.36',
  'accept' => 'text/html,application/xhtml+xml,application/xml;q=0.9,image/webp,image/apng,*/*;q=0.8',
  'referer' => 'http://178.62.72.144:8888/index/blog/login',
  'accept-encoding' => 'gzip, deflate',
  'accept-language' => 'zh-CN,zh;q=0.9,en;q=0.8',
  'cookie' => 'PHPSESSID=c6vk3eis4pqe2af5vbhlq45lj0',
)
[ info ] [ PARAM ] array (
  'username' => 'shudal',
  'password' => 'Ma18223921_',
  'validation_input' => '4tPPf',
)
[ info ] [ DB ] INIT mysql
[ info ] [ VIEW ] ../application/index/view/the1/base.html [ array (
  0 => 'distai',
) ]
[ sql ] [ DB ] CONNECT:[ UseTime:0.000796s ] mysql:host=127.0.0.1;dbname=demo;charset=utf8
[ sql ] [ SQL ] SHOW COLUMNS FROM `behaviors` [ RunTime:0.001151s ]
[ sql ] [ SQL ] SELECT `behavior_file` FROM `behaviors` WHERE  `hook_name` = 'Validator'  AND `tai` = 'enable' [ RunTime:0.000609s ]
[ sql ] [ SQL ] SHOW COLUMNS FROM `users` [ RunTime:0.000776s ]
[ sql ] [ SQL ] SELECT `password`,`pri` FROM `users` WHERE  `username` = 'shudal' [ RunTime:0.000413s ]
[ sql ] [ SQL ] SHOW COLUMNS FROM `base` [ RunTime:0.000700s ]
[ sql ] [ SQL ] SELECT `src` FROM `base` WHERE  `tai` = 'now' [ RunTime:0.000373s ]
---------------------------------------------------------------
[ 2018-11-07T18:11:41+08:00 ] 113.57.176.179 GET 178.62.72.144:8888/index/blog/login
[运行时间：0.007452s] [吞吐率：134.19req/s] [内存消耗：730.23kb] [文件加载：83]
[ info ] [ LANG ] /home/perci/tp/tp5/thinkphp/lang/zh-cn.php
[ info ] [ ROUTE ] array (
)
[ info ] [ HEADER ] array (
  'host' => '178.62.72.144:8888',
  'connection' => 'keep-alive',
  'upgrade-insecure-requests' => '1',
  'user-agent' => 'Mozilla/5.0 (X11; Linux x86_64) AppleWebKit/537.36 (KHTML, like Gecko) Chrome/69.0.3497.100 Safari/537.36',
  'accept' => 'text/html,application/xhtml+xml,application/xml;q=0.9,image/webp,image/apng,*/*;q=0.8',
  'referer' => 'http://178.62.72.144:8888/index/other/index',
  'accept-encoding' => 'gzip, deflate',
  'accept-language' => 'zh-CN,zh;q=0.9,en;q=0.8',
  'cookie' => 'PHPSESSID=c6vk3eis4pqe2af5vbhlq45lj0',
)
[ info ] [ PARAM ] array (
)
[ info ] [ DB ] INIT mysql
[ info ] [ VIEW ] ../application/index/view/the1/blog/login.html [ array (
  0 => 'tai',
  1 => 'validator_entry',
) ]
[ sql ] [ DB ] CONNECT:[ UseTime:0.000685s ] mysql:host=127.0.0.1;dbname=demo;charset=utf8
[ sql ] [ SQL ] SHOW COLUMNS FROM `behaviors` [ RunTime:0.001077s ]
[ sql ] [ SQL ] SELECT `behavior_file` FROM `behaviors` WHERE  `hook_name` = 'Validator'  AND `tai` = 'enable' [ RunTime:0.000499s ]
[ sql ] [ SQL ] SHOW COLUMNS FROM `base` [ RunTime:0.000793s ]
[ sql ] [ SQL ] SELECT `src` FROM `base` WHERE  `tai` = 'now' [ RunTime:0.000382s ]
---------------------------------------------------------------
[ 2018-11-07T18:11:42+08:00 ] 113.57.176.179 GET 178.62.72.144:8888/captcha
[运行时间：0.003882s] [吞吐率：257.59req/s] [内存消耗：341.98kb] [文件加载：53]
[ info ] [ LANG ] /home/perci/tp/tp5/thinkphp/lang/zh-cn.php
[ info ] [ ROUTE ] array (
  'rule' => 'captcha/<id?>',
  'route' => '\\think\\captcha\\CaptchaController@index',
  'option' => 
  array (
    'merge_rule_regex' => false,
  ),
  'var' => 
  array (
  ),
)
[ info ] [ HEADER ] array (
  'host' => '178.62.72.144:8888',
  'connection' => 'keep-alive',
  'user-agent' => 'Mozilla/5.0 (X11; Linux x86_64) AppleWebKit/537.36 (KHTML, like Gecko) Chrome/69.0.3497.100 Safari/537.36',
  'accept' => 'image/webp,image/apng,image/*,*/*;q=0.8',
  'referer' => 'http://178.62.72.144:8888/index/blog/login',
  'accept-encoding' => 'gzip, deflate',
  'accept-language' => 'zh-CN,zh;q=0.9,en;q=0.8',
  'cookie' => 'PHPSESSID=c6vk3eis4pqe2af5vbhlq45lj0',
)
[ info ] [ PARAM ] array (
)
---------------------------------------------------------------
[ 2018-11-07T18:11:55+08:00 ] 113.57.176.179 POST 178.62.72.144:8888/index/blog/login
[运行时间：0.007927s] [吞吐率：126.15req/s] [内存消耗：735.07kb] [文件加载：86]
[ info ] [ LANG ] /home/perci/tp/tp5/thinkphp/lang/zh-cn.php
[ info ] [ ROUTE ] array (
)
[ info ] [ HEADER ] array (
  'host' => '178.62.72.144:8888',
  'connection' => 'keep-alive',
  'content-length' => '58',
  'cache-control' => 'max-age=0',
  'origin' => 'http://178.62.72.144:8888',
  'upgrade-insecure-requests' => '1',
  'content-type' => 'application/x-www-form-urlencoded',
  'user-agent' => 'Mozilla/5.0 (X11; Linux x86_64) AppleWebKit/537.36 (KHTML, like Gecko) Chrome/69.0.3497.100 Safari/537.36',
  'accept' => 'text/html,application/xhtml+xml,application/xml;q=0.9,image/webp,image/apng,*/*;q=0.8',
  'referer' => 'http://178.62.72.144:8888/index/blog/login',
  'accept-encoding' => 'gzip, deflate',
  'accept-language' => 'zh-CN,zh;q=0.9,en;q=0.8',
  'cookie' => 'PHPSESSID=c6vk3eis4pqe2af5vbhlq45lj0',
)
[ info ] [ PARAM ] array (
  'username' => 'shudal',
  'password' => 'Ma1822391_',
  'validation_input' => '4tPPf',
)
[ info ] [ DB ] INIT mysql
[ info ] [ VIEW ] ../application/index/view/the1/base.html [ array (
  0 => 'distai',
) ]
[ sql ] [ DB ] CONNECT:[ UseTime:0.000772s ] mysql:host=127.0.0.1;dbname=demo;charset=utf8
[ sql ] [ SQL ] SHOW COLUMNS FROM `behaviors` [ RunTime:0.001107s ]
[ sql ] [ SQL ] SELECT `behavior_file` FROM `behaviors` WHERE  `hook_name` = 'Validator'  AND `tai` = 'enable' [ RunTime:0.000545s ]
[ sql ] [ SQL ] SHOW COLUMNS FROM `base` [ RunTime:0.000763s ]
[ sql ] [ SQL ] SELECT `src` FROM `base` WHERE  `tai` = 'now' [ RunTime:0.000393s ]
---------------------------------------------------------------
[ 2018-11-07T18:12:00+08:00 ] 113.57.176.179 GET 178.62.72.144:8888/index/other/index
[运行时间：0.009510s] [吞吐率：105.15req/s] [内存消耗：745.64kb] [文件加载：84]
[ info ] [ LANG ] /home/perci/tp/tp5/thinkphp/lang/zh-cn.php
[ info ] [ ROUTE ] array (
)
[ info ] [ HEADER ] array (
  'host' => '178.62.72.144:8888',
  'connection' => 'keep-alive',
  'upgrade-insecure-requests' => '1',
  'user-agent' => 'Mozilla/5.0 (X11; Linux x86_64) AppleWebKit/537.36 (KHTML, like Gecko) Chrome/69.0.3497.100 Safari/537.36',
  'accept' => 'text/html,application/xhtml+xml,application/xml;q=0.9,image/webp,image/apng,*/*;q=0.8',
  'referer' => 'http://178.62.72.144:8888/index/blog/login',
  'accept-encoding' => 'gzip, deflate',
  'accept-language' => 'zh-CN,zh;q=0.9,en;q=0.8',
  'cookie' => 'PHPSESSID=c6vk3eis4pqe2af5vbhlq45lj0',
)
[ info ] [ PARAM ] array (
)
[ info ] [ DB ] INIT mysql
[ info ] [ VIEW ] ../application/index/view/the1/other/index.html [ array (
  0 => 'pages',
) ]
[ sql ] [ DB ] CONNECT:[ UseTime:0.000810s ] mysql:host=127.0.0.1;dbname=demo;charset=utf8
[ sql ] [ SQL ] SHOW COLUMNS FROM `behaviors` [ RunTime:0.001186s ]
[ sql ] [ SQL ] SELECT * FROM `behaviors` WHERE  `hook_name` = 'Newpage' [ RunTime:0.000579s ]
[ sql ] [ SQL ] SHOW COLUMNS FROM `page` [ RunTime:0.000849s ]
[ sql ] [ SQL ] SELECT * FROM `page` [ RunTime:0.000423s ]
[ sql ] [ SQL ] SHOW COLUMNS FROM `base` [ RunTime:0.000685s ]
[ sql ] [ SQL ] SELECT `src` FROM `base` WHERE  `tai` = 'now' [ RunTime:0.000395s ]
---------------------------------------------------------------
[ 2018-11-07T18:12:02+08:00 ] 113.57.176.179 GET 178.62.72.144:8888/index/blog/login
[运行时间：0.010188s] [吞吐率：98.16req/s] [内存消耗：731.27kb] [文件加载：83]
[ info ] [ LANG ] /home/perci/tp/tp5/thinkphp/lang/zh-cn.php
[ info ] [ ROUTE ] array (
)
[ info ] [ HEADER ] array (
  'host' => '178.62.72.144:8888',
  'connection' => 'keep-alive',
  'upgrade-insecure-requests' => '1',
  'user-agent' => 'Mozilla/5.0 (X11; Linux x86_64) AppleWebKit/537.36 (KHTML, like Gecko) Chrome/69.0.3497.100 Safari/537.36',
  'accept' => 'text/html,application/xhtml+xml,application/xml;q=0.9,image/webp,image/apng,*/*;q=0.8',
  'referer' => 'http://178.62.72.144:8888/index/other/index',
  'accept-encoding' => 'gzip, deflate',
  'accept-language' => 'zh-CN,zh;q=0.9,en;q=0.8',
  'cookie' => 'PHPSESSID=c6vk3eis4pqe2af5vbhlq45lj0',
)
[ info ] [ PARAM ] array (
)
[ info ] [ DB ] INIT mysql
[ info ] [ VIEW ] ../application/index/view/the1/blog/login.html [ array (
  0 => 'tai',
  1 => 'validator_entry',
) ]
[ sql ] [ DB ] CONNECT:[ UseTime:0.000920s ] mysql:host=127.0.0.1;dbname=demo;charset=utf8
[ sql ] [ SQL ] SHOW COLUMNS FROM `behaviors` [ RunTime:0.001389s ]
[ sql ] [ SQL ] SELECT `behavior_file` FROM `behaviors` WHERE  `hook_name` = 'Validator'  AND `tai` = 'enable' [ RunTime:0.000659s ]
[ sql ] [ SQL ] SHOW COLUMNS FROM `base` [ RunTime:0.001117s ]
[ sql ] [ SQL ] SELECT `src` FROM `base` WHERE  `tai` = 'now' [ RunTime:0.000553s ]
---------------------------------------------------------------
[ 2018-11-07T18:12:02+08:00 ] 113.57.176.179 GET 178.62.72.144:8888/captcha
[运行时间：0.003474s] [吞吐率：287.85req/s] [内存消耗：342.14kb] [文件加载：53]
[ info ] [ LANG ] /home/perci/tp/tp5/thinkphp/lang/zh-cn.php
[ info ] [ ROUTE ] array (
  'rule' => 'captcha/<id?>',
  'route' => '\\think\\captcha\\CaptchaController@index',
  'option' => 
  array (
    'merge_rule_regex' => false,
  ),
  'var' => 
  array (
  ),
)
[ info ] [ HEADER ] array (
  'host' => '178.62.72.144:8888',
  'connection' => 'keep-alive',
  'user-agent' => 'Mozilla/5.0 (X11; Linux x86_64) AppleWebKit/537.36 (KHTML, like Gecko) Chrome/69.0.3497.100 Safari/537.36',
  'accept' => 'image/webp,image/apng,image/*,*/*;q=0.8',
  'referer' => 'http://178.62.72.144:8888/index/blog/login',
  'accept-encoding' => 'gzip, deflate',
  'accept-language' => 'zh-CN,zh;q=0.9,en;q=0.8',
  'cookie' => 'PHPSESSID=c6vk3eis4pqe2af5vbhlq45lj0',
)
[ info ] [ PARAM ] array (
)
---------------------------------------------------------------
[ 2018-11-07T18:12:26+08:00 ] 113.57.176.179 POST 178.62.72.144:8888/index/blog/login
[运行时间：0.007338s] [吞吐率：136.28req/s] [内存消耗：738.38kb] [文件加载：86]
[ info ] [ LANG ] /home/perci/tp/tp5/thinkphp/lang/zh-cn.php
[ info ] [ ROUTE ] array (
)
[ info ] [ HEADER ] array (
  'host' => '178.62.72.144:8888',
  'connection' => 'keep-alive',
  'content-length' => '58',
  'cache-control' => 'max-age=0',
  'origin' => 'http://178.62.72.144:8888',
  'upgrade-insecure-requests' => '1',
  'content-type' => 'application/x-www-form-urlencoded',
  'user-agent' => 'Mozilla/5.0 (X11; Linux x86_64) AppleWebKit/537.36 (KHTML, like Gecko) Chrome/69.0.3497.100 Safari/537.36',
  'accept' => 'text/html,application/xhtml+xml,application/xml;q=0.9,image/webp,image/apng,*/*;q=0.8',
  'referer' => 'http://178.62.72.144:8888/index/blog/login',
  'accept-encoding' => 'gzip, deflate',
  'accept-language' => 'zh-CN,zh;q=0.9,en;q=0.8',
  'cookie' => 'PHPSESSID=c6vk3eis4pqe2af5vbhlq45lj0',
)
[ info ] [ PARAM ] array (
  'username' => 'shudal',
  'password' => 'Ma1822391_',
  'validation_input' => 'vxk3x',
)
[ info ] [ DB ] INIT mysql
[ sql ] [ DB ] CONNECT:[ UseTime:0.000623s ] mysql:host=127.0.0.1;dbname=demo;charset=utf8
[ sql ] [ SQL ] SHOW COLUMNS FROM `behaviors` [ RunTime:0.001076s ]
[ sql ] [ SQL ] SELECT `behavior_file` FROM `behaviors` WHERE  `hook_name` = 'Validator'  AND `tai` = 'enable' [ RunTime:0.000439s ]
[ sql ] [ SQL ] SHOW COLUMNS FROM `users` [ RunTime:0.000748s ]
[ sql ] [ SQL ] SELECT `password`,`pri` FROM `users` WHERE  `username` = 'shudal' [ RunTime:0.000390s ]
---------------------------------------------------------------
[ 2018-11-07T18:14:42+08:00 ] 119.103.22.43 GET 178.62.72.144:8888/
[运行时间：0.009730s] [吞吐率：102.78req/s] [内存消耗：734.63kb] [文件加载：83]
[ info ] [ LANG ] /home/perci/tp/tp5/thinkphp/lang/zh-cn.php
[ info ] [ ROUTE ] array (
  'rule' => '',
  'route' => 'index',
  'option' => 
  array (
    'merge_rule_regex' => false,
    'complete_match' => true,
  ),
  'var' => 
  array (
  ),
)
[ info ] [ HEADER ] array (
  'host' => '178.62.72.144:8888',
  'connection' => 'keep-alive',
  'cache-control' => 'max-age=0',
  'upgrade-insecure-requests' => '1',
  'user-agent' => 'Mozilla/5.0 (X11; Linux x86_64) AppleWebKit/537.36 (KHTML, like Gecko) Chrome/69.0.3497.100 Safari/537.36',
  'accept' => 'text/html,application/xhtml+xml,application/xml;q=0.9,image/webp,image/apng,*/*;q=0.8',
  'accept-encoding' => 'gzip, deflate',
  'accept-language' => 'zh-CN,zh;q=0.9,en;q=0.8',
  'cookie' => 'PHPSESSID=c6vk3eis4pqe2af5vbhlq45lj0',
)
[ info ] [ PARAM ] array (
)
[ info ] [ DB ] INIT mysql
[ info ] [ VIEW ] ../application/index/view/the1/index/index.html [ array (
  0 => 'ka',
  1 => 'extendTest',
  2 => 'blogs',
) ]
[ sql ] [ DB ] CONNECT:[ UseTime:0.000796s ] mysql:host=127.0.0.1;dbname=demo;charset=utf8
[ sql ] [ SQL ] SHOW COLUMNS FROM `blog` [ RunTime:0.001357s ]
[ sql ] [ SQL ] SELECT `id`,`name`,`title`,`publish_time` FROM `blog` WHERE  `publish_time` BETWEEN 1541001600 AND 1543593600  AND `tai` = 'display' ORDER BY `id` DESC [ RunTime:0.000624s ]
[ sql ] [ SQL ] SHOW COLUMNS FROM `base` [ RunTime:0.000843s ]
[ sql ] [ SQL ] SELECT `src` FROM `base` WHERE  `tai` = 'now' [ RunTime:0.000375s ]
[ sql ] [ SQL ] SELECT `src` FROM `base` WHERE  `tai` = 'now' [ RunTime:0.000465s ]
---------------------------------------------------------------
[ 2018-11-07T18:14:48+08:00 ] 119.103.22.43 GET 178.62.72.144:8888/
[运行时间：0.008724s] [吞吐率：114.63req/s] [内存消耗：734.63kb] [文件加载：83]
[ info ] [ LANG ] /home/perci/tp/tp5/thinkphp/lang/zh-cn.php
[ info ] [ ROUTE ] array (
  'rule' => '',
  'route' => 'index',
  'option' => 
  array (
    'merge_rule_regex' => false,
    'complete_match' => true,
  ),
  'var' => 
  array (
  ),
)
[ info ] [ HEADER ] array (
  'host' => '178.62.72.144:8888',
  'connection' => 'keep-alive',
  'cache-control' => 'max-age=0',
  'upgrade-insecure-requests' => '1',
  'user-agent' => 'Mozilla/5.0 (X11; Linux x86_64) AppleWebKit/537.36 (KHTML, like Gecko) Chrome/69.0.3497.100 Safari/537.36',
  'accept' => 'text/html,application/xhtml+xml,application/xml;q=0.9,image/webp,image/apng,*/*;q=0.8',
  'accept-encoding' => 'gzip, deflate',
  'accept-language' => 'zh-CN,zh;q=0.9,en;q=0.8',
  'cookie' => 'PHPSESSID=c6vk3eis4pqe2af5vbhlq45lj0',
)
[ info ] [ PARAM ] array (
)
[ info ] [ DB ] INIT mysql
[ info ] [ VIEW ] ../application/index/view/the1/index/index.html [ array (
  0 => 'ka',
  1 => 'extendTest',
  2 => 'blogs',
) ]
[ sql ] [ DB ] CONNECT:[ UseTime:0.000703s ] mysql:host=127.0.0.1;dbname=demo;charset=utf8
[ sql ] [ SQL ] SHOW COLUMNS FROM `blog` [ RunTime:0.001156s ]
[ sql ] [ SQL ] SELECT `id`,`name`,`title`,`publish_time` FROM `blog` WHERE  `publish_time` BETWEEN 1541001600 AND 1543593600  AND `tai` = 'display' ORDER BY `id` DESC [ RunTime:0.000572s ]
[ sql ] [ SQL ] SHOW COLUMNS FROM `base` [ RunTime:0.000773s ]
[ sql ] [ SQL ] SELECT `src` FROM `base` WHERE  `tai` = 'now' [ RunTime:0.000453s ]
[ sql ] [ SQL ] SELECT `src` FROM `base` WHERE  `tai` = 'now' [ RunTime:0.000344s ]
---------------------------------------------------------------
[ 2018-11-07T18:14:56+08:00 ] 119.103.22.43 GET 178.62.72.144:8888/index/other/index
[运行时间：0.008923s] [吞吐率：112.07req/s] [内存消耗：745.62kb] [文件加载：84]
[ info ] [ LANG ] /home/perci/tp/tp5/thinkphp/lang/zh-cn.php
[ info ] [ ROUTE ] array (
)
[ info ] [ HEADER ] array (
  'host' => '178.62.72.144:8888',
  'connection' => 'keep-alive',
  'upgrade-insecure-requests' => '1',
  'user-agent' => 'Mozilla/5.0 (X11; Linux x86_64) AppleWebKit/537.36 (KHTML, like Gecko) Chrome/69.0.3497.100 Safari/537.36',
  'accept' => 'text/html,application/xhtml+xml,application/xml;q=0.9,image/webp,image/apng,*/*;q=0.8',
  'referer' => 'http://178.62.72.144:8888/',
  'accept-encoding' => 'gzip, deflate',
  'accept-language' => 'zh-CN,zh;q=0.9,en;q=0.8',
  'cookie' => 'PHPSESSID=c6vk3eis4pqe2af5vbhlq45lj0',
)
[ info ] [ PARAM ] array (
)
[ info ] [ DB ] INIT mysql
[ info ] [ VIEW ] ../application/index/view/the1/other/index.html [ array (
  0 => 'pages',
) ]
[ sql ] [ DB ] CONNECT:[ UseTime:0.000702s ] mysql:host=127.0.0.1;dbname=demo;charset=utf8
[ sql ] [ SQL ] SHOW COLUMNS FROM `behaviors` [ RunTime:0.001086s ]
[ sql ] [ SQL ] SELECT * FROM `behaviors` WHERE  `hook_name` = 'Newpage' [ RunTime:0.000492s ]
[ sql ] [ SQL ] SHOW COLUMNS FROM `page` [ RunTime:0.000851s ]
[ sql ] [ SQL ] SELECT * FROM `page` [ RunTime:0.000375s ]
[ sql ] [ SQL ] SHOW COLUMNS FROM `base` [ RunTime:0.000747s ]
[ sql ] [ SQL ] SELECT `src` FROM `base` WHERE  `tai` = 'now' [ RunTime:0.000382s ]
---------------------------------------------------------------
[ 2018-11-07T18:14:58+08:00 ] 119.103.22.43 GET 178.62.72.144:8888/index/blog/login
[运行时间：0.002551s] [吞吐率：391.99req/s] [内存消耗：385.77kb] [文件加载：66]
[ info ] [ LANG ] /home/perci/tp/tp5/thinkphp/lang/zh-cn.php
[ info ] [ ROUTE ] array (
)
[ info ] [ HEADER ] array (
  'host' => '178.62.72.144:8888',
  'connection' => 'keep-alive',
  'upgrade-insecure-requests' => '1',
  'user-agent' => 'Mozilla/5.0 (X11; Linux x86_64) AppleWebKit/537.36 (KHTML, like Gecko) Chrome/69.0.3497.100 Safari/537.36',
  'accept' => 'text/html,application/xhtml+xml,application/xml;q=0.9,image/webp,image/apng,*/*;q=0.8',
  'referer' => 'http://178.62.72.144:8888/index/other/index',
  'accept-encoding' => 'gzip, deflate',
  'accept-language' => 'zh-CN,zh;q=0.9,en;q=0.8',
  'cookie' => 'PHPSESSID=c6vk3eis4pqe2af5vbhlq45lj0',
)
[ info ] [ PARAM ] array (
)
---------------------------------------------------------------
[ 2018-11-07T18:14:58+08:00 ] 119.103.22.43 GET 178.62.72.144:8888/index/blog/admin
[运行时间：0.022017s] [吞吐率：45.42req/s] [内存消耗：818.98kb] [文件加载：89]
[ info ] [ LANG ] /home/perci/tp/tp5/thinkphp/lang/zh-cn.php
[ info ] [ ROUTE ] array (
)
[ info ] [ HEADER ] array (
  'host' => '178.62.72.144:8888',
  'connection' => 'keep-alive',
  'upgrade-insecure-requests' => '1',
  'user-agent' => 'Mozilla/5.0 (X11; Linux x86_64) AppleWebKit/537.36 (KHTML, like Gecko) Chrome/69.0.3497.100 Safari/537.36',
  'accept' => 'text/html,application/xhtml+xml,application/xml;q=0.9,image/webp,image/apng,*/*;q=0.8',
  'referer' => 'http://178.62.72.144:8888/index/other/index',
  'accept-encoding' => 'gzip, deflate',
  'accept-language' => 'zh-CN,zh;q=0.9,en;q=0.8',
  'cookie' => 'PHPSESSID=c6vk3eis4pqe2af5vbhlq45lj0',
)
[ info ] [ PARAM ] array (
)
[ info ] [ DB ] INIT mysql
[ info ] [ VIEW ] ../application/index/view/the1/blog/admin.html [ array (
  0 => 'blogs',
  1 => 'svalue',
  2 => 'themes',
  3 => 'FilterAddons',
  4 => 'ValidatorAddons',
  5 => 'ClassfilterAddons',
  6 => 'cates',
  7 => 'unkeys',
  8 => 'newPages',
) ]
[ sql ] [ DB ] CONNECT:[ UseTime:0.000957s ] mysql:host=127.0.0.1;dbname=demo;charset=utf8
[ sql ] [ SQL ] SHOW COLUMNS FROM `blog` [ RunTime:0.001626s ]
[ sql ] [ SQL ] SELECT `id`,`name`,`title`,`publish_time` FROM `blog` WHERE  `content` LIKE '%%' ORDER BY `id` DESC [ RunTime:0.000843s ]
[ sql ] [ SQL ] SHOW COLUMNS FROM `behaviors` [ RunTime:0.001042s ]
[ sql ] [ SQL ] SELECT `id`,`behavior_name`,`behavior_file`,`tai` FROM `behaviors` WHERE  `hook_name` = 'Filter'  AND `tai` = 'enable' [ RunTime:0.000646s ]
[ sql ] [ SQL ] SHOW COLUMNS FROM `unkeys` [ RunTime:0.001090s ]
[ sql ] [ SQL ] SELECT * FROM `unkeys` [ RunTime:0.000507s ]
[ sql ] [ SQL ] SELECT `id`,`behavior_name`,`tai` FROM `behaviors` WHERE  `hook_name` = 'Validator' [ RunTime:0.000505s ]
[ sql ] [ SQL ] SELECT `id`,`behavior_name`,`behavior_file`,`tai` FROM `behaviors` WHERE  `hook_name` = 'Classfilter' [ RunTime:0.000618s ]
[ sql ] [ SQL ] SHOW COLUMNS FROM `categories` [ RunTime:0.000865s ]
[ sql ] [ SQL ] SELECT * FROM `categories` [ RunTime:0.000400s ]
[ sql ] [ SQL ] SELECT `id`,`behavior_name`,`behavior_file`,`tai` FROM `behaviors` WHERE  `hook_name` = 'Newpage'  AND `tai` = 'enable' [ RunTime:0.000390s ]
[ sql ] [ SQL ] SHOW COLUMNS FROM `page` [ RunTime:0.000713s ]
[ sql ] [ SQL ] SELECT * FROM `page` [ RunTime:0.000406s ]
[ sql ] [ SQL ] SHOW COLUMNS FROM `base` [ RunTime:0.000714s ]
[ sql ] [ SQL ] SELECT `name`,`src`,`tai` FROM `base` WHERE  `type` = 'theme' [ RunTime:0.000407s ]
[ sql ] [ SQL ] SELECT `src` FROM `base` WHERE  `tai` = 'now' [ RunTime:0.000350s ]
---------------------------------------------------------------
[ 2018-11-07T18:26:17+08:00 ] 119.103.22.43 GET 178.62.72.144:8888/index/blog/admin
[运行时间：0.023651s] [吞吐率：42.28req/s] [内存消耗：846.04kb] [文件加载：91]
[ info ] [ LANG ] /home/perci/tp/tp5/thinkphp/lang/zh-cn.php
[ info ] [ ROUTE ] array (
)
[ info ] [ HEADER ] array (
  'host' => '178.62.72.144:8888',
  'connection' => 'keep-alive',
  'cache-control' => 'max-age=0',
  'upgrade-insecure-requests' => '1',
  'user-agent' => 'Mozilla/5.0 (X11; Linux x86_64) AppleWebKit/537.36 (KHTML, like Gecko) Chrome/69.0.3497.100 Safari/537.36',
  'accept' => 'text/html,application/xhtml+xml,application/xml;q=0.9,image/webp,image/apng,*/*;q=0.8',
  'referer' => 'http://178.62.72.144:8888/index/other/index',
  'accept-encoding' => 'gzip, deflate',
  'accept-language' => 'zh-CN,zh;q=0.9,en;q=0.8',
  'cookie' => 'PHPSESSID=c6vk3eis4pqe2af5vbhlq45lj0',
)
[ info ] [ PARAM ] array (
)
[ info ] [ DB ] INIT mysql
[ info ] [ VIEW ] ../application/index/view/the1/blog/admin.html [ array (
  0 => 'blogs',
  1 => 'svalue',
  2 => 'themes',
  3 => 'FilterAddons',
  4 => 'ValidatorAddons',
  5 => 'ClassfilterAddons',
  6 => 'cates',
  7 => 'unkeys',
  8 => 'newPages',
) ]
[ sql ] [ DB ] CONNECT:[ UseTime:0.001370s ] mysql:host=127.0.0.1;dbname=demo;charset=utf8
[ sql ] [ SQL ] SHOW COLUMNS FROM `blog` [ RunTime:0.001803s ]
[ sql ] [ SQL ] SELECT `id`,`name`,`title`,`publish_time` FROM `blog` WHERE  `content` LIKE '%%' ORDER BY `id` DESC [ RunTime:0.000779s ]
[ sql ] [ SQL ] SHOW COLUMNS FROM `behaviors` [ RunTime:0.000838s ]
[ sql ] [ SQL ] SELECT `id`,`behavior_name`,`behavior_file`,`tai` FROM `behaviors` WHERE  `hook_name` = 'Filter'  AND `tai` = 'enable' [ RunTime:0.000459s ]
[ sql ] [ SQL ] SHOW COLUMNS FROM `unkeys` [ RunTime:0.000652s ]
[ sql ] [ SQL ] SELECT * FROM `unkeys` [ RunTime:0.000374s ]
[ sql ] [ SQL ] SELECT `id`,`behavior_name`,`tai` FROM `behaviors` WHERE  `hook_name` = 'Validator' [ RunTime:0.000356s ]
[ sql ] [ SQL ] SELECT `id`,`behavior_name`,`behavior_file`,`tai` FROM `behaviors` WHERE  `hook_name` = 'Classfilter' [ RunTime:0.000406s ]
[ sql ] [ SQL ] SHOW COLUMNS FROM `categories` [ RunTime:0.000836s ]
[ sql ] [ SQL ] SELECT * FROM `categories` [ RunTime:0.000365s ]
[ sql ] [ SQL ] SELECT `id`,`behavior_name`,`behavior_file`,`tai` FROM `behaviors` WHERE  `hook_name` = 'Newpage'  AND `tai` = 'enable' [ RunTime:0.000412s ]
[ sql ] [ SQL ] SHOW COLUMNS FROM `page` [ RunTime:0.000884s ]
[ sql ] [ SQL ] SELECT * FROM `page` [ RunTime:0.000337s ]
[ sql ] [ SQL ] SHOW COLUMNS FROM `base` [ RunTime:0.001818s ]
[ sql ] [ SQL ] SELECT `name`,`src`,`tai` FROM `base` WHERE  `type` = 'theme' [ RunTime:0.000396s ]
[ sql ] [ SQL ] SELECT `src` FROM `base` WHERE  `tai` = 'now' [ RunTime:0.000346s ]
---------------------------------------------------------------
[ 2018-11-07T18:38:56+08:00 ] 119.103.22.43 GET 178.62.72.144:8888/index/blog/admin
[运行时间：0.026285s] [吞吐率：38.04req/s] [内存消耗：846.04kb] [文件加载：91]
[ info ] [ LANG ] /home/perci/tp/tp5/thinkphp/lang/zh-cn.php
[ info ] [ ROUTE ] array (
)
[ info ] [ HEADER ] array (
  'host' => '178.62.72.144:8888',
  'connection' => 'keep-alive',
  'cache-control' => 'max-age=0',
  'upgrade-insecure-requests' => '1',
  'user-agent' => 'Mozilla/5.0 (X11; Linux x86_64) AppleWebKit/537.36 (KHTML, like Gecko) Chrome/69.0.3497.100 Safari/537.36',
  'accept' => 'text/html,application/xhtml+xml,application/xml;q=0.9,image/webp,image/apng,*/*;q=0.8',
  'referer' => 'http://178.62.72.144:8888/index/other/index',
  'accept-encoding' => 'gzip, deflate',
  'accept-language' => 'zh-CN,zh;q=0.9,en;q=0.8',
  'cookie' => 'PHPSESSID=c6vk3eis4pqe2af5vbhlq45lj0',
)
[ info ] [ PARAM ] array (
)
[ info ] [ DB ] INIT mysql
[ info ] [ VIEW ] ../application/index/view/the1/blog/admin.html [ array (
  0 => 'blogs',
  1 => 'svalue',
  2 => 'themes',
  3 => 'FilterAddons',
  4 => 'ValidatorAddons',
  5 => 'ClassfilterAddons',
  6 => 'cates',
  7 => 'unkeys',
  8 => 'newPages',
) ]
[ sql ] [ DB ] CONNECT:[ UseTime:0.002030s ] mysql:host=127.0.0.1;dbname=demo;charset=utf8
[ sql ] [ SQL ] SHOW COLUMNS FROM `blog` [ RunTime:0.002513s ]
[ sql ] [ SQL ] SELECT `id`,`name`,`title`,`publish_time` FROM `blog` WHERE  `content` LIKE '%%' ORDER BY `id` DESC [ RunTime:0.000809s ]
[ sql ] [ SQL ] SHOW COLUMNS FROM `behaviors` [ RunTime:0.000817s ]
[ sql ] [ SQL ] SELECT `id`,`behavior_name`,`behavior_file`,`tai` FROM `behaviors` WHERE  `hook_name` = 'Filter'  AND `tai` = 'enable' [ RunTime:0.000564s ]
[ sql ] [ SQL ] SHOW COLUMNS FROM `unkeys` [ RunTime:0.000715s ]
[ sql ] [ SQL ] SELECT * FROM `unkeys` [ RunTime:0.000377s ]
[ sql ] [ SQL ] SELECT `id`,`behavior_name`,`tai` FROM `behaviors` WHERE  `hook_name` = 'Validator' [ RunTime:0.000383s ]
[ sql ] [ SQL ] SELECT `id`,`behavior_name`,`behavior_file`,`tai` FROM `behaviors` WHERE  `hook_name` = 'Classfilter' [ RunTime:0.000425s ]
[ sql ] [ SQL ] SHOW COLUMNS FROM `categories` [ RunTime:0.000750s ]
[ sql ] [ SQL ] SELECT * FROM `categories` [ RunTime:0.000364s ]
[ sql ] [ SQL ] SELECT `id`,`behavior_name`,`behavior_file`,`tai` FROM `behaviors` WHERE  `hook_name` = 'Newpage'  AND `tai` = 'enable' [ RunTime:0.000406s ]
[ sql ] [ SQL ] SHOW COLUMNS FROM `page` [ RunTime:0.000779s ]
[ sql ] [ SQL ] SELECT * FROM `page` [ RunTime:0.000364s ]
[ sql ] [ SQL ] SHOW COLUMNS FROM `base` [ RunTime:0.001872s ]
[ sql ] [ SQL ] SELECT `name`,`src`,`tai` FROM `base` WHERE  `type` = 'theme' [ RunTime:0.000412s ]
[ sql ] [ SQL ] SELECT `src` FROM `base` WHERE  `tai` = 'now' [ RunTime:0.000385s ]
---------------------------------------------------------------
[ 2018-11-07T18:39:02+08:00 ] 119.103.22.43 GET 178.62.72.144:8888/newpage/hello/hello
[运行时间：0.002930s] [吞吐率：341.28req/s] [内存消耗：321.72kb] [文件加载：53]
[ info ] [ LANG ] /home/perci/tp/tp5/thinkphp/lang/zh-cn.php
---------------------------------------------------------------
[ 2018-11-07T18:40:41+08:00 ] 119.103.22.43 GET 178.62.72.144:8888/index/blog/admin
[运行时间：0.019717s] [吞吐率：50.72req/s] [内存消耗：845.71kb] [文件加载：91]
[ info ] [ LANG ] /home/perci/tp/tp5/thinkphp/lang/zh-cn.php
[ info ] [ ROUTE ] array (
)
[ info ] [ HEADER ] array (
  'host' => '178.62.72.144:8888',
  'connection' => 'keep-alive',
  'upgrade-insecure-requests' => '1',
  'user-agent' => 'Mozilla/5.0 (X11; Linux x86_64) AppleWebKit/537.36 (KHTML, like Gecko) Chrome/69.0.3497.100 Safari/537.36',
  'accept' => 'text/html,application/xhtml+xml,application/xml;q=0.9,image/webp,image/apng,*/*;q=0.8',
  'referer' => 'http://178.62.72.144:8888/index/other/index',
  'accept-encoding' => 'gzip, deflate',
  'accept-language' => 'zh-CN,zh;q=0.9,en;q=0.8',
  'cookie' => 'PHPSESSID=c6vk3eis4pqe2af5vbhlq45lj0',
)
[ info ] [ PARAM ] array (
)
[ info ] [ DB ] INIT mysql
[ info ] [ VIEW ] ../application/index/view/the1/blog/admin.html [ array (
  0 => 'blogs',
  1 => 'svalue',
  2 => 'themes',
  3 => 'FilterAddons',
  4 => 'ValidatorAddons',
  5 => 'ClassfilterAddons',
  6 => 'cates',
  7 => 'unkeys',
  8 => 'newPages',
) ]
[ sql ] [ DB ] CONNECT:[ UseTime:0.000757s ] mysql:host=127.0.0.1;dbname=demo;charset=utf8
[ sql ] [ SQL ] SHOW COLUMNS FROM `blog` [ RunTime:0.001309s ]
[ sql ] [ SQL ] SELECT `id`,`name`,`title`,`publish_time` FROM `blog` WHERE  `content` LIKE '%%' ORDER BY `id` DESC [ RunTime:0.000597s ]
[ sql ] [ SQL ] SHOW COLUMNS FROM `behaviors` [ RunTime:0.000866s ]
[ sql ] [ SQL ] SELECT `id`,`behavior_name`,`behavior_file`,`tai` FROM `behaviors` WHERE  `hook_name` = 'Filter'  AND `tai` = 'enable' [ RunTime:0.000440s ]
[ sql ] [ SQL ] SHOW COLUMNS FROM `unkeys` [ RunTime:0.000726s ]
[ sql ] [ SQL ] SELECT * FROM `unkeys` [ RunTime:0.000433s ]
[ sql ] [ SQL ] SELECT `id`,`behavior_name`,`tai` FROM `behaviors` WHERE  `hook_name` = 'Validator' [ RunTime:0.000393s ]
[ sql ] [ SQL ] SELECT `id`,`behavior_name`,`behavior_file`,`tai` FROM `behaviors` WHERE  `hook_name` = 'Classfilter' [ RunTime:0.000404s ]
[ sql ] [ SQL ] SHOW COLUMNS FROM `categories` [ RunTime:0.000721s ]
[ sql ] [ SQL ] SELECT * FROM `categories` [ RunTime:0.000343s ]
[ sql ] [ SQL ] SELECT `id`,`behavior_name`,`behavior_file`,`tai` FROM `behaviors` WHERE  `hook_name` = 'Newpage'  AND `tai` = 'enable' [ RunTime:0.000491s ]
[ sql ] [ SQL ] SHOW COLUMNS FROM `page` [ RunTime:0.000873s ]
[ sql ] [ SQL ] SELECT * FROM `page` [ RunTime:0.000442s ]
[ sql ] [ SQL ] SHOW COLUMNS FROM `base` [ RunTime:0.000812s ]
[ sql ] [ SQL ] SELECT `name`,`src`,`tai` FROM `base` WHERE  `type` = 'theme' [ RunTime:0.000497s ]
[ sql ] [ SQL ] SELECT `src` FROM `base` WHERE  `tai` = 'now' [ RunTime:0.000442s ]
---------------------------------------------------------------
[ 2018-11-07T18:40:43+08:00 ] 119.103.22.43 GET 178.62.72.144:8888/index/blog/admin
[运行时间：0.018460s] [吞吐率：54.17req/s] [内存消耗：819.30kb] [文件加载：89]
[ info ] [ LANG ] /home/perci/tp/tp5/thinkphp/lang/zh-cn.php
[ info ] [ ROUTE ] array (
)
[ info ] [ HEADER ] array (
  'host' => '178.62.72.144:8888',
  'connection' => 'keep-alive',
  'cache-control' => 'max-age=0',
  'upgrade-insecure-requests' => '1',
  'user-agent' => 'Mozilla/5.0 (X11; Linux x86_64) AppleWebKit/537.36 (KHTML, like Gecko) Chrome/69.0.3497.100 Safari/537.36',
  'accept' => 'text/html,application/xhtml+xml,application/xml;q=0.9,image/webp,image/apng,*/*;q=0.8',
  'referer' => 'http://178.62.72.144:8888/index/other/index',
  'accept-encoding' => 'gzip, deflate',
  'accept-language' => 'zh-CN,zh;q=0.9,en;q=0.8',
  'cookie' => 'PHPSESSID=c6vk3eis4pqe2af5vbhlq45lj0',
)
[ info ] [ PARAM ] array (
)
[ info ] [ DB ] INIT mysql
[ info ] [ VIEW ] ../application/index/view/the1/blog/admin.html [ array (
  0 => 'blogs',
  1 => 'svalue',
  2 => 'themes',
  3 => 'FilterAddons',
  4 => 'ValidatorAddons',
  5 => 'ClassfilterAddons',
  6 => 'cates',
  7 => 'unkeys',
  8 => 'newPages',
) ]
[ sql ] [ DB ] CONNECT:[ UseTime:0.000814s ] mysql:host=127.0.0.1;dbname=demo;charset=utf8
[ sql ] [ SQL ] SHOW COLUMNS FROM `blog` [ RunTime:0.001387s ]
[ sql ] [ SQL ] SELECT `id`,`name`,`title`,`publish_time` FROM `blog` WHERE  `content` LIKE '%%' ORDER BY `id` DESC [ RunTime:0.000533s ]
[ sql ] [ SQL ] SHOW COLUMNS FROM `behaviors` [ RunTime:0.000899s ]
[ sql ] [ SQL ] SELECT `id`,`behavior_name`,`behavior_file`,`tai` FROM `behaviors` WHERE  `hook_name` = 'Filter'  AND `tai` = 'enable' [ RunTime:0.000454s ]
[ sql ] [ SQL ] SHOW COLUMNS FROM `unkeys` [ RunTime:0.000748s ]
[ sql ] [ SQL ] SELECT * FROM `unkeys` [ RunTime:0.000371s ]
[ sql ] [ SQL ] SELECT `id`,`behavior_name`,`tai` FROM `behaviors` WHERE  `hook_name` = 'Validator' [ RunTime:0.000416s ]
[ sql ] [ SQL ] SELECT `id`,`behavior_name`,`behavior_file`,`tai` FROM `behaviors` WHERE  `hook_name` = 'Classfilter' [ RunTime:0.000418s ]
[ sql ] [ SQL ] SHOW COLUMNS FROM `categories` [ RunTime:0.000778s ]
[ sql ] [ SQL ] SELECT * FROM `categories` [ RunTime:0.000369s ]
[ sql ] [ SQL ] SELECT `id`,`behavior_name`,`behavior_file`,`tai` FROM `behaviors` WHERE  `hook_name` = 'Newpage'  AND `tai` = 'enable' [ RunTime:0.000451s ]
[ sql ] [ SQL ] SHOW COLUMNS FROM `page` [ RunTime:0.000772s ]
[ sql ] [ SQL ] SELECT * FROM `page` [ RunTime:0.000334s ]
[ sql ] [ SQL ] SHOW COLUMNS FROM `base` [ RunTime:0.000720s ]
[ sql ] [ SQL ] SELECT `name`,`src`,`tai` FROM `base` WHERE  `type` = 'theme' [ RunTime:0.000400s ]
[ sql ] [ SQL ] SELECT `src` FROM `base` WHERE  `tai` = 'now' [ RunTime:0.000346s ]
---------------------------------------------------------------
[ 2018-11-07T18:40:45+08:00 ] 119.103.22.43 GET 178.62.72.144:8888/extend/hello/hello
[运行时间：0.002274s] [吞吐率：439.75req/s] [内存消耗：321.72kb] [文件加载：53]
[ info ] [ LANG ] /home/perci/tp/tp5/thinkphp/lang/zh-cn.php
---------------------------------------------------------------
[ 2018-11-07T18:43:55+08:00 ] 119.103.22.43 GET 178.62.72.144:8888/index/blog/login
[运行时间：0.003375s] [吞吐率：296.31req/s] [内存消耗：385.77kb] [文件加载：66]
[ info ] [ LANG ] /home/perci/tp/tp5/thinkphp/lang/zh-cn.php
[ info ] [ ROUTE ] array (
)
[ info ] [ HEADER ] array (
  'host' => '178.62.72.144:8888',
  'connection' => 'keep-alive',
  'upgrade-insecure-requests' => '1',
  'user-agent' => 'Mozilla/5.0 (X11; Linux x86_64) AppleWebKit/537.36 (KHTML, like Gecko) Chrome/69.0.3497.100 Safari/537.36',
  'accept' => 'text/html,application/xhtml+xml,application/xml;q=0.9,image/webp,image/apng,*/*;q=0.8',
  'referer' => 'http://178.62.72.144:8888/index/other/index',
  'accept-encoding' => 'gzip, deflate',
  'accept-language' => 'zh-CN,zh;q=0.9,en;q=0.8',
  'cookie' => 'PHPSESSID=c6vk3eis4pqe2af5vbhlq45lj0',
)
[ info ] [ PARAM ] array (
)
---------------------------------------------------------------
[ 2018-11-07T18:43:55+08:00 ] 119.103.22.43 GET 178.62.72.144:8888/index/blog/admin
[运行时间：0.016217s] [吞吐率：61.66req/s] [内存消耗：817.88kb] [文件加载：89]
[ info ] [ LANG ] /home/perci/tp/tp5/thinkphp/lang/zh-cn.php
[ info ] [ ROUTE ] array (
)
[ info ] [ HEADER ] array (
  'host' => '178.62.72.144:8888',
  'connection' => 'keep-alive',
  'upgrade-insecure-requests' => '1',
  'user-agent' => 'Mozilla/5.0 (X11; Linux x86_64) AppleWebKit/537.36 (KHTML, like Gecko) Chrome/69.0.3497.100 Safari/537.36',
  'accept' => 'text/html,application/xhtml+xml,application/xml;q=0.9,image/webp,image/apng,*/*;q=0.8',
  'referer' => 'http://178.62.72.144:8888/index/other/index',
  'accept-encoding' => 'gzip, deflate',
  'accept-language' => 'zh-CN,zh;q=0.9,en;q=0.8',
  'cookie' => 'PHPSESSID=c6vk3eis4pqe2af5vbhlq45lj0',
)
[ info ] [ PARAM ] array (
)
[ info ] [ DB ] INIT mysql
[ info ] [ VIEW ] ../application/index/view/the1/blog/admin.html [ array (
  0 => 'blogs',
  1 => 'svalue',
  2 => 'themes',
  3 => 'FilterAddons',
  4 => 'ValidatorAddons',
  5 => 'ClassfilterAddons',
  6 => 'cates',
  7 => 'unkeys',
  8 => 'newPages',
) ]
[ sql ] [ DB ] CONNECT:[ UseTime:0.000712s ] mysql:host=127.0.0.1;dbname=demo;charset=utf8
[ sql ] [ SQL ] SHOW COLUMNS FROM `blog` [ RunTime:0.001120s ]
[ sql ] [ SQL ] SELECT `id`,`name`,`title`,`publish_time` FROM `blog` WHERE  `content` LIKE '%%' ORDER BY `id` DESC [ RunTime:0.000595s ]
[ sql ] [ SQL ] SHOW COLUMNS FROM `behaviors` [ RunTime:0.000834s ]
[ sql ] [ SQL ] SELECT `id`,`behavior_name`,`behavior_file`,`tai` FROM `behaviors` WHERE  `hook_name` = 'Filter'  AND `tai` = 'enable' [ RunTime:0.000437s ]
[ sql ] [ SQL ] SHOW COLUMNS FROM `unkeys` [ RunTime:0.000721s ]
[ sql ] [ SQL ] SELECT * FROM `unkeys` [ RunTime:0.000394s ]
[ sql ] [ SQL ] SELECT `id`,`behavior_name`,`tai` FROM `behaviors` WHERE  `hook_name` = 'Validator' [ RunTime:0.000357s ]
[ sql ] [ SQL ] SELECT `id`,`behavior_name`,`behavior_file`,`tai` FROM `behaviors` WHERE  `hook_name` = 'Classfilter' [ RunTime:0.000411s ]
[ sql ] [ SQL ] SHOW COLUMNS FROM `categories` [ RunTime:0.000889s ]
[ sql ] [ SQL ] SELECT * FROM `categories` [ RunTime:0.000340s ]
[ sql ] [ SQL ] SELECT `id`,`behavior_name`,`behavior_file`,`tai` FROM `behaviors` WHERE  `hook_name` = 'Newpage'  AND `tai` = 'enable' [ RunTime:0.000550s ]
[ sql ] [ SQL ] SHOW COLUMNS FROM `page` [ RunTime:0.000734s ]
[ sql ] [ SQL ] SELECT * FROM `page` [ RunTime:0.000366s ]
[ sql ] [ SQL ] SHOW COLUMNS FROM `base` [ RunTime:0.000665s ]
[ sql ] [ SQL ] SELECT `name`,`src`,`tai` FROM `base` WHERE  `type` = 'theme' [ RunTime:0.000384s ]
[ sql ] [ SQL ] SELECT `src` FROM `base` WHERE  `tai` = 'now' [ RunTime:0.000407s ]
---------------------------------------------------------------
[ 2018-11-07T18:44:14+08:00 ] 119.103.22.43 GET 178.62.72.144:8888/index/blog/admin
[运行时间：0.017596s] [吞吐率：56.83req/s] [内存消耗：846.04kb] [文件加载：91]
[ info ] [ LANG ] /home/perci/tp/tp5/thinkphp/lang/zh-cn.php
[ info ] [ ROUTE ] array (
)
[ info ] [ HEADER ] array (
  'host' => '178.62.72.144:8888',
  'connection' => 'keep-alive',
  'cache-control' => 'max-age=0',
  'upgrade-insecure-requests' => '1',
  'user-agent' => 'Mozilla/5.0 (X11; Linux x86_64) AppleWebKit/537.36 (KHTML, like Gecko) Chrome/69.0.3497.100 Safari/537.36',
  'accept' => 'text/html,application/xhtml+xml,application/xml;q=0.9,image/webp,image/apng,*/*;q=0.8',
  'referer' => 'http://178.62.72.144:8888/index/other/index',
  'accept-encoding' => 'gzip, deflate',
  'accept-language' => 'zh-CN,zh;q=0.9,en;q=0.8',
  'cookie' => 'PHPSESSID=c6vk3eis4pqe2af5vbhlq45lj0',
)
[ info ] [ PARAM ] array (
)
[ info ] [ DB ] INIT mysql
[ info ] [ VIEW ] ../application/index/view/the1/blog/admin.html [ array (
  0 => 'blogs',
  1 => 'svalue',
  2 => 'themes',
  3 => 'FilterAddons',
  4 => 'ValidatorAddons',
  5 => 'ClassfilterAddons',
  6 => 'cates',
  7 => 'unkeys',
  8 => 'newPages',
) ]
[ sql ] [ DB ] CONNECT:[ UseTime:0.000566s ] mysql:host=127.0.0.1;dbname=demo;charset=utf8
[ sql ] [ SQL ] SHOW COLUMNS FROM `blog` [ RunTime:0.001131s ]
[ sql ] [ SQL ] SELECT `id`,`name`,`title`,`publish_time` FROM `blog` WHERE  `content` LIKE '%%' ORDER BY `id` DESC [ RunTime:0.000598s ]
[ sql ] [ SQL ] SHOW COLUMNS FROM `behaviors` [ RunTime:0.000735s ]
[ sql ] [ SQL ] SELECT `id`,`behavior_name`,`behavior_file`,`tai` FROM `behaviors` WHERE  `hook_name` = 'Filter'  AND `tai` = 'enable' [ RunTime:0.000460s ]
[ sql ] [ SQL ] SHOW COLUMNS FROM `unkeys` [ RunTime:0.000693s ]
[ sql ] [ SQL ] SELECT * FROM `unkeys` [ RunTime:0.000362s ]
[ sql ] [ SQL ] SELECT `id`,`behavior_name`,`tai` FROM `behaviors` WHERE  `hook_name` = 'Validator' [ RunTime:0.000407s ]
[ sql ] [ SQL ] SELECT `id`,`behavior_name`,`behavior_file`,`tai` FROM `behaviors` WHERE  `hook_name` = 'Classfilter' [ RunTime:0.000461s ]
[ sql ] [ SQL ] SHOW COLUMNS FROM `categories` [ RunTime:0.000667s ]
[ sql ] [ SQL ] SELECT * FROM `categories` [ RunTime:0.000398s ]
[ sql ] [ SQL ] SELECT `id`,`behavior_name`,`behavior_file`,`tai` FROM `behaviors` WHERE  `hook_name` = 'Newpage'  AND `tai` = 'enable' [ RunTime:0.000382s ]
[ sql ] [ SQL ] SHOW COLUMNS FROM `page` [ RunTime:0.000672s ]
[ sql ] [ SQL ] SELECT * FROM `page` [ RunTime:0.000394s ]
[ sql ] [ SQL ] SHOW COLUMNS FROM `base` [ RunTime:0.000663s ]
[ sql ] [ SQL ] SELECT `name`,`src`,`tai` FROM `base` WHERE  `type` = 'theme' [ RunTime:0.000428s ]
[ sql ] [ SQL ] SELECT `src` FROM `base` WHERE  `tai` = 'now' [ RunTime:0.000418s ]
---------------------------------------------------------------
[ 2018-11-07T18:51:35+08:00 ] 119.103.22.43 GET 178.62.72.144:8888/index/blog/admin
[运行时间：0.023100s] [吞吐率：43.29req/s] [内存消耗：846.23kb] [文件加载：91]
[ info ] [ LANG ] /home/perci/tp/tp5/thinkphp/lang/zh-cn.php
[ info ] [ ROUTE ] array (
)
[ info ] [ HEADER ] array (
  'host' => '178.62.72.144:8888',
  'connection' => 'keep-alive',
  'cache-control' => 'max-age=0',
  'upgrade-insecure-requests' => '1',
  'user-agent' => 'Mozilla/5.0 (X11; Linux x86_64) AppleWebKit/537.36 (KHTML, like Gecko) Chrome/69.0.3497.100 Safari/537.36',
  'accept' => 'text/html,application/xhtml+xml,application/xml;q=0.9,image/webp,image/apng,*/*;q=0.8',
  'referer' => 'http://178.62.72.144:8888/index/other/index',
  'accept-encoding' => 'gzip, deflate',
  'accept-language' => 'zh-CN,zh;q=0.9,en;q=0.8',
  'cookie' => 'PHPSESSID=c6vk3eis4pqe2af5vbhlq45lj0',
)
[ info ] [ PARAM ] array (
)
[ info ] [ DB ] INIT mysql
[ info ] [ VIEW ] ../application/index/view/the1/blog/admin.html [ array (
  0 => 'blogs',
  1 => 'svalue',
  2 => 'themes',
  3 => 'FilterAddons',
  4 => 'ValidatorAddons',
  5 => 'ClassfilterAddons',
  6 => 'cates',
  7 => 'unkeys',
  8 => 'newPages',
) ]
[ sql ] [ DB ] CONNECT:[ UseTime:0.000804s ] mysql:host=127.0.0.1;dbname=demo;charset=utf8
[ sql ] [ SQL ] SHOW COLUMNS FROM `blog` [ RunTime:0.001555s ]
[ sql ] [ SQL ] SELECT `id`,`name`,`title`,`publish_time` FROM `blog` WHERE  `content` LIKE '%%' ORDER BY `id` DESC [ RunTime:0.000682s ]
[ sql ] [ SQL ] SHOW COLUMNS FROM `behaviors` [ RunTime:0.000738s ]
[ sql ] [ SQL ] SELECT `id`,`behavior_name`,`behavior_file`,`tai` FROM `behaviors` WHERE  `hook_name` = 'Filter'  AND `tai` = 'enable' [ RunTime:0.000472s ]
[ sql ] [ SQL ] SHOW COLUMNS FROM `unkeys` [ RunTime:0.000718s ]
[ sql ] [ SQL ] SELECT * FROM `unkeys` [ RunTime:0.000353s ]
[ sql ] [ SQL ] SELECT `id`,`behavior_name`,`tai` FROM `behaviors` WHERE  `hook_name` = 'Validator' [ RunTime:0.000397s ]
[ sql ] [ SQL ] SELECT `id`,`behavior_name`,`behavior_file`,`tai` FROM `behaviors` WHERE  `hook_name` = 'Classfilter' [ RunTime:0.000378s ]
[ sql ] [ SQL ] SHOW COLUMNS FROM `categories` [ RunTime:0.000708s ]
[ sql ] [ SQL ] SELECT * FROM `categories` [ RunTime:0.000342s ]
[ sql ] [ SQL ] SELECT `id`,`behavior_name`,`behavior_file`,`tai` FROM `behaviors` WHERE  `hook_name` = 'Newpage'  AND `tai` = 'enable' [ RunTime:0.000428s ]
[ sql ] [ SQL ] SHOW COLUMNS FROM `page` [ RunTime:0.000695s ]
[ sql ] [ SQL ] SELECT * FROM `page` [ RunTime:0.000374s ]
[ sql ] [ SQL ] SHOW COLUMNS FROM `base` [ RunTime:0.000698s ]
[ sql ] [ SQL ] SELECT `name`,`src`,`tai` FROM `base` WHERE  `type` = 'theme' [ RunTime:0.000379s ]
[ sql ] [ SQL ] SELECT `src` FROM `base` WHERE  `tai` = 'now' [ RunTime:0.000380s ]
---------------------------------------------------------------
[ 2018-11-07T18:51:41+08:00 ] 119.103.22.43 POST 178.62.72.144:8888/index/blog/admin
[运行时间：0.012422s] [吞吐率：80.50req/s] [内存消耗：753.48kb] [文件加载：88]
[ info ] [ LANG ] /home/perci/tp/tp5/thinkphp/lang/zh-cn.php
[ info ] [ ROUTE ] array (
)
[ info ] [ HEADER ] array (
  'host' => '178.62.72.144:8888',
  'connection' => 'keep-alive',
  'content-length' => '722',
  'cache-control' => 'max-age=0',
  'origin' => 'http://178.62.72.144:8888',
  'upgrade-insecure-requests' => '1',
  'content-type' => 'multipart/form-data; boundary=----WebKitFormBoundaryH41XAOdtBd6wAe71',
  'user-agent' => 'Mozilla/5.0 (X11; Linux x86_64) AppleWebKit/537.36 (KHTML, like Gecko) Chrome/69.0.3497.100 Safari/537.36',
  'accept' => 'text/html,application/xhtml+xml,application/xml;q=0.9,image/webp,image/apng,*/*;q=0.8',
  'referer' => 'http://178.62.72.144:8888/index/blog/admin',
  'accept-encoding' => 'gzip, deflate',
  'accept-language' => 'zh-CN,zh;q=0.9,en;q=0.8',
  'cookie' => 'PHPSESSID=c6vk3eis4pqe2af5vbhlq45lj0',
)
[ info ] [ PARAM ] array (
  'command' => 'create_newPage',
)
[ info ] [ DB ] INIT mysql
[ sql ] [ DB ] CONNECT:[ UseTime:0.000649s ] mysql:host=127.0.0.1;dbname=demo;charset=utf8
[ sql ] [ SQL ] SHOW COLUMNS FROM `blog` [ RunTime:0.001148s ]
[ sql ] [ SQL ] SELECT `id`,`name`,`title`,`publish_time` FROM `blog` WHERE  `content` LIKE '%%' ORDER BY `id` DESC [ RunTime:0.000543s ]
[ sql ] [ SQL ] SHOW COLUMNS FROM `behaviors` [ RunTime:0.000751s ]
[ sql ] [ SQL ] SELECT `id`,`behavior_name`,`behavior_file`,`tai` FROM `behaviors` WHERE  `hook_name` = 'Filter'  AND `tai` = 'enable' [ RunTime:0.000436s ]
[ sql ] [ SQL ] SHOW COLUMNS FROM `unkeys` [ RunTime:0.000750s ]
[ sql ] [ SQL ] SELECT * FROM `unkeys` [ RunTime:0.000349s ]
[ sql ] [ SQL ] SELECT `id`,`behavior_name`,`tai` FROM `behaviors` WHERE  `hook_name` = 'Validator' [ RunTime:0.000366s ]
[ sql ] [ SQL ] SELECT `id`,`behavior_name`,`behavior_file`,`tai` FROM `behaviors` WHERE  `hook_name` = 'Classfilter' [ RunTime:0.000388s ]
[ sql ] [ SQL ] SHOW COLUMNS FROM `categories` [ RunTime:0.000663s ]
[ sql ] [ SQL ] SELECT * FROM `categories` [ RunTime:0.000349s ]
[ sql ] [ SQL ] SELECT `id`,`behavior_name`,`behavior_file`,`tai` FROM `behaviors` WHERE  `hook_name` = 'Newpage'  AND `tai` = 'enable' [ RunTime:0.000478s ]
[ error ] [8]未定义变量: request[/home/perci/tp/tp5/application/index/controller/Blog.php:259]
---------------------------------------------------------------
[ 2018-11-07T18:52:05+08:00 ] 119.103.22.43 GET 178.62.72.144:8888/index/blog/admin
[运行时间：0.026012s] [吞吐率：38.44req/s] [内存消耗：819.07kb] [文件加载：89]
[ info ] [ LANG ] /home/perci/tp/tp5/thinkphp/lang/zh-cn.php
[ info ] [ ROUTE ] array (
)
[ info ] [ HEADER ] array (
  'host' => '178.62.72.144:8888',
  'connection' => 'keep-alive',
  'upgrade-insecure-requests' => '1',
  'user-agent' => 'Mozilla/5.0 (X11; Linux x86_64) AppleWebKit/537.36 (KHTML, like Gecko) Chrome/69.0.3497.100 Safari/537.36',
  'accept' => 'text/html,application/xhtml+xml,application/xml;q=0.9,image/webp,image/apng,*/*;q=0.8',
  'referer' => 'http://178.62.72.144:8888/index/other/index',
  'accept-encoding' => 'gzip, deflate',
  'accept-language' => 'zh-CN,zh;q=0.9,en;q=0.8',
  'cookie' => 'PHPSESSID=c6vk3eis4pqe2af5vbhlq45lj0',
)
[ info ] [ PARAM ] array (
)
[ info ] [ DB ] INIT mysql
[ info ] [ VIEW ] ../application/index/view/the1/blog/admin.html [ array (
  0 => 'blogs',
  1 => 'svalue',
  2 => 'themes',
  3 => 'FilterAddons',
  4 => 'ValidatorAddons',
  5 => 'ClassfilterAddons',
  6 => 'cates',
  7 => 'unkeys',
  8 => 'newPages',
) ]
[ sql ] [ DB ] CONNECT:[ UseTime:0.000915s ] mysql:host=127.0.0.1;dbname=demo;charset=utf8
[ sql ] [ SQL ] SHOW COLUMNS FROM `blog` [ RunTime:0.001447s ]
[ sql ] [ SQL ] SELECT `id`,`name`,`title`,`publish_time` FROM `blog` WHERE  `content` LIKE '%%' ORDER BY `id` DESC [ RunTime:0.000691s ]
[ sql ] [ SQL ] SHOW COLUMNS FROM `behaviors` [ RunTime:0.001005s ]
[ sql ] [ SQL ] SELECT `id`,`behavior_name`,`behavior_file`,`tai` FROM `behaviors` WHERE  `hook_name` = 'Filter'  AND `tai` = 'enable' [ RunTime:0.000570s ]
[ sql ] [ SQL ] SHOW COLUMNS FROM `unkeys` [ RunTime:0.000916s ]
[ sql ] [ SQL ] SELECT * FROM `unkeys` [ RunTime:0.000476s ]
[ sql ] [ SQL ] SELECT `id`,`behavior_name`,`tai` FROM `behaviors` WHERE  `hook_name` = 'Validator' [ RunTime:0.000511s ]
[ sql ] [ SQL ] SELECT `id`,`behavior_name`,`behavior_file`,`tai` FROM `behaviors` WHERE  `hook_name` = 'Classfilter' [ RunTime:0.000600s ]
[ sql ] [ SQL ] SHOW COLUMNS FROM `categories` [ RunTime:0.000987s ]
[ sql ] [ SQL ] SELECT * FROM `categories` [ RunTime:0.000509s ]
[ sql ] [ SQL ] SELECT `id`,`behavior_name`,`behavior_file`,`tai` FROM `behaviors` WHERE  `hook_name` = 'Newpage'  AND `tai` = 'enable' [ RunTime:0.000547s ]
[ sql ] [ SQL ] SHOW COLUMNS FROM `page` [ RunTime:0.000956s ]
[ sql ] [ SQL ] SELECT * FROM `page` [ RunTime:0.000440s ]
[ sql ] [ SQL ] SHOW COLUMNS FROM `base` [ RunTime:0.001005s ]
[ sql ] [ SQL ] SELECT `name`,`src`,`tai` FROM `base` WHERE  `type` = 'theme' [ RunTime:0.000519s ]
[ sql ] [ SQL ] SELECT `src` FROM `base` WHERE  `tai` = 'now' [ RunTime:0.000482s ]
---------------------------------------------------------------
[ 2018-11-07T18:52:07+08:00 ] 119.103.22.43 POST 178.62.72.144:8888/index/blog/admin
[运行时间：0.012284s] [吞吐率：81.41req/s] [内存消耗：762.60kb] [文件加载：90]
[ info ] [ LANG ] /home/perci/tp/tp5/thinkphp/lang/zh-cn.php
[ info ] [ ROUTE ] array (
)
[ info ] [ HEADER ] array (
  'host' => '178.62.72.144:8888',
  'connection' => 'keep-alive',
  'content-length' => '722',
  'cache-control' => 'max-age=0',
  'origin' => 'http://178.62.72.144:8888',
  'upgrade-insecure-requests' => '1',
  'content-type' => 'multipart/form-data; boundary=----WebKitFormBoundaryN0YSbq0zqOvU2b7W',
  'user-agent' => 'Mozilla/5.0 (X11; Linux x86_64) AppleWebKit/537.36 (KHTML, like Gecko) Chrome/69.0.3497.100 Safari/537.36',
  'accept' => 'text/html,application/xhtml+xml,application/xml;q=0.9,image/webp,image/apng,*/*;q=0.8',
  'referer' => 'http://178.62.72.144:8888/index/blog/admin',
  'accept-encoding' => 'gzip, deflate',
  'accept-language' => 'zh-CN,zh;q=0.9,en;q=0.8',
  'cookie' => 'PHPSESSID=c6vk3eis4pqe2af5vbhlq45lj0',
)
[ info ] [ PARAM ] array (
  'command' => 'create_newPage',
)
[ info ] [ DB ] INIT mysql
[ sql ] [ DB ] CONNECT:[ UseTime:0.000609s ] mysql:host=127.0.0.1;dbname=demo;charset=utf8
[ sql ] [ SQL ] SHOW COLUMNS FROM `blog` [ RunTime:0.001109s ]
[ sql ] [ SQL ] SELECT `id`,`name`,`title`,`publish_time` FROM `blog` WHERE  `content` LIKE '%%' ORDER BY `id` DESC [ RunTime:0.000523s ]
[ sql ] [ SQL ] SHOW COLUMNS FROM `behaviors` [ RunTime:0.000730s ]
[ sql ] [ SQL ] SELECT `id`,`behavior_name`,`behavior_file`,`tai` FROM `behaviors` WHERE  `hook_name` = 'Filter'  AND `tai` = 'enable' [ RunTime:0.000509s ]
[ sql ] [ SQL ] SHOW COLUMNS FROM `unkeys` [ RunTime:0.000748s ]
[ sql ] [ SQL ] SELECT * FROM `unkeys` [ RunTime:0.000329s ]
[ sql ] [ SQL ] SELECT `id`,`behavior_name`,`tai` FROM `behaviors` WHERE  `hook_name` = 'Validator' [ RunTime:0.000393s ]
[ sql ] [ SQL ] SELECT `id`,`behavior_name`,`behavior_file`,`tai` FROM `behaviors` WHERE  `hook_name` = 'Classfilter' [ RunTime:0.000370s ]
[ sql ] [ SQL ] SHOW COLUMNS FROM `categories` [ RunTime:0.000686s ]
[ sql ] [ SQL ] SELECT * FROM `categories` [ RunTime:0.000376s ]
[ sql ] [ SQL ] SELECT `id`,`behavior_name`,`behavior_file`,`tai` FROM `behaviors` WHERE  `hook_name` = 'Newpage'  AND `tai` = 'enable' [ RunTime:0.000397s ]
[ error ] [8]未定义变量: param[/home/perci/tp/tp5/application/index/behavior/Newpage.php:25]
---------------------------------------------------------------
[ 2018-11-07T18:52:24+08:00 ] 119.103.22.43 POST 178.62.72.144:8888/index/blog/admin
[运行时间：0.014586s] [吞吐率：68.56req/s] [内存消耗：773.34kb] [文件加载：85]
[ info ] [ LANG ] /home/perci/tp/tp5/thinkphp/lang/zh-cn.php
[ info ] [ ROUTE ] array (
)
[ info ] [ HEADER ] array (
  'host' => '178.62.72.144:8888',
  'connection' => 'keep-alive',
  'content-length' => '722',
  'cache-control' => 'max-age=0',
  'upgrade-insecure-requests' => '1',
  'user-agent' => 'Mozilla/5.0 (X11; Linux x86_64) AppleWebKit/537.36 (KHTML, like Gecko) Chrome/69.0.3497.100 Safari/537.36',
  'origin' => 'http://178.62.72.144:8888',
  'content-type' => 'multipart/form-data; boundary=----WebKitFormBoundaryN0YSbq0zqOvU2b7W',
  'accept' => 'text/html,application/xhtml+xml,application/xml;q=0.9,image/webp,image/apng,*/*;q=0.8',
  'referer' => 'http://178.62.72.144:8888/index/blog/admin',
  'accept-encoding' => 'gzip, deflate',
  'accept-language' => 'zh-CN,zh;q=0.9,en;q=0.8',
  'cookie' => 'PHPSESSID=c6vk3eis4pqe2af5vbhlq45lj0',
)
[ info ] [ PARAM ] array (
  'command' => 'create_newPage',
)
[ info ] [ DB ] INIT mysql
[ sql ] [ DB ] CONNECT:[ UseTime:0.000614s ] mysql:host=127.0.0.1;dbname=demo;charset=utf8
[ sql ] [ SQL ] SHOW COLUMNS FROM `blog` [ RunTime:0.001186s ]
[ sql ] [ SQL ] SELECT `id`,`name`,`title`,`publish_time` FROM `blog` WHERE  `content` LIKE '%%' ORDER BY `id` DESC [ RunTime:0.000528s ]
[ sql ] [ SQL ] SHOW COLUMNS FROM `behaviors` [ RunTime:0.000724s ]
[ sql ] [ SQL ] SELECT `id`,`behavior_name`,`behavior_file`,`tai` FROM `behaviors` WHERE  `hook_name` = 'Filter'  AND `tai` = 'enable' [ RunTime:0.000627s ]
[ sql ] [ SQL ] SHOW COLUMNS FROM `unkeys` [ RunTime:0.001009s ]
[ sql ] [ SQL ] SELECT * FROM `unkeys` [ RunTime:0.000525s ]
[ sql ] [ SQL ] SELECT `id`,`behavior_name`,`tai` FROM `behaviors` WHERE  `hook_name` = 'Validator' [ RunTime:0.000524s ]
[ sql ] [ SQL ] SELECT `id`,`behavior_name`,`behavior_file`,`tai` FROM `behaviors` WHERE  `hook_name` = 'Classfilter' [ RunTime:0.000564s ]
[ sql ] [ SQL ] SHOW COLUMNS FROM `categories` [ RunTime:0.001062s ]
[ sql ] [ SQL ] SELECT * FROM `categories` [ RunTime:0.000528s ]
[ sql ] [ SQL ] SELECT `id`,`behavior_name`,`behavior_file`,`tai` FROM `behaviors` WHERE  `hook_name` = 'Newpage'  AND `tai` = 'enable' [ RunTime:0.000614s ]
---------------------------------------------------------------
[ 2018-11-07T18:52:27+08:00 ] 119.103.22.43 GET 178.62.72.144:8888/index/blog/admin
[运行时间：0.016061s] [吞吐率：62.26req/s] [内存消耗：817.88kb] [文件加载：89]
[ info ] [ LANG ] /home/perci/tp/tp5/thinkphp/lang/zh-cn.php
[ info ] [ ROUTE ] array (
)
[ info ] [ HEADER ] array (
  'host' => '178.62.72.144:8888',
  'connection' => 'keep-alive',
  'upgrade-insecure-requests' => '1',
  'user-agent' => 'Mozilla/5.0 (X11; Linux x86_64) AppleWebKit/537.36 (KHTML, like Gecko) Chrome/69.0.3497.100 Safari/537.36',
  'accept' => 'text/html,application/xhtml+xml,application/xml;q=0.9,image/webp,image/apng,*/*;q=0.8',
  'referer' => 'http://178.62.72.144:8888/index/other/index',
  'accept-encoding' => 'gzip, deflate',
  'accept-language' => 'zh-CN,zh;q=0.9,en;q=0.8',
  'cookie' => 'PHPSESSID=c6vk3eis4pqe2af5vbhlq45lj0',
)
[ info ] [ PARAM ] array (
)
[ info ] [ DB ] INIT mysql
[ info ] [ VIEW ] ../application/index/view/the1/blog/admin.html [ array (
  0 => 'blogs',
  1 => 'svalue',
  2 => 'themes',
  3 => 'FilterAddons',
  4 => 'ValidatorAddons',
  5 => 'ClassfilterAddons',
  6 => 'cates',
  7 => 'unkeys',
  8 => 'newPages',
) ]
[ sql ] [ DB ] CONNECT:[ UseTime:0.000701s ] mysql:host=127.0.0.1;dbname=demo;charset=utf8
[ sql ] [ SQL ] SHOW COLUMNS FROM `blog` [ RunTime:0.001053s ]
[ sql ] [ SQL ] SELECT `id`,`name`,`title`,`publish_time` FROM `blog` WHERE  `content` LIKE '%%' ORDER BY `id` DESC [ RunTime:0.000521s ]
[ sql ] [ SQL ] SHOW COLUMNS FROM `behaviors` [ RunTime:0.000828s ]
[ sql ] [ SQL ] SELECT `id`,`behavior_name`,`behavior_file`,`tai` FROM `behaviors` WHERE  `hook_name` = 'Filter'  AND `tai` = 'enable' [ RunTime:0.000416s ]
[ sql ] [ SQL ] SHOW COLUMNS FROM `unkeys` [ RunTime:0.000691s ]
[ sql ] [ SQL ] SELECT * FROM `unkeys` [ RunTime:0.000325s ]
[ sql ] [ SQL ] SELECT `id`,`behavior_name`,`tai` FROM `behaviors` WHERE  `hook_name` = 'Validator' [ RunTime:0.000383s ]
[ sql ] [ SQL ] SELECT `id`,`behavior_name`,`behavior_file`,`tai` FROM `behaviors` WHERE  `hook_name` = 'Classfilter' [ RunTime:0.000438s ]
[ sql ] [ SQL ] SHOW COLUMNS FROM `categories` [ RunTime:0.000846s ]
[ sql ] [ SQL ] SELECT * FROM `categories` [ RunTime:0.000497s ]
[ sql ] [ SQL ] SELECT `id`,`behavior_name`,`behavior_file`,`tai` FROM `behaviors` WHERE  `hook_name` = 'Newpage'  AND `tai` = 'enable' [ RunTime:0.000422s ]
[ sql ] [ SQL ] SHOW COLUMNS FROM `page` [ RunTime:0.000775s ]
[ sql ] [ SQL ] SELECT * FROM `page` [ RunTime:0.000337s ]
[ sql ] [ SQL ] SHOW COLUMNS FROM `base` [ RunTime:0.000690s ]
[ sql ] [ SQL ] SELECT `name`,`src`,`tai` FROM `base` WHERE  `type` = 'theme' [ RunTime:0.000383s ]
[ sql ] [ SQL ] SELECT `src` FROM `base` WHERE  `tai` = 'now' [ RunTime:0.000336s ]
---------------------------------------------------------------
[ 2018-11-07T18:54:58+08:00 ] 119.103.22.43 POST 178.62.72.144:8888/index/blog/admin
[运行时间：0.013280s] [吞吐率：75.30req/s] [内存消耗：762.36kb] [文件加载：89]
[ info ] [ LANG ] /home/perci/tp/tp5/thinkphp/lang/zh-cn.php
[ info ] [ ROUTE ] array (
)
[ info ] [ HEADER ] array (
  'host' => '178.62.72.144:8888',
  'connection' => 'keep-alive',
  'content-length' => '722',
  'cache-control' => 'max-age=0',
  'origin' => 'http://178.62.72.144:8888',
  'upgrade-insecure-requests' => '1',
  'content-type' => 'multipart/form-data; boundary=----WebKitFormBoundaryR16hauBW5OdAJhIR',
  'user-agent' => 'Mozilla/5.0 (X11; Linux x86_64) AppleWebKit/537.36 (KHTML, like Gecko) Chrome/69.0.3497.100 Safari/537.36',
  'accept' => 'text/html,application/xhtml+xml,application/xml;q=0.9,image/webp,image/apng,*/*;q=0.8',
  'referer' => 'http://178.62.72.144:8888/index/blog/admin',
  'accept-encoding' => 'gzip, deflate',
  'accept-language' => 'zh-CN,zh;q=0.9,en;q=0.8',
  'cookie' => 'PHPSESSID=c6vk3eis4pqe2af5vbhlq45lj0',
)
[ info ] [ PARAM ] array (
  'command' => 'create_newPage',
)
[ info ] [ DB ] INIT mysql
[ sql ] [ DB ] CONNECT:[ UseTime:0.000656s ] mysql:host=127.0.0.1;dbname=demo;charset=utf8
[ sql ] [ SQL ] SHOW COLUMNS FROM `blog` [ RunTime:0.001109s ]
[ sql ] [ SQL ] SELECT `id`,`name`,`title`,`publish_time` FROM `blog` WHERE  `content` LIKE '%%' ORDER BY `id` DESC [ RunTime:0.000523s ]
[ sql ] [ SQL ] SHOW COLUMNS FROM `behaviors` [ RunTime:0.000697s ]
[ sql ] [ SQL ] SELECT `id`,`behavior_name`,`behavior_file`,`tai` FROM `behaviors` WHERE  `hook_name` = 'Filter'  AND `tai` = 'enable' [ RunTime:0.000420s ]
[ sql ] [ SQL ] SHOW COLUMNS FROM `unkeys` [ RunTime:0.000707s ]
[ sql ] [ SQL ] SELECT * FROM `unkeys` [ RunTime:0.000362s ]
[ sql ] [ SQL ] SELECT `id`,`behavior_name`,`tai` FROM `behaviors` WHERE  `hook_name` = 'Validator' [ RunTime:0.000360s ]
[ sql ] [ SQL ] SELECT `id`,`behavior_name`,`behavior_file`,`tai` FROM `behaviors` WHERE  `hook_name` = 'Classfilter' [ RunTime:0.000384s ]
[ sql ] [ SQL ] SHOW COLUMNS FROM `categories` [ RunTime:0.000724s ]
[ sql ] [ SQL ] SELECT * FROM `categories` [ RunTime:0.000380s ]
[ sql ] [ SQL ] SELECT `id`,`behavior_name`,`behavior_file`,`tai` FROM `behaviors` WHERE  `hook_name` = 'Newpage'  AND `tai` = 'enable' [ RunTime:0.000429s ]
[ error ] [0]致命错误: Call to a member function move() on null[/home/perci/tp/tp5/application/index/behavior/Newpage.php:26]
---------------------------------------------------------------
[ 2018-11-07T18:58:39+08:00 ] 119.103.22.43 GET 178.62.72.144:8888/index/blog/admin
[运行时间：0.018509s] [吞吐率：54.03req/s] [内存消耗：818.98kb] [文件加载：89]
[ info ] [ LANG ] /home/perci/tp/tp5/thinkphp/lang/zh-cn.php
[ info ] [ ROUTE ] array (
)
[ info ] [ HEADER ] array (
  'host' => '178.62.72.144:8888',
  'connection' => 'keep-alive',
  'upgrade-insecure-requests' => '1',
  'user-agent' => 'Mozilla/5.0 (X11; Linux x86_64) AppleWebKit/537.36 (KHTML, like Gecko) Chrome/69.0.3497.100 Safari/537.36',
  'accept' => 'text/html,application/xhtml+xml,application/xml;q=0.9,image/webp,image/apng,*/*;q=0.8',
  'referer' => 'http://178.62.72.144:8888/index/other/index',
  'accept-encoding' => 'gzip, deflate',
  'accept-language' => 'zh-CN,zh;q=0.9,en;q=0.8',
  'cookie' => 'PHPSESSID=c6vk3eis4pqe2af5vbhlq45lj0',
)
[ info ] [ PARAM ] array (
)
[ info ] [ DB ] INIT mysql
[ info ] [ VIEW ] ../application/index/view/the1/blog/admin.html [ array (
  0 => 'blogs',
  1 => 'svalue',
  2 => 'themes',
  3 => 'FilterAddons',
  4 => 'ValidatorAddons',
  5 => 'ClassfilterAddons',
  6 => 'cates',
  7 => 'unkeys',
  8 => 'newPages',
) ]
[ sql ] [ DB ] CONNECT:[ UseTime:0.000696s ] mysql:host=127.0.0.1;dbname=demo;charset=utf8
[ sql ] [ SQL ] SHOW COLUMNS FROM `blog` [ RunTime:0.001289s ]
[ sql ] [ SQL ] SELECT `id`,`name`,`title`,`publish_time` FROM `blog` WHERE  `content` LIKE '%%' ORDER BY `id` DESC [ RunTime:0.000611s ]
[ sql ] [ SQL ] SHOW COLUMNS FROM `behaviors` [ RunTime:0.000767s ]
[ sql ] [ SQL ] SELECT `id`,`behavior_name`,`behavior_file`,`tai` FROM `behaviors` WHERE  `hook_name` = 'Filter'  AND `tai` = 'enable' [ RunTime:0.000451s ]
[ sql ] [ SQL ] SHOW COLUMNS FROM `unkeys` [ RunTime:0.000711s ]
[ sql ] [ SQL ] SELECT * FROM `unkeys` [ RunTime:0.000340s ]
[ sql ] [ SQL ] SELECT `id`,`behavior_name`,`tai` FROM `behaviors` WHERE  `hook_name` = 'Validator' [ RunTime:0.000436s ]
[ sql ] [ SQL ] SELECT `id`,`behavior_name`,`behavior_file`,`tai` FROM `behaviors` WHERE  `hook_name` = 'Classfilter' [ RunTime:0.000370s ]
[ sql ] [ SQL ] SHOW COLUMNS FROM `categories` [ RunTime:0.000693s ]
[ sql ] [ SQL ] SELECT * FROM `categories` [ RunTime:0.000385s ]
[ sql ] [ SQL ] SELECT `id`,`behavior_name`,`behavior_file`,`tai` FROM `behaviors` WHERE  `hook_name` = 'Newpage'  AND `tai` = 'enable' [ RunTime:0.000399s ]
[ sql ] [ SQL ] SHOW COLUMNS FROM `page` [ RunTime:0.000688s ]
[ sql ] [ SQL ] SELECT * FROM `page` [ RunTime:0.000361s ]
[ sql ] [ SQL ] SHOW COLUMNS FROM `base` [ RunTime:0.000677s ]
[ sql ] [ SQL ] SELECT `name`,`src`,`tai` FROM `base` WHERE  `type` = 'theme' [ RunTime:0.000392s ]
[ sql ] [ SQL ] SELECT `src` FROM `base` WHERE  `tai` = 'now' [ RunTime:0.000404s ]
---------------------------------------------------------------
[ 2018-11-07T18:59:44+08:00 ] 119.103.22.43 POST 178.62.72.144:8888/index/blog/admin
[运行时间：0.013964s] [吞吐率：71.61req/s] [内存消耗：773.34kb] [文件加载：85]
[ info ] [ LANG ] /home/perci/tp/tp5/thinkphp/lang/zh-cn.php
[ info ] [ ROUTE ] array (
)
[ info ] [ HEADER ] array (
  'host' => '178.62.72.144:8888',
  'connection' => 'keep-alive',
  'content-length' => '722',
  'cache-control' => 'max-age=0',
  'origin' => 'http://178.62.72.144:8888',
  'upgrade-insecure-requests' => '1',
  'content-type' => 'multipart/form-data; boundary=----WebKitFormBoundaryUMnEf3Uevqw4qcFh',
  'user-agent' => 'Mozilla/5.0 (X11; Linux x86_64) AppleWebKit/537.36 (KHTML, like Gecko) Chrome/69.0.3497.100 Safari/537.36',
  'accept' => 'text/html,application/xhtml+xml,application/xml;q=0.9,image/webp,image/apng,*/*;q=0.8',
  'referer' => 'http://178.62.72.144:8888/index/blog/admin',
  'accept-encoding' => 'gzip, deflate',
  'accept-language' => 'zh-CN,zh;q=0.9,en;q=0.8',
  'cookie' => 'PHPSESSID=c6vk3eis4pqe2af5vbhlq45lj0',
)
[ info ] [ PARAM ] array (
  'command' => 'create_newPage',
)
[ info ] [ DB ] INIT mysql
[ sql ] [ DB ] CONNECT:[ UseTime:0.000603s ] mysql:host=127.0.0.1;dbname=demo;charset=utf8
[ sql ] [ SQL ] SHOW COLUMNS FROM `blog` [ RunTime:0.001121s ]
[ sql ] [ SQL ] SELECT `id`,`name`,`title`,`publish_time` FROM `blog` WHERE  `content` LIKE '%%' ORDER BY `id` DESC [ RunTime:0.000555s ]
[ sql ] [ SQL ] SHOW COLUMNS FROM `behaviors` [ RunTime:0.000766s ]
[ sql ] [ SQL ] SELECT `id`,`behavior_name`,`behavior_file`,`tai` FROM `behaviors` WHERE  `hook_name` = 'Filter'  AND `tai` = 'enable' [ RunTime:0.000417s ]
[ sql ] [ SQL ] SHOW COLUMNS FROM `unkeys` [ RunTime:0.000674s ]
[ sql ] [ SQL ] SELECT * FROM `unkeys` [ RunTime:0.000403s ]
[ sql ] [ SQL ] SELECT `id`,`behavior_name`,`tai` FROM `behaviors` WHERE  `hook_name` = 'Validator' [ RunTime:0.000363s ]
[ sql ] [ SQL ] SELECT `id`,`behavior_name`,`behavior_file`,`tai` FROM `behaviors` WHERE  `hook_name` = 'Classfilter' [ RunTime:0.000393s ]
[ sql ] [ SQL ] SHOW COLUMNS FROM `categories` [ RunTime:0.000848s ]
[ sql ] [ SQL ] SELECT * FROM `categories` [ RunTime:0.000338s ]
[ sql ] [ SQL ] SELECT `id`,`behavior_name`,`behavior_file`,`tai` FROM `behaviors` WHERE  `hook_name` = 'Newpage'  AND `tai` = 'enable' [ RunTime:0.000422s ]
---------------------------------------------------------------
[ 2018-11-07T19:00:07+08:00 ] 119.103.22.43 GET 178.62.72.144:8888/index/blog/admin
[运行时间：0.016230s] [吞吐率：61.61req/s] [内存消耗：817.88kb] [文件加载：89]
[ info ] [ LANG ] /home/perci/tp/tp5/thinkphp/lang/zh-cn.php
[ info ] [ ROUTE ] array (
)
[ info ] [ HEADER ] array (
  'host' => '178.62.72.144:8888',
  'connection' => 'keep-alive',
  'upgrade-insecure-requests' => '1',
  'user-agent' => 'Mozilla/5.0 (X11; Linux x86_64) AppleWebKit/537.36 (KHTML, like Gecko) Chrome/69.0.3497.100 Safari/537.36',
  'accept' => 'text/html,application/xhtml+xml,application/xml;q=0.9,image/webp,image/apng,*/*;q=0.8',
  'referer' => 'http://178.62.72.144:8888/index/other/index',
  'accept-encoding' => 'gzip, deflate',
  'accept-language' => 'zh-CN,zh;q=0.9,en;q=0.8',
  'cookie' => 'PHPSESSID=c6vk3eis4pqe2af5vbhlq45lj0',
)
[ info ] [ PARAM ] array (
)
[ info ] [ DB ] INIT mysql
[ info ] [ VIEW ] ../application/index/view/the1/blog/admin.html [ array (
  0 => 'blogs',
  1 => 'svalue',
  2 => 'themes',
  3 => 'FilterAddons',
  4 => 'ValidatorAddons',
  5 => 'ClassfilterAddons',
  6 => 'cates',
  7 => 'unkeys',
  8 => 'newPages',
) ]
[ sql ] [ DB ] CONNECT:[ UseTime:0.000636s ] mysql:host=127.0.0.1;dbname=demo;charset=utf8
[ sql ] [ SQL ] SHOW COLUMNS FROM `blog` [ RunTime:0.001170s ]
[ sql ] [ SQL ] SELECT `id`,`name`,`title`,`publish_time` FROM `blog` WHERE  `content` LIKE '%%' ORDER BY `id` DESC [ RunTime:0.000544s ]
[ sql ] [ SQL ] SHOW COLUMNS FROM `behaviors` [ RunTime:0.000865s ]
[ sql ] [ SQL ] SELECT `id`,`behavior_name`,`behavior_file`,`tai` FROM `behaviors` WHERE  `hook_name` = 'Filter'  AND `tai` = 'enable' [ RunTime:0.000486s ]
[ sql ] [ SQL ] SHOW COLUMNS FROM `unkeys` [ RunTime:0.000842s ]
[ sql ] [ SQL ] SELECT * FROM `unkeys` [ RunTime:0.000390s ]
[ sql ] [ SQL ] SELECT `id`,`behavior_name`,`tai` FROM `behaviors` WHERE  `hook_name` = 'Validator' [ RunTime:0.000445s ]
[ sql ] [ SQL ] SELECT `id`,`behavior_name`,`behavior_file`,`tai` FROM `behaviors` WHERE  `hook_name` = 'Classfilter' [ RunTime:0.000402s ]
[ sql ] [ SQL ] SHOW COLUMNS FROM `categories` [ RunTime:0.000728s ]
[ sql ] [ SQL ] SELECT * FROM `categories` [ RunTime:0.000344s ]
[ sql ] [ SQL ] SELECT `id`,`behavior_name`,`behavior_file`,`tai` FROM `behaviors` WHERE  `hook_name` = 'Newpage'  AND `tai` = 'enable' [ RunTime:0.000405s ]
[ sql ] [ SQL ] SHOW COLUMNS FROM `page` [ RunTime:0.000775s ]
[ sql ] [ SQL ] SELECT * FROM `page` [ RunTime:0.000337s ]
[ sql ] [ SQL ] SHOW COLUMNS FROM `base` [ RunTime:0.000702s ]
[ sql ] [ SQL ] SELECT `name`,`src`,`tai` FROM `base` WHERE  `type` = 'theme' [ RunTime:0.000382s ]
[ sql ] [ SQL ] SELECT `src` FROM `base` WHERE  `tai` = 'now' [ RunTime:0.000333s ]
---------------------------------------------------------------
[ 2018-11-07T19:01:44+08:00 ] 119.103.22.43 GET 178.62.72.144:8888/
[运行时间：0.009643s] [吞吐率：103.70req/s] [内存消耗：734.63kb] [文件加载：83]
[ info ] [ LANG ] /home/perci/tp/tp5/thinkphp/lang/zh-cn.php
[ info ] [ ROUTE ] array (
  'rule' => '',
  'route' => 'index',
  'option' => 
  array (
    'merge_rule_regex' => false,
    'complete_match' => true,
  ),
  'var' => 
  array (
  ),
)
[ info ] [ HEADER ] array (
  'host' => '178.62.72.144:8888',
  'connection' => 'keep-alive',
  'purpose' => 'prefetch',
  'upgrade-insecure-requests' => '1',
  'user-agent' => 'Mozilla/5.0 (X11; Linux x86_64) AppleWebKit/537.36 (KHTML, like Gecko) Chrome/69.0.3497.100 Safari/537.36',
  'accept' => 'text/html,application/xhtml+xml,application/xml;q=0.9,image/webp,image/apng,*/*;q=0.8',
  'accept-encoding' => 'gzip, deflate',
  'accept-language' => 'zh-CN,zh;q=0.9,en;q=0.8',
  'cookie' => 'PHPSESSID=c6vk3eis4pqe2af5vbhlq45lj0',
)
[ info ] [ PARAM ] array (
)
[ info ] [ DB ] INIT mysql
[ info ] [ VIEW ] ../application/index/view/the1/index/index.html [ array (
  0 => 'ka',
  1 => 'extendTest',
  2 => 'blogs',
) ]
[ sql ] [ DB ] CONNECT:[ UseTime:0.000714s ] mysql:host=127.0.0.1;dbname=demo;charset=utf8
[ sql ] [ SQL ] SHOW COLUMNS FROM `blog` [ RunTime:0.001183s ]
[ sql ] [ SQL ] SELECT `id`,`name`,`title`,`publish_time` FROM `blog` WHERE  `publish_time` BETWEEN 1541001600 AND 1543593600  AND `tai` = 'display' ORDER BY `id` DESC [ RunTime:0.000671s ]
[ sql ] [ SQL ] SHOW COLUMNS FROM `base` [ RunTime:0.000782s ]
[ sql ] [ SQL ] SELECT `src` FROM `base` WHERE  `tai` = 'now' [ RunTime:0.000425s ]
[ sql ] [ SQL ] SELECT `src` FROM `base` WHERE  `tai` = 'now' [ RunTime:0.000385s ]
---------------------------------------------------------------
[ 2018-11-07T19:01:47+08:00 ] 119.103.22.43 GET 178.62.72.144:8888/index/other/index
[运行时间：0.008828s] [吞吐率：113.27req/s] [内存消耗：745.62kb] [文件加载：84]
[ info ] [ LANG ] /home/perci/tp/tp5/thinkphp/lang/zh-cn.php
[ info ] [ ROUTE ] array (
)
[ info ] [ HEADER ] array (
  'host' => '178.62.72.144:8888',
  'connection' => 'keep-alive',
  'upgrade-insecure-requests' => '1',
  'user-agent' => 'Mozilla/5.0 (X11; Linux x86_64) AppleWebKit/537.36 (KHTML, like Gecko) Chrome/69.0.3497.100 Safari/537.36',
  'accept' => 'text/html,application/xhtml+xml,application/xml;q=0.9,image/webp,image/apng,*/*;q=0.8',
  'referer' => 'http://178.62.72.144:8888/',
  'accept-encoding' => 'gzip, deflate',
  'accept-language' => 'zh-CN,zh;q=0.9,en;q=0.8',
  'cookie' => 'PHPSESSID=c6vk3eis4pqe2af5vbhlq45lj0',
)
[ info ] [ PARAM ] array (
)
[ info ] [ DB ] INIT mysql
[ info ] [ VIEW ] ../application/index/view/the1/other/index.html [ array (
  0 => 'pages',
) ]
[ sql ] [ DB ] CONNECT:[ UseTime:0.000666s ] mysql:host=127.0.0.1;dbname=demo;charset=utf8
[ sql ] [ SQL ] SHOW COLUMNS FROM `behaviors` [ RunTime:0.001098s ]
[ sql ] [ SQL ] SELECT * FROM `behaviors` WHERE  `hook_name` = 'Newpage' [ RunTime:0.000452s ]
[ sql ] [ SQL ] SHOW COLUMNS FROM `page` [ RunTime:0.000764s ]
[ sql ] [ SQL ] SELECT * FROM `page` [ RunTime:0.000355s ]
[ sql ] [ SQL ] SHOW COLUMNS FROM `base` [ RunTime:0.000688s ]
[ sql ] [ SQL ] SELECT `src` FROM `base` WHERE  `tai` = 'now' [ RunTime:0.000385s ]
---------------------------------------------------------------
[ 2018-11-07T19:01:49+08:00 ] 119.103.22.43 GET 178.62.72.144:8888/index/other/index?id=2
[运行时间：0.008139s] [吞吐率：122.87req/s] [内存消耗：744.62kb] [文件加载：84]
[ info ] [ LANG ] /home/perci/tp/tp5/thinkphp/lang/zh-cn.php
[ info ] [ ROUTE ] array (
)
[ info ] [ HEADER ] array (
  'host' => '178.62.72.144:8888',
  'connection' => 'keep-alive',
  'upgrade-insecure-requests' => '1',
  'user-agent' => 'Mozilla/5.0 (X11; Linux x86_64) AppleWebKit/537.36 (KHTML, like Gecko) Chrome/69.0.3497.100 Safari/537.36',
  'accept' => 'text/html,application/xhtml+xml,application/xml;q=0.9,image/webp,image/apng,*/*;q=0.8',
  'referer' => 'http://178.62.72.144:8888/index/other/index',
  'accept-encoding' => 'gzip, deflate',
  'accept-language' => 'zh-CN,zh;q=0.9,en;q=0.8',
  'cookie' => 'PHPSESSID=c6vk3eis4pqe2af5vbhlq45lj0',
)
[ info ] [ PARAM ] array (
  'id' => '2',
)
[ info ] [ DB ] INIT mysql
[ info ] [ VIEW ] ../application/index/view/the1/base.html [ array (
  0 => 'distai',
) ]
[ sql ] [ DB ] CONNECT:[ UseTime:0.000569s ] mysql:host=127.0.0.1;dbname=demo;charset=utf8
[ sql ] [ SQL ] SHOW COLUMNS FROM `behaviors` [ RunTime:0.000999s ]
[ sql ] [ SQL ] SELECT * FROM `behaviors` WHERE  `hook_name` = 'Newpage' [ RunTime:0.000492s ]
[ sql ] [ SQL ] SHOW COLUMNS FROM `page` [ RunTime:0.000749s ]
[ sql ] [ SQL ] SELECT * FROM `page` WHERE  `id` = 2 LIMIT 1 [ RunTime:0.000467s ]
[ sql ] [ SQL ] SHOW COLUMNS FROM `base` [ RunTime:0.000705s ]
[ sql ] [ SQL ] SELECT `src` FROM `base` WHERE  `tai` = 'now' [ RunTime:0.000369s ]
