---------------------------------------------------------------
[ 2018-11-08T02:18:49+08:00 ] 68.105.195.211 GET /
[运行时间：0.016888s] [吞吐率：59.21req/s] [内存消耗：731.36kb] [文件加载：83]
[ info ] [ LANG ] /home/perci/tp/tp5/thinkphp/lang/zh-cn.php
[ info ] [ ROUTE ] array (
  'rule' => '',
  'route' => 'index',
  'option' => 
  array (
    'merge_rule_regex' => false,
    'complete_match' => true,
  ),
  'var' => 
  array (
  ),
)
[ info ] [ HEADER ] array (
)
[ info ] [ PARAM ] array (
)
[ info ] [ DB ] INIT mysql
[ info ] [ VIEW ] ../application/index/view/the1/index/index.html [ array (
  0 => 'ka',
  1 => 'extendTest',
  2 => 'blogs',
) ]
[ sql ] [ DB ] CONNECT:[ UseTime:0.002301s ] mysql:host=127.0.0.1;dbname=demo;charset=utf8
[ sql ] [ SQL ] SHOW COLUMNS FROM `blog` [ RunTime:0.003134s ]
[ sql ] [ SQL ] SELECT `id`,`name`,`title`,`publish_time` FROM `blog` WHERE  `publish_time` BETWEEN 1541001600 AND 1543593600  AND `tai` = 'display' ORDER BY `id` DESC [ RunTime:0.001040s ]
[ sql ] [ SQL ] SHOW COLUMNS FROM `base` [ RunTime:0.000806s ]
[ sql ] [ SQL ] SELECT `src` FROM `base` WHERE  `tai` = 'now' [ RunTime:0.000463s ]
[ sql ] [ SQL ] SELECT `src` FROM `base` WHERE  `tai` = 'now' [ RunTime:0.000397s ]
---------------------------------------------------------------
[ 2018-11-08T08:32:33+08:00 ] 221.229.196.207 GET 178.62.72.144:8888/
[运行时间：0.016750s] [吞吐率：59.70req/s] [内存消耗：732.77kb] [文件加载：83]
[ info ] [ LANG ] /home/perci/tp/tp5/thinkphp/lang/zh-cn.php
[ info ] [ ROUTE ] array (
  'rule' => '',
  'route' => 'index',
  'option' => 
  array (
    'merge_rule_regex' => false,
    'complete_match' => true,
  ),
  'var' => 
  array (
  ),
)
[ info ] [ HEADER ] array (
  'user-agent' => 'User-Agent:Mozilla/4.0 (compatible; MSIE 6.0; Windows NT 5.2; .NET CLR 1.0.3705',
  'accept' => '*/*',
  'host' => '178.62.72.144:8888',
  'connection' => 'Keep-Alive',
)
[ info ] [ PARAM ] array (
)
[ info ] [ DB ] INIT mysql
[ info ] [ VIEW ] ../application/index/view/the1/index/index.html [ array (
  0 => 'ka',
  1 => 'extendTest',
  2 => 'blogs',
) ]
[ sql ] [ DB ] CONNECT:[ UseTime:0.002251s ] mysql:host=127.0.0.1;dbname=demo;charset=utf8
[ sql ] [ SQL ] SHOW COLUMNS FROM `blog` [ RunTime:0.003129s ]
[ sql ] [ SQL ] SELECT `id`,`name`,`title`,`publish_time` FROM `blog` WHERE  `publish_time` BETWEEN 1541001600 AND 1543593600  AND `tai` = 'display' ORDER BY `id` DESC [ RunTime:0.001123s ]
[ sql ] [ SQL ] SHOW COLUMNS FROM `base` [ RunTime:0.000788s ]
[ sql ] [ SQL ] SELECT `src` FROM `base` WHERE  `tai` = 'now' [ RunTime:0.000420s ]
[ sql ] [ SQL ] SELECT `src` FROM `base` WHERE  `tai` = 'now' [ RunTime:0.000357s ]
---------------------------------------------------------------
[ 2018-11-08T12:33:44+08:00 ] 119.103.163.213 GET 178.62.72.144:8888/
[运行时间：0.016421s] [吞吐率：60.90req/s] [内存消耗：733.97kb] [文件加载：83]
[ info ] [ LANG ] /home/perci/tp/tp5/thinkphp/lang/zh-cn.php
[ info ] [ ROUTE ] array (
  'rule' => '',
  'route' => 'index',
  'option' => 
  array (
    'merge_rule_regex' => false,
    'complete_match' => true,
  ),
  'var' => 
  array (
  ),
)
[ info ] [ HEADER ] array (
  'host' => '178.62.72.144:8888',
  'connection' => 'keep-alive',
  'purpose' => 'prefetch',
  'upgrade-insecure-requests' => '1',
  'user-agent' => 'Mozilla/5.0 (X11; Linux x86_64) AppleWebKit/537.36 (KHTML, like Gecko) Chrome/69.0.3497.100 Safari/537.36',
  'accept' => 'text/html,application/xhtml+xml,application/xml;q=0.9,image/webp,image/apng,*/*;q=0.8',
  'accept-encoding' => 'gzip, deflate',
  'accept-language' => 'zh-CN,zh;q=0.9,en;q=0.8',
)
[ info ] [ PARAM ] array (
)
[ info ] [ DB ] INIT mysql
[ info ] [ VIEW ] ../application/index/view/the1/index/index.html [ array (
  0 => 'ka',
  1 => 'extendTest',
  2 => 'blogs',
) ]
[ sql ] [ DB ] CONNECT:[ UseTime:0.002137s ] mysql:host=127.0.0.1;dbname=demo;charset=utf8
[ sql ] [ SQL ] SHOW COLUMNS FROM `blog` [ RunTime:0.003148s ]
[ sql ] [ SQL ] SELECT `id`,`name`,`title`,`publish_time` FROM `blog` WHERE  `publish_time` BETWEEN 1541001600 AND 1543593600  AND `tai` = 'display' ORDER BY `id` DESC [ RunTime:0.001043s ]
[ sql ] [ SQL ] SHOW COLUMNS FROM `base` [ RunTime:0.000870s ]
[ sql ] [ SQL ] SELECT `src` FROM `base` WHERE  `tai` = 'now' [ RunTime:0.000415s ]
[ sql ] [ SQL ] SELECT `src` FROM `base` WHERE  `tai` = 'now' [ RunTime:0.000352s ]
---------------------------------------------------------------
[ 2018-11-08T12:33:49+08:00 ] 119.103.163.213 GET 178.62.72.144:8888/index/other/index
[运行时间：0.009723s] [吞吐率：102.85req/s] [内存消耗：745.21kb] [文件加载：84]
[ info ] [ LANG ] /home/perci/tp/tp5/thinkphp/lang/zh-cn.php
[ info ] [ ROUTE ] array (
)
[ info ] [ HEADER ] array (
  'host' => '178.62.72.144:8888',
  'connection' => 'keep-alive',
  'upgrade-insecure-requests' => '1',
  'user-agent' => 'Mozilla/5.0 (X11; Linux x86_64) AppleWebKit/537.36 (KHTML, like Gecko) Chrome/69.0.3497.100 Safari/537.36',
  'accept' => 'text/html,application/xhtml+xml,application/xml;q=0.9,image/webp,image/apng,*/*;q=0.8',
  'referer' => 'http://178.62.72.144:8888/',
  'accept-encoding' => 'gzip, deflate',
  'accept-language' => 'zh-CN,zh;q=0.9,en;q=0.8',
)
[ info ] [ PARAM ] array (
)
[ info ] [ DB ] INIT mysql
[ info ] [ VIEW ] ../application/index/view/the1/other/index.html [ array (
  0 => 'pages',
) ]
[ sql ] [ DB ] CONNECT:[ UseTime:0.000942s ] mysql:host=127.0.0.1;dbname=demo;charset=utf8
[ sql ] [ SQL ] SHOW COLUMNS FROM `behaviors` [ RunTime:0.001233s ]
[ sql ] [ SQL ] SELECT * FROM `behaviors` WHERE  `hook_name` = 'Newpage' [ RunTime:0.000589s ]
[ sql ] [ SQL ] SHOW COLUMNS FROM `page` [ RunTime:0.000764s ]
[ sql ] [ SQL ] SELECT * FROM `page` [ RunTime:0.000396s ]
[ sql ] [ SQL ] SHOW COLUMNS FROM `base` [ RunTime:0.000816s ]
[ sql ] [ SQL ] SELECT `src` FROM `base` WHERE  `tai` = 'now' [ RunTime:0.000368s ]
---------------------------------------------------------------
[ 2018-11-08T15:02:58+08:00 ] 172.105.238.87 GET 178.62.72.144:8888/
[运行时间：0.022220s] [吞吐率：45.00req/s] [内存消耗：732.42kb] [文件加载：83]
[ info ] [ LANG ] /home/perci/tp/tp5/thinkphp/lang/zh-cn.php
[ info ] [ ROUTE ] array (
  'rule' => '',
  'route' => 'index',
  'option' => 
  array (
    'merge_rule_regex' => false,
    'complete_match' => true,
  ),
  'var' => 
  array (
  ),
)
[ info ] [ HEADER ] array (
  'host' => '178.62.72.144:8888',
  'user-agent' => 'HTTP Banner Detection (https://security.ipip.net)',
  'connection' => 'close',
)
[ info ] [ PARAM ] array (
)
[ info ] [ DB ] INIT mysql
[ info ] [ VIEW ] ../application/index/view/the1/index/index.html [ array (
  0 => 'ka',
  1 => 'extendTest',
  2 => 'blogs',
) ]
[ sql ] [ DB ] CONNECT:[ UseTime:0.002528s ] mysql:host=127.0.0.1;dbname=demo;charset=utf8
[ sql ] [ SQL ] SHOW COLUMNS FROM `blog` [ RunTime:0.003940s ]
[ sql ] [ SQL ] SELECT `id`,`name`,`title`,`publish_time` FROM `blog` WHERE  `publish_time` BETWEEN 1541001600 AND 1543593600  AND `tai` = 'display' ORDER BY `id` DESC [ RunTime:0.001497s ]
[ sql ] [ SQL ] SHOW COLUMNS FROM `base` [ RunTime:0.001073s ]
[ sql ] [ SQL ] SELECT `src` FROM `base` WHERE  `tai` = 'now' [ RunTime:0.000581s ]
[ sql ] [ SQL ] SELECT `src` FROM `base` WHERE  `tai` = 'now' [ RunTime:0.000517s ]
---------------------------------------------------------------
[ 2018-11-08T15:47:06+08:00 ] 195.154.61.206 GET 178.62.72.144/
[运行时间：0.018158s] [吞吐率：55.07req/s] [内存消耗：732.91kb] [文件加载：83]
[ info ] [ LANG ] /home/perci/tp/tp5/thinkphp/lang/zh-cn.php
[ info ] [ ROUTE ] array (
  'rule' => '',
  'route' => 'index',
  'option' => 
  array (
    'merge_rule_regex' => false,
    'complete_match' => true,
  ),
  'var' => 
  array (
  ),
)
[ info ] [ HEADER ] array (
  'user-agent' => 'Mozilla/5.0 (X11; Ubuntu; Linux x86_64; rv:58.0) Gecko/20100101 Firefox/58.0',
  'accept' => 'text/html,application/xhtml+xml,application/xml;q=0.9,*/*;q=0.8',
  'accept-language' => 'en-US,en;q=0.5',
  'host' => '178.62.72.144',
)
[ info ] [ PARAM ] array (
)
[ info ] [ DB ] INIT mysql
[ info ] [ VIEW ] ../application/index/view/the1/index/index.html [ array (
  0 => 'ka',
  1 => 'extendTest',
  2 => 'blogs',
) ]
[ sql ] [ DB ] CONNECT:[ UseTime:0.002191s ] mysql:host=127.0.0.1;dbname=demo;charset=utf8
[ sql ] [ SQL ] SHOW COLUMNS FROM `blog` [ RunTime:0.003122s ]
[ sql ] [ SQL ] SELECT `id`,`name`,`title`,`publish_time` FROM `blog` WHERE  `publish_time` BETWEEN 1541001600 AND 1543593600  AND `tai` = 'display' ORDER BY `id` DESC [ RunTime:0.001075s ]
[ sql ] [ SQL ] SHOW COLUMNS FROM `base` [ RunTime:0.000790s ]
[ sql ] [ SQL ] SELECT `src` FROM `base` WHERE  `tai` = 'now' [ RunTime:0.000405s ]
[ sql ] [ SQL ] SELECT `src` FROM `base` WHERE  `tai` = 'now' [ RunTime:0.000425s ]
