---------------------------------------------------------------
[ 2018-11-14T07:16:00+08:00 ] 118.37.46.1 GET 178.62.72.144:8888/manager/html
[运行时间：0.005358s] [吞吐率：186.64req/s] [内存消耗：321.70kb] [文件加载：53]
[ info ] [ LANG ] /home/perci/tp/tp5/thinkphp/lang/zh-cn.php
---------------------------------------------------------------
[ 2018-11-14T09:14:12+08:00 ] 80.82.77.139 GET 178.62.72.144/
[运行时间：0.024602s] [吞吐率：40.65req/s] [内存消耗：732.99kb] [文件加载：83]
[ info ] [ LANG ] /home/perci/tp/tp5/thinkphp/lang/zh-cn.php
[ info ] [ ROUTE ] array (
  'rule' => '',
  'route' => 'index',
  'option' => 
  array (
    'merge_rule_regex' => false,
    'complete_match' => true,
  ),
  'var' => 
  array (
  ),
)
[ info ] [ HEADER ] array (
  'accept-encoding' => 'identity',
  'host' => '178.62.72.144',
  'accept' => 'text/html,application/xhtml+xml,application/xml;q=0.9,*/*;q=0.8',
  'user-agent' => 'Mozilla/5.0 (Windows NT 6.1) AppleWebKit/537.36 (KHTML, like Gecko) Chrome/41.0.2228.0 Safari/537.36',
)
[ info ] [ PARAM ] array (
)
[ info ] [ DB ] INIT mysql
[ info ] [ VIEW ] ../application/index/view/the1/index/index.html [ array (
  0 => 'ka',
  1 => 'extendTest',
  2 => 'blogs',
) ]
[ sql ] [ DB ] CONNECT:[ UseTime:0.002967s ] mysql:host=127.0.0.1;dbname=demo;charset=utf8
[ sql ] [ SQL ] SHOW COLUMNS FROM `blog` [ RunTime:0.004246s ]
[ sql ] [ SQL ] SELECT `id`,`name`,`title`,`publish_time` FROM `blog` WHERE  `publish_time` BETWEEN 1541001600 AND 1543593600  AND `tai` = 'display' ORDER BY `id` DESC [ RunTime:0.001521s ]
[ sql ] [ SQL ] SHOW COLUMNS FROM `base` [ RunTime:0.001239s ]
[ sql ] [ SQL ] SELECT `src` FROM `base` WHERE  `tai` = 'now' [ RunTime:0.000641s ]
[ sql ] [ SQL ] SELECT `src` FROM `base` WHERE  `tai` = 'now' [ RunTime:0.000554s ]
---------------------------------------------------------------
[ 2018-11-14T11:52:54+08:00 ] 209.17.96.194 GET jford.xyz/
[运行时间：0.017170s] [吞吐率：58.24req/s] [内存消耗：732.30kb] [文件加载：83]
[ info ] [ LANG ] /home/perci/tp/tp5/thinkphp/lang/zh-cn.php
[ info ] [ ROUTE ] array (
  'rule' => '',
  'route' => 'index',
  'option' => 
  array (
    'merge_rule_regex' => false,
    'complete_match' => true,
  ),
  'var' => 
  array (
  ),
)
[ info ] [ HEADER ] array (
  'host' => 'jford.xyz',
  'user-agent' => 'Mozilla/5.0 (compatible; Nimbostratus-Bot/v1.3.2; http://cloudsystemnetworks.com)',
)
[ info ] [ PARAM ] array (
)
[ info ] [ DB ] INIT mysql
[ info ] [ VIEW ] ../application/index/view/the1/index/index.html [ array (
  0 => 'ka',
  1 => 'extendTest',
  2 => 'blogs',
) ]
[ sql ] [ DB ] CONNECT:[ UseTime:0.002385s ] mysql:host=127.0.0.1;dbname=demo;charset=utf8
[ sql ] [ SQL ] SHOW COLUMNS FROM `blog` [ RunTime:0.003141s ]
[ sql ] [ SQL ] SELECT `id`,`name`,`title`,`publish_time` FROM `blog` WHERE  `publish_time` BETWEEN 1541001600 AND 1543593600  AND `tai` = 'display' ORDER BY `id` DESC [ RunTime:0.001164s ]
[ sql ] [ SQL ] SHOW COLUMNS FROM `base` [ RunTime:0.000805s ]
[ sql ] [ SQL ] SELECT `src` FROM `base` WHERE  `tai` = 'now' [ RunTime:0.000461s ]
[ sql ] [ SQL ] SELECT `src` FROM `base` WHERE  `tai` = 'now' [ RunTime:0.000353s ]
---------------------------------------------------------------
[ 2018-11-14T14:59:09+08:00 ] 209.17.96.10 GET mail.the-ark.church/
[运行时间：0.016673s] [吞吐率：59.98req/s] [内存消耗：732.34kb] [文件加载：83]
[ info ] [ LANG ] /home/perci/tp/tp5/thinkphp/lang/zh-cn.php
[ info ] [ ROUTE ] array (
  'rule' => '',
  'route' => 'index',
  'option' => 
  array (
    'merge_rule_regex' => false,
    'complete_match' => true,
  ),
  'var' => 
  array (
  ),
)
[ info ] [ HEADER ] array (
  'host' => 'mail.the-ark.church',
  'user-agent' => 'Mozilla/5.0 (compatible; Nimbostratus-Bot/v1.3.2; http://cloudsystemnetworks.com)',
)
[ info ] [ PARAM ] array (
)
[ info ] [ DB ] INIT mysql
[ info ] [ VIEW ] ../application/index/view/the1/index/index.html [ array (
  0 => 'ka',
  1 => 'extendTest',
  2 => 'blogs',
) ]
[ sql ] [ DB ] CONNECT:[ UseTime:0.002380s ] mysql:host=127.0.0.1;dbname=demo;charset=utf8
[ sql ] [ SQL ] SHOW COLUMNS FROM `blog` [ RunTime:0.003062s ]
[ sql ] [ SQL ] SELECT `id`,`name`,`title`,`publish_time` FROM `blog` WHERE  `publish_time` BETWEEN 1541001600 AND 1543593600  AND `tai` = 'display' ORDER BY `id` DESC [ RunTime:0.001033s ]
[ sql ] [ SQL ] SHOW COLUMNS FROM `base` [ RunTime:0.000769s ]
[ sql ] [ SQL ] SELECT `src` FROM `base` WHERE  `tai` = 'now' [ RunTime:0.000429s ]
[ sql ] [ SQL ] SELECT `src` FROM `base` WHERE  `tai` = 'now' [ RunTime:0.000380s ]
---------------------------------------------------------------
[ 2018-11-14T15:55:23+08:00 ] 172.105.238.87 GET 178.62.72.144:8888/
[运行时间：0.017764s] [吞吐率：56.29req/s] [内存消耗：732.42kb] [文件加载：83]
[ info ] [ LANG ] /home/perci/tp/tp5/thinkphp/lang/zh-cn.php
[ info ] [ ROUTE ] array (
  'rule' => '',
  'route' => 'index',
  'option' => 
  array (
    'merge_rule_regex' => false,
    'complete_match' => true,
  ),
  'var' => 
  array (
  ),
)
[ info ] [ HEADER ] array (
  'host' => '178.62.72.144:8888',
  'user-agent' => 'HTTP Banner Detection (https://security.ipip.net)',
  'connection' => 'close',
)
[ info ] [ PARAM ] array (
)
[ info ] [ DB ] INIT mysql
[ info ] [ VIEW ] ../application/index/view/the1/index/index.html [ array (
  0 => 'ka',
  1 => 'extendTest',
  2 => 'blogs',
) ]
[ sql ] [ DB ] CONNECT:[ UseTime:0.002946s ] mysql:host=127.0.0.1;dbname=demo;charset=utf8
[ sql ] [ SQL ] SHOW COLUMNS FROM `blog` [ RunTime:0.003040s ]
[ sql ] [ SQL ] SELECT `id`,`name`,`title`,`publish_time` FROM `blog` WHERE  `publish_time` BETWEEN 1541001600 AND 1543593600  AND `tai` = 'display' ORDER BY `id` DESC [ RunTime:0.001071s ]
[ sql ] [ SQL ] SHOW COLUMNS FROM `base` [ RunTime:0.000827s ]
[ sql ] [ SQL ] SELECT `src` FROM `base` WHERE  `tai` = 'now' [ RunTime:0.000449s ]
[ sql ] [ SQL ] SELECT `src` FROM `base` WHERE  `tai` = 'now' [ RunTime:0.000396s ]
---------------------------------------------------------------
[ 2018-11-14T17:07:14+08:00 ] 113.57.176.179 GET 178.62.72.144:8888/
[运行时间：0.016062s] [吞吐率：62.26req/s] [内存消耗：733.97kb] [文件加载：83]
[ info ] [ LANG ] /home/perci/tp/tp5/thinkphp/lang/zh-cn.php
[ info ] [ ROUTE ] array (
  'rule' => '',
  'route' => 'index',
  'option' => 
  array (
    'merge_rule_regex' => false,
    'complete_match' => true,
  ),
  'var' => 
  array (
  ),
)
[ info ] [ HEADER ] array (
  'host' => '178.62.72.144:8888',
  'connection' => 'keep-alive',
  'purpose' => 'prefetch',
  'upgrade-insecure-requests' => '1',
  'user-agent' => 'Mozilla/5.0 (X11; Linux x86_64) AppleWebKit/537.36 (KHTML, like Gecko) Chrome/69.0.3497.100 Safari/537.36',
  'accept' => 'text/html,application/xhtml+xml,application/xml;q=0.9,image/webp,image/apng,*/*;q=0.8',
  'accept-encoding' => 'gzip, deflate',
  'accept-language' => 'zh-CN,zh;q=0.9,en;q=0.8',
)
[ info ] [ PARAM ] array (
)
[ info ] [ DB ] INIT mysql
[ info ] [ VIEW ] ../application/index/view/the1/index/index.html [ array (
  0 => 'ka',
  1 => 'extendTest',
  2 => 'blogs',
) ]
[ sql ] [ DB ] CONNECT:[ UseTime:0.001995s ] mysql:host=127.0.0.1;dbname=demo;charset=utf8
[ sql ] [ SQL ] SHOW COLUMNS FROM `blog` [ RunTime:0.003040s ]
[ sql ] [ SQL ] SELECT `id`,`name`,`title`,`publish_time` FROM `blog` WHERE  `publish_time` BETWEEN 1541001600 AND 1543593600  AND `tai` = 'display' ORDER BY `id` DESC [ RunTime:0.001117s ]
[ sql ] [ SQL ] SHOW COLUMNS FROM `base` [ RunTime:0.000798s ]
[ sql ] [ SQL ] SELECT `src` FROM `base` WHERE  `tai` = 'now' [ RunTime:0.000402s ]
[ sql ] [ SQL ] SELECT `src` FROM `base` WHERE  `tai` = 'now' [ RunTime:0.000374s ]
---------------------------------------------------------------
[ 2018-11-14T18:23:41+08:00 ] 212.111.43.128 GET /
[运行时间：0.015788s] [吞吐率：63.34req/s] [内存消耗：731.37kb] [文件加载：83]
[ info ] [ LANG ] /home/perci/tp/tp5/thinkphp/lang/zh-cn.php
[ info ] [ ROUTE ] array (
  'rule' => '',
  'route' => 'index',
  'option' => 
  array (
    'merge_rule_regex' => false,
    'complete_match' => true,
  ),
  'var' => 
  array (
  ),
)
[ info ] [ HEADER ] array (
)
[ info ] [ PARAM ] array (
)
[ info ] [ DB ] INIT mysql
[ info ] [ VIEW ] ../application/index/view/the1/index/index.html [ array (
  0 => 'ka',
  1 => 'extendTest',
  2 => 'blogs',
) ]
[ sql ] [ DB ] CONNECT:[ UseTime:0.001409s ] mysql:host=127.0.0.1;dbname=demo;charset=utf8
[ sql ] [ SQL ] SHOW COLUMNS FROM `blog` [ RunTime:0.003064s ]
[ sql ] [ SQL ] SELECT `id`,`name`,`title`,`publish_time` FROM `blog` WHERE  `publish_time` BETWEEN 1541001600 AND 1543593600  AND `tai` = 'display' ORDER BY `id` DESC [ RunTime:0.001040s ]
[ sql ] [ SQL ] SHOW COLUMNS FROM `base` [ RunTime:0.000906s ]
[ sql ] [ SQL ] SELECT `src` FROM `base` WHERE  `tai` = 'now' [ RunTime:0.000420s ]
[ sql ] [ SQL ] SELECT `src` FROM `base` WHERE  `tai` = 'now' [ RunTime:0.000366s ]
---------------------------------------------------------------
[ 2018-11-14T18:23:43+08:00 ] 212.111.43.128 OPTIONS /
[运行时间：0.007904s] [吞吐率：126.52req/s] [内存消耗：731.00kb] [文件加载：83]
[ info ] [ LANG ] /home/perci/tp/tp5/thinkphp/lang/zh-cn.php
[ info ] [ ROUTE ] array (
  'rule' => '',
  'route' => 'index',
  'option' => 
  array (
    'merge_rule_regex' => false,
    'complete_match' => true,
  ),
  'var' => 
  array (
  ),
)
[ info ] [ HEADER ] array (
)
[ info ] [ PARAM ] array (
)
[ info ] [ DB ] INIT mysql
[ info ] [ VIEW ] ../application/index/view/the1/index/index.html [ array (
  0 => 'ka',
  1 => 'extendTest',
  2 => 'blogs',
) ]
[ sql ] [ DB ] CONNECT:[ UseTime:0.000752s ] mysql:host=127.0.0.1;dbname=demo;charset=utf8
[ sql ] [ SQL ] SHOW COLUMNS FROM `blog` [ RunTime:0.001240s ]
[ sql ] [ SQL ] SELECT `id`,`name`,`title`,`publish_time` FROM `blog` WHERE  `publish_time` BETWEEN 1541001600 AND 1543593600  AND `tai` = 'display' ORDER BY `id` DESC [ RunTime:0.000535s ]
[ sql ] [ SQL ] SHOW COLUMNS FROM `base` [ RunTime:0.000790s ]
[ sql ] [ SQL ] SELECT `src` FROM `base` WHERE  `tai` = 'now' [ RunTime:0.000400s ]
[ sql ] [ SQL ] SELECT `src` FROM `base` WHERE  `tai` = 'now' [ RunTime:0.000383s ]
